
> mobile@1.0.0 type-check
> tsc --noEmit

app/(client)/create-order.tsx(77,22): error TS2352: Conversion of type 'import("C:/Users/ZOICHI/Desktop/Modern HandShakeMeApp/mobile/types/api").Category[]' to type 'import("C:/Users/ZOICHI/Desktop/Modern HandShakeMeApp/mobile/services/orderApi").Category[]' may be a mistake because neither type sufficiently overlaps with the other. If this was intentional, convert the expression to 'unknown' first.
  Property 'slug' is missing in type 'import("C:/Users/ZOICHI/Desktop/Modern HandShakeMeApp/mobile/types/api").Category' but required in type 'import("C:/Users/ZOICHI/Desktop/Modern HandShakeMeApp/mobile/services/orderApi").Category'.
app/(client)/masters.tsx(54,34): error TS2345: Argument of type '{ id: number; phone: string; first_name: string; last_name: string; full_name: string; avatar: string | null; is_phone_verified: boolean; last_seen?: string | undefined; created_at: string; }' is not assignable to parameter of type 'Partial<User>'.
  Types of property 'avatar' are incompatible.
    Type 'string | null' is not assignable to type 'string | undefined'.
      Type 'null' is not assignable to type 'string | undefined'.
app/(client)/masters.tsx(55,33): error TS2345: Argument of type '{ id: number; phone: string; first_name: string; last_name: string; full_name: string; avatar: string | null; is_phone_verified: boolean; last_seen?: string | undefined; created_at: string; }' is not assignable to parameter of type 'Partial<User>'.
  Types of property 'avatar' are incompatible.
    Type 'string | null' is not assignable to type 'string | undefined'.
      Type 'null' is not assignable to type 'string | undefined'.
app/(client)/masters.tsx(80,19): error TS2339: Property 'company_name' does not exist on type 'MasterProfile'.
app/(client)/masters.tsx(81,79): error TS2339: Property 'company_name' does not exist on type 'MasterProfile'.
app/(client)/masters.tsx(147,17): error TS2339: Property 'has_transport' does not exist on type 'MasterProfile'.
app/(client)/masters.tsx(155,17): error TS2339: Property 'has_tools' does not exist on type 'MasterProfile'.
app/(client)/notifications.tsx(139,27): error TS2345: Argument of type 'import("C:/Users/ZOICHI/Desktop/Modern HandShakeMeApp/mobile/services/notificationApi").Notification' is not assignable to parameter of type 'Notification'.
  Type 'Notification' is missing the following properties from type 'Notification': badge, body, dir, icon, and 12 more.
app/(client)/notifications.tsx(141,31): error TS2345: Argument of type 'import("C:/Users/ZOICHI/Desktop/Modern HandShakeMeApp/mobile/services/notificationApi").Notification' is not assignable to parameter of type 'Notification'.
  Type 'Notification' is missing the following properties from type 'Notification': badge, body, dir, icon, and 12 more.
app/(client)/notifications.tsx(143,30): error TS2345: Argument of type 'import("C:/Users/ZOICHI/Desktop/Modern HandShakeMeApp/mobile/services/notificationApi").Notification' is not assignable to parameter of type 'Notification'.
  Type 'Notification' is missing the following properties from type 'Notification': badge, body, dir, icon, and 12 more.
app/(client)/notifications.tsx(145,27): error TS2345: Argument of type 'import("C:/Users/ZOICHI/Desktop/Modern HandShakeMeApp/mobile/services/notificationApi").Notification' is not assignable to parameter of type 'Notification'.
  Type 'Notification' is missing the following properties from type 'Notification': badge, body, dir, icon, and 12 more.
app/(client)/notifications.tsx(363,61): error TS2339: Property 'id' does not exist on type 'Notification'.
app/(client)/notifications.tsx(363,65): error TS2740: Type 'Notification' is missing the following properties from type 'Notification': id, user, message, notification_type, and 4 more.
app/(client)/notifications.tsx(374,61): error TS2339: Property 'id' does not exist on type 'Notification'.
app/(client)/notifications.tsx(374,65): error TS2740: Type 'Notification' is missing the following properties from type 'Notification': id, user, message, notification_type, and 4 more.
app/(client)/notifications.tsx(385,61): error TS2339: Property 'id' does not exist on type 'Notification'.
app/(client)/notifications.tsx(385,65): error TS2740: Type 'Notification' is missing the following properties from type 'Notification': id, user, message, notification_type, and 4 more.
app/(client)/orders.tsx(27,20): error TS2339: Property 'results' does not exist on type 'never'.
app/(client)/orders/[id].tsx(80,60): error TS2339: Property '0' does not exist on type 'OrderFile[] | undefined'.
app/(client)/orders/[id].tsx(261,29): error TS7053: Element implicitly has an 'any' type because expression of type 'string | number | symbol' can't be used to index type 'Order'.
  No index signature with a parameter of type 'string' was found on type 'Order'.
app/(client)/orders/[id].tsx(261,53): error TS2304: Cannot find name 'Order'.
app/(master)/orders.tsx(186,57): error TS2339: Property 'name' does not exist on type 'number'.
app/(master)/orders.tsx(215,28): error TS2339: Property 'has_applied' does not exist on type 'Order'.
app/(master)/orders/[id].tsx(71,60): error TS2339: Property '0' does not exist on type 'OrderFile[] | undefined'.
app/(master)/orders/[id].tsx(163,30): error TS2339: Property 'avatar' does not exist on type 'number'.
app/(master)/orders/[id].tsx(164,52): error TS2339: Property 'avatar' does not exist on type 'number'.
app/(master)/orders/[id].tsx(170,76): error TS2339: Property 'name' does not exist on type 'number'.
app/(master)/orders/[id].tsx(173,72): error TS2339: Property 'rating' does not exist on type 'number'.
app/(master)/orders/[id].tsx(173,88): error TS2339: Property 'client_rating' does not exist on type 'Order'.
app/(master)/orders/[id].tsx(175,31): error TS2339: Property 'phone' does not exist on type 'number'.
app/(master)/orders/[id].tsx(175,46): error TS2339: Property 'client_phone' does not exist on type 'Order'.
app/(master)/orders/[id].tsx(176,77): error TS2339: Property 'phone' does not exist on type 'number'.
app/(master)/orders/[id].tsx(176,92): error TS2339: Property 'client_phone' does not exist on type 'Order'.
app/(master)/orders/[id].tsx(289,29): error TS7053: Element implicitly has an 'any' type because expression of type 'string | number | symbol' can't be used to index type 'Order'.
  No index signature with a parameter of type 'string' was found on type 'Order'.
app/(master)/orders/[id].tsx(289,53): error TS2304: Cannot find name 'Order'.
app/(master)/orders/[id].tsx(368,16): error TS2339: Property 'additional_requirements' does not exist on type 'Order'.
app/(master)/orders/[id].tsx(374,52): error TS2339: Property 'additional_requirements' does not exist on type 'Order'.
app/(master)/orders/[id].tsx(379,46): error TS2339: Property 'has_applied' does not exist on type 'Order'.
app/(master)/orders/[id].tsx(393,16): error TS2339: Property 'has_applied' does not exist on type 'Order'.
components/categories/CategoryGrid.tsx(6,8): error TS2613: Module '"C:/Users/ZOICHI/Desktop/Modern HandShakeMeApp/mobile/components/LoadingSpinner"' has no default export. Did you mean to use 'import { LoadingSpinner } from "C:/Users/ZOICHI/Desktop/Modern HandShakeMeApp/mobile/components/LoadingSpinner"' instead?
components/categories/CategoryPicker.tsx(12,8): error TS2613: Module '"C:/Users/ZOICHI/Desktop/Modern HandShakeMeApp/mobile/components/LoadingSpinner"' has no default export. Did you mean to use 'import { LoadingSpinner } from "C:/Users/ZOICHI/Desktop/Modern HandShakeMeApp/mobile/components/LoadingSpinner"' instead?
components/categories/SkillsSelector.tsx(12,8): error TS2613: Module '"C:/Users/ZOICHI/Desktop/Modern HandShakeMeApp/mobile/components/LoadingSpinner"' has no default export. Did you mean to use 'import { LoadingSpinner } from "C:/Users/ZOICHI/Desktop/Modern HandShakeMeApp/mobile/components/LoadingSpinner"' instead?
components/projects/MilestoneQuickView.tsx(6,8): error TS2613: Module '"C:/Users/ZOICHI/Desktop/Modern HandShakeMeApp/mobile/components/LoadingSpinner"' has no default export. Did you mean to use 'import { LoadingSpinner } from "C:/Users/ZOICHI/Desktop/Modern HandShakeMeApp/mobile/components/LoadingSpinner"' instead?
e2e/auth.e2e.ts(1,60): error TS2307: Cannot find module 'detox' or its corresponding type declarations.
e2e/chat.e2e.ts(3,11): error TS2304: Cannot find name 'device'.
e2e/chat.e2e.ts(7,11): error TS2304: Cannot find name 'device'.
e2e/chat.e2e.ts(12,11): error TS2552: Cannot find name 'element'. Did you mean 'Element'?
e2e/chat.e2e.ts(12,19): error TS2304: Cannot find name 'by'.
e2e/chat.e2e.ts(15,11): error TS2552: Cannot find name 'element'. Did you mean 'Element'?
e2e/chat.e2e.ts(15,19): error TS2304: Cannot find name 'by'.
e2e/chat.e2e.ts(18,11): error TS2552: Cannot find name 'element'. Did you mean 'Element'?
e2e/chat.e2e.ts(18,19): error TS2304: Cannot find name 'by'.
e2e/chat.e2e.ts(21,11): error TS2552: Cannot find name 'element'. Did you mean 'Element'?
e2e/chat.e2e.ts(21,19): error TS2304: Cannot find name 'by'.
e2e/chat.e2e.ts(24,18): error TS2304: Cannot find name 'element'.
e2e/chat.e2e.ts(24,26): error TS2304: Cannot find name 'by'.
e2e/chat.e2e.ts(24,53): error TS2339: Property 'toBeVisible' does not exist on type 'JestMatchers<any>'.
e2e/chat.e2e.ts(28,11): error TS2304: Cannot find name 'element'.
e2e/chat.e2e.ts(28,19): error TS2304: Cannot find name 'by'.
e2e/chat.e2e.ts(29,11): error TS2304: Cannot find name 'element'.
e2e/chat.e2e.ts(29,19): error TS2304: Cannot find name 'by'.
e2e/chat.e2e.ts(32,11): error TS2304: Cannot find name 'element'.
e2e/chat.e2e.ts(32,19): error TS2304: Cannot find name 'by'.
e2e/chat.e2e.ts(35,11): error TS2304: Cannot find name 'waitFor'.
e2e/chat.e2e.ts(35,19): error TS2304: Cannot find name 'element'.
e2e/chat.e2e.ts(35,27): error TS2304: Cannot find name 'by'.
e2e/chat.e2e.ts(41,11): error TS2304: Cannot find name 'element'.
e2e/chat.e2e.ts(41,19): error TS2304: Cannot find name 'by'.
e2e/chat.e2e.ts(42,11): error TS2304: Cannot find name 'element'.
e2e/chat.e2e.ts(42,19): error TS2304: Cannot find name 'by'.
e2e/chat.e2e.ts(45,11): error TS2304: Cannot find name 'element'.
e2e/chat.e2e.ts(45,19): error TS2304: Cannot find name 'by'.
e2e/chat.e2e.ts(48,11): error TS2304: Cannot find name 'element'.
e2e/chat.e2e.ts(48,19): error TS2304: Cannot find name 'by'.
e2e/chat.e2e.ts(51,11): error TS2304: Cannot find name 'waitFor'.
e2e/chat.e2e.ts(51,19): error TS2304: Cannot find name 'element'.
e2e/chat.e2e.ts(51,27): error TS2304: Cannot find name 'by'.
e2e/onboarding.e2e.ts(3,11): error TS2304: Cannot find name 'device'.
e2e/onboarding.e2e.ts(7,11): error TS2304: Cannot find name 'device'.
e2e/onboarding.e2e.ts(12,11): error TS2304: Cannot find name 'device'.
e2e/onboarding.e2e.ts(13,11): error TS2304: Cannot find name 'device'.
e2e/onboarding.e2e.ts(16,18): error TS2304: Cannot find name 'element'.
e2e/onboarding.e2e.ts(16,26): error TS2304: Cannot find name 'by'.
e2e/onboarding.e2e.ts(16,55): error TS2339: Property 'toBeVisible' does not exist on type 'JestMatchers<any>'.
e2e/onboarding.e2e.ts(20,11): error TS2304: Cannot find name 'device'.
e2e/onboarding.e2e.ts(21,11): error TS2304: Cannot find name 'device'.
e2e/onboarding.e2e.ts(24,18): error TS2304: Cannot find name 'element'.
e2e/onboarding.e2e.ts(24,26): error TS2304: Cannot find name 'by'.
e2e/onboarding.e2e.ts(24,55): error TS2339: Property 'toBeVisible' does not exist on type 'JestMatchers<any>'.
e2e/onboarding.e2e.ts(27,11): error TS2304: Cannot find name 'element'.
e2e/onboarding.e2e.ts(27,19): error TS2304: Cannot find name 'by'.
e2e/onboarding.e2e.ts(30,18): error TS2304: Cannot find name 'element'.
e2e/onboarding.e2e.ts(30,26): error TS2304: Cannot find name 'by'.
e2e/onboarding.e2e.ts(30,58): error TS2339: Property 'toBeVisible' does not exist on type 'JestMatchers<any>'.
e2e/onboarding.e2e.ts(33,11): error TS2304: Cannot find name 'element'.
e2e/onboarding.e2e.ts(33,19): error TS2304: Cannot find name 'by'.
e2e/onboarding.e2e.ts(36,18): error TS2304: Cannot find name 'element'.
e2e/onboarding.e2e.ts(36,26): error TS2304: Cannot find name 'by'.
e2e/onboarding.e2e.ts(36,57): error TS2339: Property 'toBeVisible' does not exist on type 'JestMatchers<any>'.
e2e/onboarding.e2e.ts(40,11): error TS2304: Cannot find name 'device'.
e2e/onboarding.e2e.ts(41,11): error TS2304: Cannot find name 'device'.
e2e/onboarding.e2e.ts(44,11): error TS2304: Cannot find name 'element'.
e2e/onboarding.e2e.ts(44,19): error TS2304: Cannot find name 'by'.
e2e/onboarding.e2e.ts(47,11): error TS2304: Cannot find name 'waitFor'.
e2e/onboarding.e2e.ts(47,19): error TS2304: Cannot find name 'element'.
e2e/onboarding.e2e.ts(47,27): error TS2304: Cannot find name 'by'.
e2e/onboarding.e2e.ts(53,11): error TS2304: Cannot find name 'device'.
e2e/onboarding.e2e.ts(54,11): error TS2304: Cannot find name 'device'.
e2e/onboarding.e2e.ts(57,11): error TS2304: Cannot find name 'element'.
e2e/onboarding.e2e.ts(57,19): error TS2304: Cannot find name 'by'.
e2e/onboarding.e2e.ts(58,11): error TS2304: Cannot find name 'element'.
e2e/onboarding.e2e.ts(58,19): error TS2304: Cannot find name 'by'.
e2e/onboarding.e2e.ts(59,11): error TS2304: Cannot find name 'element'.
e2e/onboarding.e2e.ts(59,19): error TS2304: Cannot find name 'by'.
e2e/onboarding.e2e.ts(62,11): error TS2304: Cannot find name 'element'.
e2e/onboarding.e2e.ts(62,19): error TS2304: Cannot find name 'by'.
e2e/onboarding.e2e.ts(65,11): error TS2304: Cannot find name 'waitFor'.
e2e/onboarding.e2e.ts(65,19): error TS2304: Cannot find name 'element'.
e2e/onboarding.e2e.ts(65,27): error TS2304: Cannot find name 'by'.
e2e/onboarding.e2e.ts(72,11): error TS2304: Cannot find name 'device'.
e2e/onboarding.e2e.ts(73,11): error TS2304: Cannot find name 'device'.
e2e/onboarding.e2e.ts(74,11): error TS2304: Cannot find name 'element'.
e2e/onboarding.e2e.ts(74,19): error TS2304: Cannot find name 'by'.
e2e/onboarding.e2e.ts(77,11): error TS2304: Cannot find name 'device'.
e2e/onboarding.e2e.ts(80,18): error TS2304: Cannot find name 'element'.
e2e/onboarding.e2e.ts(80,26): error TS2304: Cannot find name 'by'.
e2e/onboarding.e2e.ts(80,47): error TS2339: Property 'toBeVisible' does not exist on type 'JestMatchers<any>'.
e2e/order.e2e.ts(1,60): error TS2307: Cannot find module 'detox' or its corresponding type declarations.
e2e/search-and-filters.e2e.ts(3,11): error TS2304: Cannot find name 'device'.
e2e/search-and-filters.e2e.ts(7,11): error TS2304: Cannot find name 'device'.
e2e/search-and-filters.e2e.ts(12,11): error TS2304: Cannot find name 'element'.
e2e/search-and-filters.e2e.ts(12,19): error TS2304: Cannot find name 'by'.
e2e/search-and-filters.e2e.ts(15,11): error TS2304: Cannot find name 'element'.
e2e/search-and-filters.e2e.ts(15,19): error TS2304: Cannot find name 'by'.
e2e/search-and-filters.e2e.ts(18,11): error TS2304: Cannot find name 'waitFor'.
e2e/search-and-filters.e2e.ts(18,19): error TS2304: Cannot find name 'element'.
e2e/search-and-filters.e2e.ts(18,27): error TS2304: Cannot find name 'by'.
e2e/search-and-filters.e2e.ts(24,11): error TS2304: Cannot find name 'element'.
e2e/search-and-filters.e2e.ts(24,19): error TS2304: Cannot find name 'by'.
e2e/search-and-filters.e2e.ts(27,11): error TS2304: Cannot find name 'element'.
e2e/search-and-filters.e2e.ts(27,19): error TS2304: Cannot find name 'by'.
e2e/search-and-filters.e2e.ts(30,11): error TS2304: Cannot find name 'element'.
e2e/search-and-filters.e2e.ts(30,19): error TS2304: Cannot find name 'by'.
e2e/search-and-filters.e2e.ts(33,11): error TS2304: Cannot find name 'element'.
e2e/search-and-filters.e2e.ts(33,19): error TS2304: Cannot find name 'by'.
e2e/search-and-filters.e2e.ts(36,18): error TS2304: Cannot find name 'element'.
e2e/search-and-filters.e2e.ts(36,26): error TS2304: Cannot find name 'by'.
e2e/search-and-filters.e2e.ts(36,46): error TS2339: Property 'toBeVisible' does not exist on type 'JestMatchers<any>'.
e2e/search-and-filters.e2e.ts(40,11): error TS2304: Cannot find name 'element'.
e2e/search-and-filters.e2e.ts(40,19): error TS2304: Cannot find name 'by'.
e2e/search-and-filters.e2e.ts(43,11): error TS2304: Cannot find name 'element'.
e2e/search-and-filters.e2e.ts(43,19): error TS2304: Cannot find name 'by'.
e2e/search-and-filters.e2e.ts(46,11): error TS2304: Cannot find name 'element'.
e2e/search-and-filters.e2e.ts(46,19): error TS2304: Cannot find name 'by'.
e2e/search-and-filters.e2e.ts(49,18): error TS2304: Cannot find name 'element'.
e2e/search-and-filters.e2e.ts(49,26): error TS2304: Cannot find name 'by'.
e2e/search-and-filters.e2e.ts(49,50): error TS2339: Property 'toHaveText' does not exist on type 'JestMatchers<any>'.
e2e/search-and-filters.e2e.ts(53,11): error TS2304: Cannot find name 'element'.
e2e/search-and-filters.e2e.ts(53,19): error TS2304: Cannot find name 'by'.
e2e/search-and-filters.e2e.ts(56,11): error TS2304: Cannot find name 'element'.
e2e/search-and-filters.e2e.ts(56,19): error TS2304: Cannot find name 'by'.
e2e/search-and-filters.e2e.ts(59,11): error TS2304: Cannot find name 'element'.
e2e/search-and-filters.e2e.ts(59,19): error TS2304: Cannot find name 'by'.
e2e/search-and-filters.e2e.ts(62,11): error TS2304: Cannot find name 'waitFor'.
e2e/search-and-filters.e2e.ts(62,19): error TS2304: Cannot find name 'element'.
e2e/search-and-filters.e2e.ts(62,27): error TS2304: Cannot find name 'by'.
features/calendar/CalendarSettingsScreen.tsx(77,9): error TS2322: Type '{ syncDirection: "BIDIRECTIONAL" | "TO_EXTERNAL" | "FROM_EXTERNAL"; syncFrequency: "REAL_TIME" | "HOURLY" | "DAILY"; syncBookings: boolean; syncAvailability: boolean; syncPersonalEvents: boolean; ... 6 more ...; reminderMinutes: number[]; } | { ...; }' is not assignable to type 'Partial<{ syncDirection: "BIDIRECTIONAL" | "TO_EXTERNAL" | "FROM_EXTERNAL"; syncFrequency: "REAL_TIME" | "HOURLY" | "DAILY"; syncBookings: boolean; syncAvailability: boolean; syncPersonalEvents: boolean; ... 6 more ...; reminderMinutes: number[]; }>'.
  Type '{ syncDirection: string; syncFrequency: string; syncBookings: boolean; syncAvailability: boolean; syncPersonalEvents: boolean; conflictResolution: string; includeClientInfo: boolean; includeLocation: boolean; eventPrefix: string; reminderMinutes: number[]; }' is not assignable to type 'Partial<{ syncDirection: "BIDIRECTIONAL" | "TO_EXTERNAL" | "FROM_EXTERNAL"; syncFrequency: "REAL_TIME" | "HOURLY" | "DAILY"; syncBookings: boolean; syncAvailability: boolean; syncPersonalEvents: boolean; ... 6 more ...; reminderMinutes: number[]; }>'.
    Types of property 'syncDirection' are incompatible.
      Type 'string' is not assignable to type '"BIDIRECTIONAL" | "TO_EXTERNAL" | "FROM_EXTERNAL" | undefined'.
features/categories/CategoriesScreen.tsx(13,8): error TS2613: Module '"C:/Users/ZOICHI/Desktop/Modern HandShakeMeApp/mobile/components/LoadingSpinner"' has no default export. Did you mean to use 'import { LoadingSpinner } from "C:/Users/ZOICHI/Desktop/Modern HandShakeMeApp/mobile/components/LoadingSpinner"' instead?
features/categories/CategoriesScreen.tsx(14,8): error TS2613: Module '"C:/Users/ZOICHI/Desktop/Modern HandShakeMeApp/mobile/components/ErrorMessage"' has no default export. Did you mean to use 'import { ErrorMessage } from "C:/Users/ZOICHI/Desktop/Modern HandShakeMeApp/mobile/components/ErrorMessage"' instead?
features/categories/CategoryDetailScreen.tsx(13,8): error TS2613: Module '"C:/Users/ZOICHI/Desktop/Modern HandShakeMeApp/mobile/components/LoadingSpinner"' has no default export. Did you mean to use 'import { LoadingSpinner } from "C:/Users/ZOICHI/Desktop/Modern HandShakeMeApp/mobile/components/LoadingSpinner"' instead?
features/categories/CategoryDetailScreen.tsx(14,8): error TS2613: Module '"C:/Users/ZOICHI/Desktop/Modern HandShakeMeApp/mobile/components/ErrorMessage"' has no default export. Did you mean to use 'import { ErrorMessage } from "C:/Users/ZOICHI/Desktop/Modern HandShakeMeApp/mobile/components/ErrorMessage"' instead?
features/categories/CategoryDetailScreen.tsx(15,8): error TS2613: Module '"C:/Users/ZOICHI/Desktop/Modern HandShakeMeApp/mobile/components/EmptyState"' has no default export. Did you mean to use 'import { EmptyState } from "C:/Users/ZOICHI/Desktop/Modern HandShakeMeApp/mobile/components/EmptyState"' instead?
features/categories/SkillSelectionScreen.tsx(17,8): error TS2613: Module '"C:/Users/ZOICHI/Desktop/Modern HandShakeMeApp/mobile/components/LoadingSpinner"' has no default export. Did you mean to use 'import { LoadingSpinner } from "C:/Users/ZOICHI/Desktop/Modern HandShakeMeApp/mobile/components/LoadingSpinner"' instead?
features/categories/SkillSelectionScreen.tsx(18,8): error TS2613: Module '"C:/Users/ZOICHI/Desktop/Modern HandShakeMeApp/mobile/components/ErrorMessage"' has no default export. Did you mean to use 'import { ErrorMessage } from "C:/Users/ZOICHI/Desktop/Modern HandShakeMeApp/mobile/components/ErrorMessage"' instead?
features/chat/__tests__/ChatListItem.test.tsx(99,32): error TS2345: Argument of type 'string' is not assignable to parameter of type 'ComponentType<unknown>'.
features/chat/__tests__/ChatListItem.test.tsx(143,9): error TS2322: Type '{ last_message: { message_type: "image"; content: null; id: number; room: number; sender: { id: number; first_name: string; last_name: string; full_name: string; avatar: string | null; role: "client" | "master"; }; ... 19 more ...; read_at?: string; }; ... 11 more ...; updated_at?: string; }' is not assignable to type 'ChatRoom'.
  The types of 'last_message.content' are incompatible between these types.
    Type 'null' is not assignable to type 'string | undefined'.
features/chat/__tests__/ChatListItem.test.tsx(165,9): error TS2322: Type '{ last_message: { message_type: "file"; content: null; id: number; room: number; sender: { id: number; first_name: string; last_name: string; full_name: string; avatar: string | null; role: "client" | "master"; }; ... 19 more ...; read_at?: string; }; ... 11 more ...; updated_at?: string; }' is not assignable to type 'ChatRoom'.
  The types of 'last_message.content' are incompatible between these types.
    Type 'null' is not assignable to type 'string | undefined'.
features/files/FileProcessingScreen.tsx(89,16): error TS2339: Property 'type' does not exist on type 'DocumentPickerResult'.
  Property 'type' does not exist on type 'DocumentPickerSuccessResult'.
features/files/FileProcessingScreen.tsx(91,21): error TS2339: Property 'uri' does not exist on type 'DocumentPickerResult'.
  Property 'uri' does not exist on type 'DocumentPickerSuccessResult'.
features/files/FileProcessingScreen.tsx(92,22): error TS2339: Property 'name' does not exist on type 'DocumentPickerResult'.
  Property 'name' does not exist on type 'DocumentPickerSuccessResult'.
features/files/FileProcessingScreen.tsx(93,22): error TS2339: Property 'mimeType' does not exist on type 'DocumentPickerResult'.
  Property 'mimeType' does not exist on type 'DocumentPickerSuccessResult'.
features/gdpr/screens/ExportDataScreen.tsx(94,37): error TS2339: Property 'documentDirectory' does not exist on type 'typeof import("C:/Users/ZOICHI/Desktop/Modern HandShakeMeApp/mobile/node_modules/expo-file-system/build/index")'.
features/gdpr/screens/ExportDataScreen.tsx(97,30): error TS2339: Property 'EncodingType' does not exist on type 'typeof import("C:/Users/ZOICHI/Desktop/Modern HandShakeMeApp/mobile/node_modules/expo-file-system/build/index")'.
features/instant-booking/BookingSettingsScreen.tsx(311,42): error TS2322: Type '{ size: "small"; color: string; }' is not assignable to type 'IntrinsicAttributes & LoadingSpinnerProps'.
  Property 'color' does not exist on type 'IntrinsicAttributes & LoadingSpinnerProps'.
features/location-tracking/screens/TrackingStatisticsScreen.tsx(274,18): error TS2769: No overload matches this call.
  Overload 1 of 2, '(props: AbstractChartProps & BarChartProps): BarChart', gave the following error.
    Type '{ data: { labels: string[]; datasets: { data: number[]; }[]; }; width: number; height: number; chartConfig: { backgroundColor: string; backgroundGradientFrom: string; backgroundGradientTo: string; decimalPlaces: number; color: (opacity?: number) => string; labelColor: (opacity?: number) => string; style: { ...; }; p...' is missing the following properties from type 'Readonly<AbstractChartProps & BarChartProps>': yAxisLabel, yAxisSuffix
  Overload 2 of 2, '(props: AbstractChartProps & BarChartProps, context: any): BarChart', gave the following error.
    Type '{ data: { labels: string[]; datasets: { data: number[]; }[]; }; width: number; height: number; chartConfig: { backgroundColor: string; backgroundGradientFrom: string; backgroundGradientTo: string; decimalPlaces: number; color: (opacity?: number) => string; labelColor: (opacity?: number) => string; style: { ...; }; p...' is missing the following properties from type 'Readonly<AbstractChartProps & BarChartProps>': yAxisLabel, yAxisSuffix
features/projects/MilestoneEditScreen.tsx(18,8): error TS2613: Module '"C:/Users/ZOICHI/Desktop/Modern HandShakeMeApp/mobile/components/LoadingSpinner"' has no default export. Did you mean to use 'import { LoadingSpinner } from "C:/Users/ZOICHI/Desktop/Modern HandShakeMeApp/mobile/components/LoadingSpinner"' instead?
features/projects/MilestonePaymentScreen.tsx(16,8): error TS2613: Module '"C:/Users/ZOICHI/Desktop/Modern HandShakeMeApp/mobile/components/LoadingSpinner"' has no default export. Did you mean to use 'import { LoadingSpinner } from "C:/Users/ZOICHI/Desktop/Modern HandShakeMeApp/mobile/components/LoadingSpinner"' instead?
features/projects/MilestonePaymentScreen.tsx(17,8): error TS2613: Module '"C:/Users/ZOICHI/Desktop/Modern HandShakeMeApp/mobile/components/ErrorMessage"' has no default export. Did you mean to use 'import { ErrorMessage } from "C:/Users/ZOICHI/Desktop/Modern HandShakeMeApp/mobile/components/ErrorMessage"' instead?
features/projects/MilestonesScreen.tsx(17,8): error TS2613: Module '"C:/Users/ZOICHI/Desktop/Modern HandShakeMeApp/mobile/components/LoadingSpinner"' has no default export. Did you mean to use 'import { LoadingSpinner } from "C:/Users/ZOICHI/Desktop/Modern HandShakeMeApp/mobile/components/LoadingSpinner"' instead?
features/projects/MilestonesScreen.tsx(18,8): error TS2613: Module '"C:/Users/ZOICHI/Desktop/Modern HandShakeMeApp/mobile/components/ErrorMessage"' has no default export. Did you mean to use 'import { ErrorMessage } from "C:/Users/ZOICHI/Desktop/Modern HandShakeMeApp/mobile/components/ErrorMessage"' instead?
features/projects/MilestonesScreen.tsx(19,8): error TS2613: Module '"C:/Users/ZOICHI/Desktop/Modern HandShakeMeApp/mobile/components/EmptyState"' has no default export. Did you mean to use 'import { EmptyState } from "C:/Users/ZOICHI/Desktop/Modern HandShakeMeApp/mobile/components/EmptyState"' instead?
features/projects/MilestonesScreen.tsx(51,37): error TS2345: Argument of type 'number' is not assignable to parameter of type '{ id: number; projectId: number; }'.
features/projects/ProjectMilestonesTab.tsx(6,8): error TS2613: Module '"C:/Users/ZOICHI/Desktop/Modern HandShakeMeApp/mobile/components/LoadingSpinner"' has no default export. Did you mean to use 'import { LoadingSpinner } from "C:/Users/ZOICHI/Desktop/Modern HandShakeMeApp/mobile/components/LoadingSpinner"' instead?
features/reviews/__tests__/RatingDistribution.property.test.tsx(1,21): error TS2307: Cannot find module 'fast-check' or its corresponding type declarations.
features/reviews/__tests__/RatingDistribution.property.test.tsx(28,10): error TS7006: Parameter 'distribution' implicitly has an 'any' type.
features/reviews/__tests__/RatingDistribution.property.test.tsx(86,10): error TS7006: Parameter 'distribution' implicitly has an 'any' type.
features/reviews/__tests__/RatingDistribution.property.test.tsx(128,10): error TS7006: Parameter 'distribution' implicitly has an 'any' type.
features/reviews/__tests__/RatingStars.property.test.tsx(1,21): error TS2307: Cannot find module 'fast-check' or its corresponding type declarations.
features/reviews/__tests__/RatingStars.property.test.tsx(21,34): error TS7006: Parameter 'rating' implicitly has an 'any' type.
features/reviews/__tests__/RatingStars.property.test.tsx(54,10): error TS7006: Parameter 'whole' implicitly has an 'any' type.
features/reviews/__tests__/RatingStars.property.test.tsx(54,17): error TS7006: Parameter 'decimal' implicitly has an 'any' type.
features/reviews/__tests__/RatingStars.property.test.tsx(82,10): error TS7006: Parameter 'initialRating' implicitly has an 'any' type.
hooks/useCategories.ts(102,47): error TS2686: 'React' refers to a UMD global, but the current file is a module. Consider adding an import instead.
index.ts(3,17): error TS1261: Already included file name 'C:/Users/ZOICHI/Desktop/Modern HandShakeMeApp/mobile/App/index.tsx' differs from file name 'C:/Users/ZOICHI/Desktop/Modern HandShakeMeApp/mobile/app/index.tsx' only in casing.
  The file is in the program because:
    Imported via './App' from file 'C:/Users/ZOICHI/Desktop/Modern HandShakeMeApp/mobile/index.ts'
    Matched by include pattern '**/*.tsx' in 'C:/Users/ZOICHI/Desktop/Modern HandShakeMeApp/mobile/tsconfig.json'
services/backgroundJobsApi.ts(53,32): error TS2339: Property 'get' does not exist on type 'Api<BaseQueryFn<string | FetchArgs, unknown, FetchBaseQueryError>, {}, "api", "User" | "Order" | "Application" | "Project" | "MasterProfile" | ... 23 more ... | "Skill", unique symbol | unique symbol>'.
services/backgroundJobsApi.ts(61,32): error TS2339: Property 'get' does not exist on type 'Api<BaseQueryFn<string | FetchArgs, unknown, FetchBaseQueryError>, {}, "api", "User" | "Order" | "Application" | "Project" | "MasterProfile" | ... 23 more ... | "Skill", unique symbol | unique symbol>'.
services/backgroundJobsApi.ts(69,15): error TS2339: Property 'post' does not exist on type 'Api<BaseQueryFn<string | FetchArgs, unknown, FetchBaseQueryError>, {}, "api", "User" | "Order" | "Application" | "Project" | "MasterProfile" | ... 23 more ... | "Skill", unique symbol | unique symbol>'.
services/backgroundJobsApi.ts(76,32): error TS2339: Property 'post' does not exist on type 'Api<BaseQueryFn<string | FetchArgs, unknown, FetchBaseQueryError>, {}, "api", "User" | "Order" | "Application" | "Project" | "MasterProfile" | ... 23 more ... | "Skill", unique symbol | unique symbol>'.
services/backgroundJobsApi.ts(84,32): error TS2339: Property 'post' does not exist on type 'Api<BaseQueryFn<string | FetchArgs, unknown, FetchBaseQueryError>, {}, "api", "User" | "Order" | "Application" | "Project" | "MasterProfile" | ... 23 more ... | "Skill", unique symbol | unique symbol>'.
services/backgroundJobsApi.ts(92,32): error TS2339: Property 'post' does not exist on type 'Api<BaseQueryFn<string | FetchArgs, unknown, FetchBaseQueryError>, {}, "api", "User" | "Order" | "Application" | "Project" | "MasterProfile" | ... 23 more ... | "Skill", unique symbol | unique symbol>'.
services/fileProcessingApi.ts(62,32): error TS2339: Property 'post' does not exist on type 'Api<BaseQueryFn<string | FetchArgs, unknown, FetchBaseQueryError>, {}, "api", "User" | "Order" | "Application" | "Project" | "MasterProfile" | ... 23 more ... | "Skill", unique symbol | unique symbol>'.
services/fileProcessingApi.ts(69,28): error TS7006: Parameter 'progressEvent' implicitly has an 'any' type.
services/fileProcessingApi.ts(90,32): error TS2339: Property 'get' does not exist on type 'Api<BaseQueryFn<string | FetchArgs, unknown, FetchBaseQueryError>, {}, "api", "User" | "Order" | "Application" | "Project" | "MasterProfile" | ... 23 more ... | "Skill", unique symbol | unique symbol>'.
services/fileProcessingApi.ts(100,32): error TS2339: Property 'get' does not exist on type 'Api<BaseQueryFn<string | FetchArgs, unknown, FetchBaseQueryError>, {}, "api", "User" | "Order" | "Application" | "Project" | "MasterProfile" | ... 23 more ... | "Skill", unique symbol | unique symbol>'.
services/fileProcessingApi.ts(113,32): error TS2339: Property 'get' does not exist on type 'Api<BaseQueryFn<string | FetchArgs, unknown, FetchBaseQueryError>, {}, "api", "User" | "Order" | "Application" | "Project" | "MasterProfile" | ... 23 more ... | "Skill", unique symbol | unique symbol>'.
services/fileProcessingApi.ts(123,15): error TS2339: Property 'delete' does not exist on type 'Api<BaseQueryFn<string | FetchArgs, unknown, FetchBaseQueryError>, {}, "api", "User" | "Order" | "Application" | "Project" | "MasterProfile" | ... 23 more ... | "Skill", unique symbol | unique symbol>'.
services/fileProcessingApi.ts(130,32): error TS2339: Property 'get' does not exist on type 'Api<BaseQueryFn<string | FetchArgs, unknown, FetchBaseQueryError>, {}, "api", "User" | "Order" | "Application" | "Project" | "MasterProfile" | ... 23 more ... | "Skill", unique symbol | unique symbol>'.
services/orderApi.ts(2,15): error TS2440: Import declaration conflicts with local declaration of 'Order'.
services/orderApi.ts(2,22): error TS2440: Import declaration conflicts with local declaration of 'Category'.
services/orderApi.ts(2,32): error TS2440: Import declaration conflicts with local declaration of 'Skill'.
services/recommendationsApi.ts(58,32): error TS2339: Property 'get' does not exist on type 'Api<BaseQueryFn<string | FetchArgs, unknown, FetchBaseQueryError>, {}, "api", "User" | "Order" | "Application" | "Project" | "MasterProfile" | ... 23 more ... | "Skill", unique symbol | unique symbol>'.
utils/__tests__/security.test.ts(3,3): error TS2305: Module '"../security"' has no exported member 'isValidEmail'.
utils/__tests__/security.test.ts(4,3): error TS2305: Module '"../security"' has no exported member 'isValidPhone'.
utils/__tests__/security.test.ts(5,3): error TS2305: Module '"../security"' has no exported member 'checkPasswordStrength'.
utils/__tests__/security.test.ts(6,3): error TS2305: Module '"../security"' has no exported member 'maskSensitiveData'.
utils/__tests__/security.test.ts(7,3): error TS2305: Module '"../security"' has no exported member 'isValidFileType'.
utils/__tests__/security.test.ts(8,3): error TS2305: Module '"../security"' has no exported member 'isValidFileSize'.
utils/__tests__/security.test.ts(9,3): error TS2305: Module '"../security"' has no exported member 'isSafeURL'.
utils/__tests__/security.test.ts(10,3): error TS2305: Module '"../security"' has no exported member 'RateLimiter'.
utils/__tests__/security.test.ts(11,3): error TS2305: Module '"../security"' has no exported member 'CSP'.
