TN:
SF:app\_layout.tsx
FN:17,LoadingScreen
FN:25,AppContent
FN:30,(anonymous_2)
FN:32,(anonymous_3)
FN:40,(anonymous_4)
FN:42,(anonymous_5)
FN:60,(anonymous_6)
FN:63,(anonymous_7)
FN:73,(anonymous_8)
FN:106,RootLayout
FNF:10
FNH:0
FNDA:0,LoadingScreen
FNDA:0,AppContent
FNDA:0,(anonymous_2)
FNDA:0,(anonymous_3)
FNDA:0,(anonymous_4)
FNDA:0,(anonymous_5)
FNDA:0,(anonymous_6)
FNDA:0,(anonymous_7)
FNDA:0,(anonymous_8)
FNDA:0,RootLayout
DA:18,0
DA:26,0
DA:27,0
DA:28,0
DA:30,0
DA:32,0
DA:33,0
DA:34,0
DA:37,0
DA:40,0
DA:42,0
DA:43,0
DA:45,0
DA:47,0
DA:48,0
DA:52,0
DA:54,0
DA:59,0
DA:61,0
DA:64,0
DA:70,0
DA:73,0
DA:74,0
DA:78,0
DA:79,0
DA:82,0
DA:83,0
DA:86,0
DA:107,0
LF:29
LH:0
BRDA:45,0,0,0
BRDA:45,0,1,0
BRDA:78,1,0,0
BRDA:78,1,1,0
BRDA:78,2,0,0
BRDA:78,2,1,0
BRDA:82,3,0,0
BRDA:82,3,1,0
BRF:8
BRH:0
end_of_record
TN:
SF:app\index.tsx
FN:8,WelcomePage
FN:9,(anonymous_1)
FN:24,(anonymous_2)
FN:35,(anonymous_3)
FN:37,(anonymous_4)
FN:72,(anonymous_5)
FN:95,(anonymous_6)
FN:115,(anonymous_7)
FN:120,(anonymous_8)
FN:139,(anonymous_9)
FN:255,(anonymous_10)
FNF:11
FNH:0
FNDA:0,WelcomePage
FNDA:0,(anonymous_1)
FNDA:0,(anonymous_2)
FNDA:0,(anonymous_3)
FNDA:0,(anonymous_4)
FNDA:0,(anonymous_5)
FNDA:0,(anonymous_6)
FNDA:0,(anonymous_7)
FNDA:0,(anonymous_8)
FNDA:0,(anonymous_9)
FNDA:0,(anonymous_10)
DA:9,0
DA:12,0
DA:13,0
DA:14,0
DA:15,0
DA:16,0
DA:21,0
DA:22,0
DA:24,0
DA:26,0
DA:27,0
DA:28,0
DA:30,0
DA:35,0
DA:37,0
DA:39,0
DA:47,0
DA:72,0
DA:73,0
DA:83,0
DA:92,0
DA:95,0
DA:96,0
DA:115,0
DA:116,0
DA:120,0
DA:121,0
DA:139,0
DA:140,0
DA:141,0
DA:145,0
DA:146,0
DA:153,0
DA:256,0
LF:34
LH:0
BRDA:26,0,0,0
BRDA:26,0,1,0
BRDA:26,1,0,0
BRDA:26,1,1,0
BRDA:27,2,0,0
BRDA:27,2,1,0
BRDA:27,3,0,0
BRDA:27,3,1,0
BRDA:145,4,0,0
BRDA:145,4,1,0
BRDA:145,5,0,0
BRDA:145,5,1,0
BRF:12
BRH:0
end_of_record
TN:
SF:app\(auth)\_layout.tsx
FN:5,AuthLayout
FN:6,(anonymous_1)
FN:8,(anonymous_2)
FNF:3
FNH:0
FNDA:0,AuthLayout
FNDA:0,(anonymous_1)
FNDA:0,(anonymous_2)
DA:6,0
DA:8,0
DA:9,0
DA:10,0
DA:11,0
DA:13,0
DA:18,0
LF:7
LH:0
BRDA:9,0,0,0
BRDA:9,0,1,0
BRDA:9,1,0,0
BRDA:9,1,1,0
BRDA:10,2,0,0
BRDA:10,2,1,0
BRDA:10,3,0,0
BRDA:10,3,1,0
BRF:8
BRH:0
end_of_record
TN:
SF:app\(auth)\login.tsx
FN:10,LoginPage
FN:25,(anonymous_1)
FN:41,(anonymous_2)
FN:53,(anonymous_3)
FN:65,(anonymous_4)
FN:118,(anonymous_5)
FN:171,(anonymous_6)
FN:205,(anonymous_7)
FNF:8
FNH:0
FNDA:0,LoginPage
FNDA:0,(anonymous_1)
FNDA:0,(anonymous_2)
FNDA:0,(anonymous_3)
FNDA:0,(anonymous_4)
FNDA:0,(anonymous_5)
FNDA:0,(anonymous_6)
FNDA:0,(anonymous_7)
DA:11,0
DA:12,0
DA:15,0
DA:16,0
DA:17,0
DA:18,0
DA:21,0
DA:22,0
DA:23,0
DA:25,0
DA:27,0
DA:28,0
DA:29,0
DA:32,0
DA:34,0
DA:35,0
DA:37,0
DA:38,0
DA:41,0
DA:42,0
DA:43,0
DA:44,0
DA:46,0
DA:47,0
DA:48,0
DA:50,0
DA:53,0
DA:54,0
DA:55,0
DA:56,0
DA:58,0
DA:59,0
DA:60,0
DA:62,0
DA:65,0
DA:66,0
DA:67,0
DA:69,0
DA:70,0
DA:71,0
DA:74,0
DA:76,0
DA:77,0
DA:83,0
DA:86,0
DA:91,0
DA:98,0
DA:99,0
DA:101,0
DA:105,0
DA:106,0
DA:107,0
DA:108,0
DA:109,0
DA:111,0
DA:114,0
DA:118,0
DA:119,0
DA:120,0
DA:121,0
DA:122,0
DA:123,0
DA:125,0
DA:126,0
DA:128,0
DA:132,0
DA:133,0
DA:172,0
DA:173,0
DA:205,0
DA:224,0
LF:71
LH:0
BRDA:28,0,0,0
BRDA:28,0,1,0
BRDA:34,1,0,0
BRDA:34,1,1,0
BRDA:42,2,0,0
BRDA:42,2,1,0
BRDA:42,3,0,0
BRDA:42,3,1,0
BRDA:46,4,0,0
BRDA:46,4,1,0
BRDA:54,5,0,0
BRDA:54,5,1,0
BRDA:58,6,0,0
BRDA:58,6,1,0
BRDA:70,7,0,0
BRDA:70,7,1,0
BRDA:71,8,0,0
BRDA:71,8,1,0
BRDA:83,9,0,0
BRDA:83,9,1,0
BRDA:98,10,0,0
BRDA:98,10,1,0
BRDA:98,11,0,0
BRDA:98,11,1,0
BRDA:106,12,0,0
BRDA:106,12,1,0
BRDA:108,13,0,0
BRDA:108,13,1,0
BRDA:126,14,0,0
BRDA:126,14,1,0
BRDA:132,15,0,0
BRDA:132,15,1,0
BRDA:158,16,0,0
BRDA:158,16,1,0
BRDA:185,17,0,0
BRDA:185,17,1,0
BRDA:187,18,0,0
BRDA:187,18,1,0
BRDA:187,19,0,0
BRDA:187,19,1,0
BRDA:191,20,0,0
BRDA:191,20,1,0
BRDA:191,21,0,0
BRDA:191,21,1,0
BRDA:201,22,0,0
BRDA:201,22,1,0
BRDA:247,23,0,0
BRDA:247,23,1,0
BRDA:275,24,0,0
BRDA:275,24,1,0
BRDA:277,25,0,0
BRDA:277,25,1,0
BRDA:277,26,0,0
BRDA:277,26,1,0
BRDA:282,27,0,0
BRDA:282,27,1,0
BRDA:282,28,0,0
BRDA:282,28,1,0
BRDA:284,29,0,0
BRDA:284,29,1,0
BRDA:284,29,2,0
BRF:61
BRH:0
end_of_record
TN:
SF:app\(auth)\register.tsx
FN:12,RegisterPage
FN:32,(anonymous_1)
FN:56,(anonymous_2)
FN:60,(anonymous_3)
FN:81,(anonymous_4)
FN:94,(anonymous_5)
FN:147,(anonymous_6)
FN:207,(anonymous_7)
FN:245,(anonymous_8)
FN:306,(anonymous_9)
FN:326,(anonymous_10)
FN:358,(anonymous_11)
FN:386,(anonymous_12)
FN:413,(anonymous_13)
FN:432,(anonymous_14)
FNF:15
FNH:0
FNDA:0,RegisterPage
FNDA:0,(anonymous_1)
FNDA:0,(anonymous_2)
FNDA:0,(anonymous_3)
FNDA:0,(anonymous_4)
FNDA:0,(anonymous_5)
FNDA:0,(anonymous_6)
FNDA:0,(anonymous_7)
FNDA:0,(anonymous_8)
FNDA:0,(anonymous_9)
FNDA:0,(anonymous_10)
FNDA:0,(anonymous_11)
FNDA:0,(anonymous_12)
FNDA:0,(anonymous_13)
FNDA:0,(anonymous_14)
DA:13,0
DA:14,0
DA:20,0
DA:21,0
DA:22,0
DA:23,0
DA:24,0
DA:25,0
DA:28,0
DA:29,0
DA:30,0
DA:32,0
DA:33,0
DA:35,0
DA:36,0
DA:37,0
DA:40,0
DA:42,0
DA:43,0
DA:45,0
DA:47,0
DA:50,0
DA:51,0
DA:53,0
DA:56,0
DA:57,0
DA:60,0
DA:61,0
DA:63,0
DA:64,0
DA:65,0
DA:66,0
DA:69,0
DA:70,0
DA:73,0
DA:74,0
DA:77,0
DA:78,0
DA:81,0
DA:82,0
DA:84,0
DA:85,0
DA:86,0
DA:87,0
DA:90,0
DA:91,0
DA:94,0
DA:95,0
DA:96,0
DA:98,0
DA:99,0
DA:100,0
DA:103,0
DA:110,0
DA:111,0
DA:113,0
DA:116,0
DA:121,0
DA:127,0
DA:128,0
DA:130,0
DA:134,0
DA:135,0
DA:136,0
DA:137,0
DA:138,0
DA:140,0
DA:143,0
DA:147,0
DA:148,0
DA:149,0
DA:150,0
DA:151,0
DA:152,0
DA:154,0
DA:155,0
DA:157,0
DA:161,0
DA:162,0
DA:208,0
DA:209,0
DA:210,0
DA:245,0
DA:264,0
DA:306,0
DA:326,0
DA:358,0
DA:386,0
DA:413,0
DA:432,0
LF:90
LH:0
BRDA:33,0,0,0
BRDA:33,0,1,0
BRDA:36,1,0,0
BRDA:36,1,1,0
BRDA:42,2,0,0
BRDA:42,2,1,0
BRDA:50,3,0,0
BRDA:50,3,1,0
BRDA:63,4,0,0
BRDA:63,4,1,0
BRDA:63,5,0,0
BRDA:63,5,1,0
BRDA:65,6,0,0
BRDA:65,6,1,0
BRDA:69,7,0,0
BRDA:69,7,1,0
BRDA:73,8,0,0
BRDA:73,8,1,0
BRDA:84,9,0,0
BRDA:84,9,1,0
BRDA:86,10,0,0
BRDA:86,10,1,0
BRDA:99,11,0,0
BRDA:99,11,1,0
BRDA:100,12,0,0
BRDA:100,12,1,0
BRDA:113,13,0,0
BRDA:113,13,1,0
BRDA:127,14,0,0
BRDA:127,14,1,0
BRDA:135,15,0,0
BRDA:135,15,1,0
BRDA:137,16,0,0
BRDA:137,16,1,0
BRDA:155,17,0,0
BRDA:155,17,1,0
BRDA:161,18,0,0
BRDA:161,18,1,0
BRDA:187,19,0,0
BRDA:187,19,1,0
BRDA:194,20,0,0
BRDA:194,20,1,0
BRDA:222,21,0,0
BRDA:222,21,1,0
BRDA:224,22,0,0
BRDA:224,22,1,0
BRDA:224,23,0,0
BRDA:224,23,1,0
BRDA:229,24,0,0
BRDA:229,24,1,0
BRDA:229,25,0,0
BRDA:229,25,1,0
BRDA:231,26,0,0
BRDA:231,26,1,0
BRDA:231,26,2,0
BRDA:241,27,0,0
BRDA:241,27,1,0
BRDA:292,28,0,0
BRDA:292,28,1,0
BRDA:308,29,0,0
BRDA:308,29,1,0
BRDA:316,30,0,0
BRDA:316,30,1,0
BRDA:319,31,0,0
BRDA:319,31,1,0
BRDA:328,32,0,0
BRDA:328,32,1,0
BRDA:336,33,0,0
BRDA:336,33,1,0
BRDA:339,34,0,0
BRDA:339,34,1,0
BRDA:361,35,0,0
BRDA:361,35,1,0
BRDA:367,36,0,0
BRDA:367,36,1,0
BRDA:388,37,0,0
BRDA:388,37,1,0
BRDA:394,38,0,0
BRDA:394,38,1,0
BRDA:415,39,0,0
BRDA:415,39,1,0
BRDA:421,40,0,0
BRDA:421,40,1,0
BRDA:434,41,0,0
BRDA:434,41,1,0
BRDA:437,42,0,0
BRDA:437,42,1,0
BRDA:449,43,0,0
BRDA:449,43,1,0
BRDA:449,43,2,0
BRDA:451,44,0,0
BRDA:451,44,1,0
BRDA:451,45,0,0
BRDA:451,45,1,0
BRDA:451,45,2,0
BRDA:456,46,0,0
BRDA:456,46,1,0
BRDA:456,47,0,0
BRDA:456,47,1,0
BRDA:458,48,0,0
BRDA:458,48,1,0
BRDA:458,48,2,0
BRF:102
BRH:0
end_of_record
TN:
SF:app\(client)\_layout.tsx
FN:5,ClientLayout
FNF:1
FNH:0
FNDA:0,ClientLayout
DA:6,0
LF:1
LH:0
BRF:0
BRH:0
end_of_record
TN:
SF:app\(client)\create-order.tsx
FN:30,CreateOrderPage
FN:77,(anonymous_1)
FN:89,(anonymous_2)
FN:94,(anonymous_3)
FN:95,(anonymous_4)
FN:98,(anonymous_5)
FN:160,(anonymous_6)
FN:188,(anonymous_7)
FN:198,(anonymous_8)
FN:237,(anonymous_9)
FN:242,(anonymous_10)
FN:244,(anonymous_11)
FN:245,(anonymous_12)
FN:254,(anonymous_13)
FN:268,(anonymous_14)
FN:271,(anonymous_15)
FN:276,(anonymous_16)
FN:306,(anonymous_17)
FN:316,(anonymous_18)
FN:329,(anonymous_19)
FN:333,(anonymous_20)
FN:365,(anonymous_21)
FN:374,(anonymous_22)
FN:386,(anonymous_23)
FN:393,(anonymous_24)
FN:408,(anonymous_25)
FN:415,(anonymous_26)
FN:444,(anonymous_27)
FN:447,(anonymous_28)
FN:467,(anonymous_29)
FN:470,(anonymous_30)
FN:491,(anonymous_31)
FN:516,(anonymous_32)
FN:519,(anonymous_33)
FN:541,(anonymous_34)
FN:555,(anonymous_35)
FN:565,(anonymous_36)
FN:580,(anonymous_37)
FN:590,(anonymous_38)
FNF:39
FNH:0
FNDA:0,CreateOrderPage
FNDA:0,(anonymous_1)
FNDA:0,(anonymous_2)
FNDA:0,(anonymous_3)
FNDA:0,(anonymous_4)
FNDA:0,(anonymous_5)
FNDA:0,(anonymous_6)
FNDA:0,(anonymous_7)
FNDA:0,(anonymous_8)
FNDA:0,(anonymous_9)
FNDA:0,(anonymous_10)
FNDA:0,(anonymous_11)
FNDA:0,(anonymous_12)
FNDA:0,(anonymous_13)
FNDA:0,(anonymous_14)
FNDA:0,(anonymous_15)
FNDA:0,(anonymous_16)
FNDA:0,(anonymous_17)
FNDA:0,(anonymous_18)
FNDA:0,(anonymous_19)
FNDA:0,(anonymous_20)
FNDA:0,(anonymous_21)
FNDA:0,(anonymous_22)
FNDA:0,(anonymous_23)
FNDA:0,(anonymous_24)
FNDA:0,(anonymous_25)
FNDA:0,(anonymous_26)
FNDA:0,(anonymous_27)
FNDA:0,(anonymous_28)
FNDA:0,(anonymous_29)
FNDA:0,(anonymous_30)
FNDA:0,(anonymous_31)
FNDA:0,(anonymous_32)
FNDA:0,(anonymous_33)
FNDA:0,(anonymous_34)
FNDA:0,(anonymous_35)
FNDA:0,(anonymous_36)
FNDA:0,(anonymous_37)
FNDA:0,(anonymous_38)
DA:16,0
DA:23,0
DA:31,0
DA:32,0
DA:33,0
DA:65,0
DA:70,0
DA:74,0
DA:75,0
DA:77,0
DA:78,0
DA:84,0
DA:85,0
DA:86,0
DA:87,0
DA:89,0
DA:90,0
DA:94,0
DA:95,0
DA:98,0
DA:99,0
DA:101,0
DA:102,0
DA:103,0
DA:107,0
DA:138,0
DA:141,0
DA:142,0
DA:143,0
DA:144,0
DA:145,0
DA:151,0
DA:153,0
DA:159,0
DA:160,0
DA:163,0
DA:164,0
DA:171,0
DA:178,0
DA:179,0
DA:182,0
DA:188,0
DA:199,0
DA:239,0
DA:242,0
DA:244,0
DA:254,0
DA:269,0
DA:272,0
DA:273,0
DA:274,0
DA:276,0
DA:279,0
DA:306,0
DA:316,0
DA:330,0
DA:333,0
DA:365,0
DA:374,0
DA:386,0
DA:393,0
DA:408,0
DA:415,0
DA:445,0
DA:447,0
DA:468,0
DA:470,0
DA:491,0
DA:517,0
DA:519,0
DA:541,0
DA:555,0
DA:565,0
DA:580,0
DA:590,0
LF:75
LH:0
BRDA:63,0,0,0
BRDA:68,1,0,0
BRDA:84,2,0,0
BRDA:84,2,1,0
BRDA:84,3,0,0
BRDA:84,3,1,0
BRDA:85,4,0,0
BRDA:85,4,1,0
BRDA:101,5,0,0
BRDA:101,5,1,0
BRDA:101,6,0,0
BRDA:101,6,1,0
BRDA:101,6,2,0
BRDA:109,7,0,0
BRDA:109,7,1,0
BRDA:116,8,0,0
BRDA:116,8,1,0
BRDA:117,9,0,0
BRDA:117,9,1,0
BRDA:119,10,0,0
BRDA:119,10,1,0
BRDA:120,11,0,0
BRDA:120,11,1,0
BRDA:122,12,0,0
BRDA:122,12,1,0
BRDA:129,13,0,0
BRDA:129,13,1,0
BRDA:131,14,0,0
BRDA:131,14,1,0
BRDA:132,15,0,0
BRDA:132,15,1,0
BRDA:141,16,0,0
BRDA:141,16,1,0
BRDA:166,17,0,0
BRDA:166,17,1,0
BRDA:178,18,0,0
BRDA:178,18,1,0
BRDA:202,19,0,0
BRDA:202,19,1,0
BRDA:207,20,0,0
BRDA:207,20,1,0
BRDA:211,21,0,0
BRDA:211,21,1,0
BRDA:216,22,0,0
BRDA:216,22,1,0
BRDA:218,23,0,0
BRDA:218,23,1,0
BRDA:227,24,0,0
BRDA:227,24,1,0
BRDA:252,25,0,0
BRDA:252,25,1,0
BRDA:253,26,0,0
BRDA:253,26,1,0
BRDA:254,27,0,0
BRDA:254,27,1,0
BRDA:264,28,0,0
BRDA:264,28,1,0
BRDA:264,28,2,0
BRDA:273,29,0,0
BRDA:273,29,1,0
BRDA:286,30,0,0
BRDA:286,30,1,0
BRDA:292,31,0,0
BRDA:292,31,1,0
BRDA:340,32,0,0
BRDA:340,32,1,0
BRDA:353,33,0,0
BRDA:353,33,1,0
BRDA:397,34,0,0
BRDA:397,34,1,0
BRDA:399,35,0,0
BRDA:399,35,1,0
BRDA:419,36,0,0
BRDA:419,36,1,0
BRDA:421,37,0,0
BRDA:421,37,1,0
BRDA:431,38,0,0
BRDA:431,38,1,0
BRDA:449,39,0,0
BRDA:449,39,1,0
BRDA:455,40,0,0
BRDA:455,40,1,0
BRDA:472,41,0,0
BRDA:472,41,1,0
BRDA:478,42,0,0
BRDA:478,42,1,0
BRDA:502,43,0,0
BRDA:502,43,1,0
BRDA:521,44,0,0
BRDA:521,44,1,0
BRDA:527,45,0,0
BRDA:527,45,1,0
BRDA:536,46,0,0
BRDA:536,46,1,0
BRDA:549,47,0,0
BRDA:549,47,1,0
BRDA:578,48,0,0
BRDA:578,48,1,0
BRDA:588,49,0,0
BRDA:588,49,1,0
BRDA:591,50,0,0
BRDA:591,50,1,0
BRDA:591,50,2,0
BRDA:591,50,3,0
BRDA:593,51,0,0
BRDA:593,51,1,0
BRDA:593,52,0,0
BRDA:593,52,1,0
BRDA:593,52,2,0
BRDA:593,52,3,0
BRDA:604,53,0,0
BRDA:604,53,1,0
BRDA:609,54,0,0
BRDA:609,54,1,0
BRF:114
BRH:0
end_of_record
TN:
SF:app\(client)\dashboard.tsx
FN:16,ClientDashboardPage
FN:17,(anonymous_1)
FN:59,(anonymous_2)
FN:259,(anonymous_3)
FN:312,(anonymous_4)
FNF:5
FNH:0
FNDA:0,ClientDashboardPage
FNDA:0,(anonymous_1)
FNDA:0,(anonymous_2)
FNDA:0,(anonymous_3)
FNDA:0,(anonymous_4)
DA:17,0
DA:18,0
DA:26,0
DA:33,0
DA:40,0
DA:46,0
DA:52,0
DA:54,0
DA:55,0
DA:56,0
DA:57,0
DA:59,0
DA:60,0
DA:61,0
DA:62,0
DA:70,0
DA:72,0
DA:77,0
DA:78,0
DA:82,0
DA:83,0
DA:92,0
DA:260,0
DA:313,0
LF:24
LH:0
BRDA:29,0,0,0
BRDA:36,1,0,0
BRDA:54,2,0,0
BRDA:54,2,1,0
BRDA:56,3,0,0
BRDA:56,3,1,0
BRDA:57,4,0,0
BRDA:57,4,1,0
BRDA:77,5,0,0
BRDA:77,5,1,0
BRDA:77,6,0,0
BRDA:77,6,1,0
BRDA:82,7,0,0
BRDA:82,7,1,0
BRDA:82,8,0,0
BRDA:82,8,1,0
BRDA:114,9,0,0
BRDA:114,9,1,0
BRDA:135,10,0,0
BRDA:135,10,1,0
BRDA:138,11,0,0
BRDA:138,11,1,0
BRDA:210,12,0,0
BRDA:210,12,1,0
BRDA:242,13,0,0
BRDA:242,13,1,0
BRDA:280,14,0,0
BRDA:280,14,1,0
BRDA:300,15,0,0
BRDA:300,15,1,0
BRF:30
BRH:0
end_of_record
TN:
SF:app\(client)\disputes.tsx
FN:51,ClientDisputesPage
FN:100,(anonymous_1)
FN:104,(anonymous_2)
FN:106,(anonymous_3)
FN:165,(anonymous_4)
FN:207,(anonymous_5)
FN:218,(anonymous_6)
FNF:7
FNH:0
FNDA:0,ClientDisputesPage
FNDA:0,(anonymous_1)
FNDA:0,(anonymous_2)
FNDA:0,(anonymous_3)
FNDA:0,(anonymous_4)
FNDA:0,(anonymous_5)
FNDA:0,(anonymous_6)
DA:30,0
DA:37,0
DA:44,0
DA:52,0
DA:55,0
DA:100,0
DA:101,0
DA:104,0
DA:105,0
DA:106,0
DA:158,0
DA:165,0
DA:207,0
DA:218,0
LF:14
LH:0
BRDA:122,0,0,0
BRDA:122,0,1,0
BRDA:122,1,0,0
BRDA:122,1,1,0
BRDA:149,2,0,0
BRDA:149,2,1,0
BRDA:149,2,2,0
BRDA:197,3,0,0
BRDA:197,3,1,0
BRF:9
BRH:0
end_of_record
TN:
SF:app\(client)\edit-profile.tsx
FN:8,EditClientProfilePage
FN:9,(anonymous_1)
FN:20,(anonymous_2)
FN:29,(anonymous_3)
FN:39,(anonymous_4)
FN:45,(anonymous_5)
FN:46,(anonymous_6)
FN:47,(anonymous_7)
FN:58,(anonymous_8)
FN:102,(anonymous_9)
FN:102,(anonymous_10)
FN:112,(anonymous_11)
FN:112,(anonymous_12)
FN:141,(anonymous_13)
FN:141,(anonymous_14)
FN:151,(anonymous_15)
FN:151,(anonymous_16)
FN:164,(anonymous_17)
FN:164,(anonymous_18)
FN:177,(anonymous_19)
FN:183,(anonymous_20)
FNF:21
FNH:0
FNDA:0,EditClientProfilePage
FNDA:0,(anonymous_1)
FNDA:0,(anonymous_2)
FNDA:0,(anonymous_3)
FNDA:0,(anonymous_4)
FNDA:0,(anonymous_5)
FNDA:0,(anonymous_6)
FNDA:0,(anonymous_7)
FNDA:0,(anonymous_8)
FNDA:0,(anonymous_9)
FNDA:0,(anonymous_10)
FNDA:0,(anonymous_11)
FNDA:0,(anonymous_12)
FNDA:0,(anonymous_13)
FNDA:0,(anonymous_14)
FNDA:0,(anonymous_15)
FNDA:0,(anonymous_16)
FNDA:0,(anonymous_17)
FNDA:0,(anonymous_18)
FNDA:0,(anonymous_19)
FNDA:0,(anonymous_20)
DA:9,0
DA:10,0
DA:11,0
DA:20,0
DA:21,0
DA:22,0
DA:23,0
DA:26,0
DA:27,0
DA:29,0
DA:30,0
DA:31,0
DA:33,0
DA:35,0
DA:39,0
DA:40,0
DA:52,0
DA:58,0
DA:102,0
DA:112,0
DA:141,0
DA:151,0
DA:164,0
DA:178,0
LF:24
LH:0
BRDA:12,0,0,0
BRDA:12,0,1,0
BRDA:13,1,0,0
BRDA:13,1,1,0
BRDA:14,2,0,0
BRDA:14,2,1,0
BRDA:21,3,0,0
BRDA:21,3,1,0
BRDA:21,4,0,0
BRDA:21,4,1,0
BRDA:67,5,0,0
BRDA:67,5,1,0
BRDA:70,6,0,0
BRDA:70,6,1,0
BRDA:82,7,0,0
BRDA:82,7,1,0
BRF:16
BRH:0
end_of_record
TN:
SF:app\(client)\masters.tsx
FN:45,MasterSearchPage
FN:105,(anonymous_1)
FN:108,(anonymous_2)
FN:112,(anonymous_3)
FN:114,(anonymous_4)
FN:116,(anonymous_5)
FN:165,(anonymous_6)
FN:246,(anonymous_7)
FN:281,(anonymous_8)
FN:290,(anonymous_9)
FN:302,(anonymous_10)
FN:307,(anonymous_11)
FN:339,(anonymous_12)
FNF:13
FNH:0
FNDA:0,MasterSearchPage
FNDA:0,(anonymous_1)
FNDA:0,(anonymous_2)
FNDA:0,(anonymous_3)
FNDA:0,(anonymous_4)
FNDA:0,(anonymous_5)
FNDA:0,(anonymous_6)
FNDA:0,(anonymous_7)
FNDA:0,(anonymous_8)
FNDA:0,(anonymous_9)
FNDA:0,(anonymous_10)
FNDA:0,(anonymous_11)
FNDA:0,(anonymous_12)
DA:46,0
DA:47,0
DA:48,0
DA:51,0
DA:100,0
DA:105,0
DA:106,0
DA:108,0
DA:109,0
DA:112,0
DA:114,0
DA:115,0
DA:116,0
DA:166,0
DA:233,0
DA:246,0
DA:281,0
DA:290,0
DA:303,0
DA:307,0
DA:339,0
LF:21
LH:0
BRDA:112,0,0,0
BRDA:112,0,1,0
BRDA:122,1,0,0
BRDA:122,1,1,0
BRDA:128,2,0,0
BRDA:128,2,1,0
BRDA:137,3,0,0
BRDA:137,3,1,0
BRDA:137,4,0,0
BRDA:137,4,1,0
BRDA:137,5,0,0
BRDA:137,5,1,0
BRDA:139,6,0,0
BRDA:139,6,1,0
BRDA:145,7,0,0
BRDA:145,7,1,0
BRDA:148,8,0,0
BRDA:148,8,1,0
BRDA:152,9,0,0
BRDA:152,9,1,0
BRDA:163,10,0,0
BRDA:163,10,1,0
BRDA:163,10,2,0
BRDA:167,11,0,0
BRDA:167,11,1,0
BRDA:169,12,0,0
BRDA:169,12,1,0
BRDA:169,13,0,0
BRDA:169,13,1,0
BRDA:170,14,0,0
BRDA:170,14,1,0
BRDA:176,15,0,0
BRDA:176,15,1,0
BRDA:185,16,0,0
BRDA:185,16,1,0
BRDA:185,16,2,0
BRDA:185,16,3,0
BRDA:198,17,0,0
BRDA:198,17,1,0
BRDA:204,18,0,0
BRDA:204,18,1,0
BRDA:213,19,0,0
BRDA:213,19,1,0
BRDA:221,20,0,0
BRDA:221,20,1,0
BRDA:248,21,0,0
BRDA:248,21,1,0
BRDA:254,22,0,0
BRDA:254,22,1,0
BRDA:256,23,0,0
BRDA:256,23,1,0
BRDA:274,24,0,0
BRDA:274,24,1,0
BRDA:280,25,0,0
BRDA:280,25,1,0
BRDA:289,26,0,0
BRDA:289,26,1,0
BRDA:290,27,0,0
BRDA:290,27,1,0
BRDA:307,28,0,0
BRDA:307,28,1,0
BRDA:324,29,0,0
BRDA:324,29,1,0
BRDA:326,30,0,0
BRDA:326,30,1,0
BRF:65
BRH:0
end_of_record
TN:
SF:app\(client)\notifications.tsx
FN:39,NotificationsPage
FN:87,(anonymous_1)
FN:89,(anonymous_2)
FN:112,(anonymous_3)
FN:114,(anonymous_4)
FN:131,(anonymous_5)
FN:149,(anonymous_6)
FN:151,(anonymous_7)
FN:182,(anonymous_8)
FN:197,(anonymous_9)
FN:209,(anonymous_10)
FN:230,(anonymous_11)
FN:238,(anonymous_12)
FN:265,(anonymous_13)
FN:289,(anonymous_14)
FN:310,(anonymous_15)
FN:322,(anonymous_16)
FN:354,(anonymous_17)
FN:365,(anonymous_18)
FN:376,(anonymous_19)
FNF:20
FNH:0
FNDA:0,NotificationsPage
FNDA:0,(anonymous_1)
FNDA:0,(anonymous_2)
FNDA:0,(anonymous_3)
FNDA:0,(anonymous_4)
FNDA:0,(anonymous_5)
FNDA:0,(anonymous_6)
FNDA:0,(anonymous_7)
FNDA:0,(anonymous_8)
FNDA:0,(anonymous_9)
FNDA:0,(anonymous_10)
FNDA:0,(anonymous_11)
FNDA:0,(anonymous_12)
FNDA:0,(anonymous_13)
FNDA:0,(anonymous_14)
FNDA:0,(anonymous_15)
FNDA:0,(anonymous_16)
FNDA:0,(anonymous_17)
FNDA:0,(anonymous_18)
FNDA:0,(anonymous_19)
DA:17,0
DA:28,0
DA:40,0
DA:41,0
DA:42,0
DA:45,0
DA:75,0
DA:87,0
DA:89,0
DA:90,0
DA:91,0
DA:93,0
DA:95,0
DA:96,0
DA:98,0
DA:100,0
DA:101,0
DA:103,0
DA:105,0
DA:106,0
DA:108,0
DA:112,0
DA:113,0
DA:114,0
DA:117,0
DA:124,0
DA:125,0
DA:126,0
DA:127,0
DA:128,0
DA:129,0
DA:131,0
DA:132,0
DA:133,0
DA:135,0
DA:136,0
DA:137,0
DA:138,0
DA:139,0
DA:140,0
DA:142,0
DA:146,0
DA:149,0
DA:150,0
DA:151,0
DA:182,0
DA:183,0
DA:197,0
DA:209,0
DA:231,0
DA:238,0
DA:249,0
DA:265,0
DA:289,0
DA:310,0
DA:322,0
DA:355,0
DA:366,0
DA:377,0
LF:59
LH:0
BRDA:93,0,0,0
BRDA:93,0,1,0
BRDA:93,0,2,0
BRDA:93,0,3,0
BRDA:95,1,0,0
BRDA:95,1,1,0
BRDA:100,2,0,0
BRDA:100,2,1,0
BRDA:113,3,0,0
BRDA:113,3,1,0
BRDA:135,4,0,0
BRDA:135,4,1,0
BRDA:137,5,0,0
BRDA:137,5,1,0
BRDA:139,6,0,0
BRDA:139,6,1,0
BRDA:152,7,0,0
BRDA:152,7,1,0
BRDA:156,8,0,0
BRDA:156,8,1,0
BRDA:159,9,0,0
BRDA:159,9,1,0
BRDA:165,10,0,0
BRDA:165,10,1,0
BRDA:175,11,0,0
BRDA:175,11,1,0
BRDA:255,12,0,0
BRDA:255,12,1,0
BRDA:255,12,2,0
BRDA:267,13,0,0
BRDA:267,13,1,0
BRDA:272,14,0,0
BRDA:272,14,1,0
BRDA:273,15,0,0
BRDA:273,15,1,0
BRDA:276,16,0,0
BRDA:276,16,1,0
BRDA:278,17,0,0
BRDA:278,17,1,0
BRDA:281,18,0,0
BRDA:281,18,1,0
BRDA:291,19,0,0
BRDA:291,19,1,0
BRDA:296,20,0,0
BRDA:296,20,1,0
BRDA:297,21,0,0
BRDA:297,21,1,0
BRDA:305,22,0,0
BRDA:305,22,1,0
BRDA:312,23,0,0
BRDA:312,23,1,0
BRDA:316,24,0,0
BRDA:316,24,1,0
BRDA:324,25,0,0
BRDA:324,25,1,0
BRDA:328,26,0,0
BRDA:328,26,1,0
BRDA:331,27,0,0
BRDA:331,27,1,0
BRDA:340,28,0,0
BRDA:340,28,1,0
BRDA:350,29,0,0
BRDA:350,29,1,0
BRDA:361,30,0,0
BRDA:361,30,1,0
BRDA:372,31,0,0
BRDA:372,31,1,0
BRF:67
BRH:0
end_of_record
TN:
SF:app\(client)\orders.tsx
FN:12,OrdersPage
FN:23,(anonymous_1)
FN:40,(anonymous_2)
FN:57,(anonymous_3)
FN:62,(anonymous_4)
FN:65,(anonymous_5)
FN:66,(anonymous_6)
FN:67,(anonymous_7)
FN:96,(anonymous_8)
FN:120,(anonymous_9)
FN:133,(anonymous_10)
FN:146,(anonymous_11)
FN:183,(anonymous_12)
FN:187,(anonymous_13)
FN:190,(anonymous_14)
FN:251,(anonymous_15)
FNF:16
FNH:0
FNDA:0,OrdersPage
FNDA:0,(anonymous_1)
FNDA:0,(anonymous_2)
FNDA:0,(anonymous_3)
FNDA:0,(anonymous_4)
FNDA:0,(anonymous_5)
FNDA:0,(anonymous_6)
FNDA:0,(anonymous_7)
FNDA:0,(anonymous_8)
FNDA:0,(anonymous_9)
FNDA:0,(anonymous_10)
FNDA:0,(anonymous_11)
FNDA:0,(anonymous_12)
FNDA:0,(anonymous_13)
FNDA:0,(anonymous_14)
FNDA:0,(anonymous_15)
DA:13,0
DA:14,0
DA:21,0
DA:23,0
DA:24,0
DA:26,0
DA:28,0
DA:30,0
DA:32,0
DA:34,0
DA:36,0
DA:40,0
DA:41,0
DA:43,0
DA:45,0
DA:47,0
DA:49,0
DA:51,0
DA:53,0
DA:57,0
DA:58,0
DA:62,0
DA:64,0
DA:65,0
DA:66,0
DA:67,0
DA:71,0
DA:73,0
DA:74,0
DA:77,0
DA:78,0
DA:87,0
DA:96,0
DA:120,0
DA:133,0
DA:146,0
DA:183,0
DA:188,0
DA:190,0
DA:251,0
LF:40
LH:0
BRDA:17,0,0,0
BRDA:24,1,0,0
BRDA:24,1,1,0
BRDA:24,1,2,0
BRDA:24,1,3,0
BRDA:24,1,4,0
BRDA:24,1,5,0
BRDA:41,2,0,0
BRDA:41,2,1,0
BRDA:41,2,2,0
BRDA:41,2,3,0
BRDA:41,2,4,0
BRDA:41,2,5,0
BRDA:58,3,0,0
BRDA:58,3,1,0
BRDA:73,4,0,0
BRDA:73,4,1,0
BRDA:77,5,0,0
BRDA:77,5,1,0
BRDA:122,6,0,0
BRDA:122,6,1,0
BRDA:126,7,0,0
BRDA:126,7,1,0
BRDA:135,8,0,0
BRDA:135,8,1,0
BRDA:139,9,0,0
BRDA:139,9,1,0
BRDA:148,10,0,0
BRDA:148,10,1,0
BRDA:152,11,0,0
BRDA:152,11,1,0
BRDA:169,12,0,0
BRDA:169,12,1,0
BRDA:172,13,0,0
BRDA:172,13,1,0
BRDA:174,14,0,0
BRDA:174,14,1,0
BRDA:176,15,0,0
BRDA:176,15,1,0
BRDA:178,16,0,0
BRDA:178,16,1,0
BRDA:182,17,0,0
BRDA:182,17,1,0
BRDA:182,18,0,0
BRDA:182,18,1,0
BRDA:183,19,0,0
BRDA:183,19,1,0
BRDA:183,20,0,0
BRDA:183,20,1,0
BRDA:211,21,0,0
BRDA:211,21,1,0
BRDA:211,22,0,0
BRDA:211,22,1,0
BRDA:219,23,0,0
BRDA:219,23,1,0
BRDA:236,24,0,0
BRDA:236,24,1,0
BRDA:236,24,2,0
BRF:58
BRH:0
end_of_record
TN:
SF:app\(client)\profile.tsx
FN:14,ProfilePage
FN:15,(anonymous_1)
FN:26,(anonymous_2)
FN:35,(anonymous_3)
FN:168,(anonymous_4)
FN:202,(anonymous_5)
FN:205,(anonymous_6)
FN:230,(anonymous_7)
FN:233,(anonymous_8)
FNF:9
FNH:0
FNDA:0,ProfilePage
FNDA:0,(anonymous_1)
FNDA:0,(anonymous_2)
FNDA:0,(anonymous_3)
FNDA:0,(anonymous_4)
FNDA:0,(anonymous_5)
FNDA:0,(anonymous_6)
FNDA:0,(anonymous_7)
FNDA:0,(anonymous_8)
DA:15,0
DA:16,0
DA:24,0
DA:26,0
DA:27,0
DA:36,0
DA:37,0
DA:44,0
DA:95,0
DA:129,0
DA:130,0
DA:133,0
DA:134,0
DA:143,0
DA:168,0
DA:203,0
DA:205,0
DA:231,0
DA:233,0
LF:19
LH:0
BRDA:129,0,0,0
BRDA:129,0,1,0
BRDA:133,1,0,0
BRDA:133,1,1,0
BRDA:153,2,0,0
BRDA:153,2,1,0
BRDA:153,2,2,0
BRDA:181,3,0,0
BRDA:181,3,1,0
BRDA:186,4,0,0
BRDA:186,4,1,0
BRDA:191,5,0,0
BRDA:191,5,1,0
BRDA:207,6,0,0
BRDA:207,6,1,0
BRDA:235,7,0,0
BRDA:235,7,1,0
BRDA:243,8,0,0
BRDA:243,8,1,0
BRF:19
BRH:0
end_of_record
TN:
SF:app\(client)\projects.tsx
FN:14,ClientProjectsPage
FN:26,(anonymous_1)
FN:29,(anonymous_2)
FN:33,(anonymous_3)
FN:46,(anonymous_4)
FN:59,(anonymous_5)
FN:61,(anonymous_6)
FN:141,(anonymous_7)
FN:156,(anonymous_8)
FN:169,(anonymous_9)
FN:186,(anonymous_10)
FNF:11
FNH:0
FNDA:0,ClientProjectsPage
FNDA:0,(anonymous_1)
FNDA:0,(anonymous_2)
FNDA:0,(anonymous_3)
FNDA:0,(anonymous_4)
FNDA:0,(anonymous_5)
FNDA:0,(anonymous_6)
FNDA:0,(anonymous_7)
FNDA:0,(anonymous_8)
FNDA:0,(anonymous_9)
FNDA:0,(anonymous_10)
DA:21,0
DA:26,0
DA:27,0
DA:29,0
DA:30,0
DA:33,0
DA:34,0
DA:36,0
DA:38,0
DA:40,0
DA:42,0
DA:46,0
DA:47,0
DA:49,0
DA:51,0
DA:53,0
DA:55,0
DA:59,0
DA:60,0
DA:61,0
DA:121,0
DA:122,0
DA:125,0
DA:126,0
DA:135,0
DA:141,0
DA:156,0
DA:169,0
DA:186,0
LF:29
LH:0
BRDA:17,0,0,0
BRDA:27,1,0,0
BRDA:27,1,1,0
BRDA:34,2,0,0
BRDA:34,2,1,0
BRDA:34,2,2,0
BRDA:34,2,3,0
BRDA:47,3,0,0
BRDA:47,3,1,0
BRDA:47,3,2,0
BRDA:47,3,3,0
BRDA:66,4,0,0
BRDA:66,4,1,0
BRDA:77,5,0,0
BRDA:77,5,1,0
BRDA:86,6,0,0
BRDA:86,6,1,0
BRDA:86,6,2,0
BRDA:95,7,0,0
BRDA:95,7,1,0
BRDA:95,7,2,0
BRDA:104,8,0,0
BRDA:104,8,1,0
BRDA:104,8,2,0
BRDA:121,9,0,0
BRDA:121,9,1,0
BRDA:125,10,0,0
BRDA:125,10,1,0
BRDA:150,11,0,0
BRDA:150,11,1,0
BRDA:163,12,0,0
BRDA:163,12,1,0
BRDA:176,13,0,0
BRDA:176,13,1,0
BRF:34
BRH:0
end_of_record
TN:
SF:app\(client)\reviews.tsx
FN:17,ClientReviewsPage
FN:19,(anonymous_1)
FN:32,(anonymous_2)
FN:59,(anonymous_3)
FN:63,(anonymous_4)
FN:72,(anonymous_5)
FN:85,(anonymous_6)
FN:86,(anonymous_7)
FN:104,(anonymous_8)
FN:123,(anonymous_9)
FN:139,(anonymous_10)
FN:142,(anonymous_11)
FN:173,(anonymous_12)
FNF:13
FNH:0
FNDA:0,ClientReviewsPage
FNDA:0,(anonymous_1)
FNDA:0,(anonymous_2)
FNDA:0,(anonymous_3)
FNDA:0,(anonymous_4)
FNDA:0,(anonymous_5)
FNDA:0,(anonymous_6)
FNDA:0,(anonymous_7)
FNDA:0,(anonymous_8)
FNDA:0,(anonymous_9)
FNDA:0,(anonymous_10)
FNDA:0,(anonymous_11)
FNDA:0,(anonymous_12)
DA:18,0
DA:19,0
DA:21,0
DA:28,0
DA:29,0
DA:30,0
DA:32,0
DA:59,0
DA:60,0
DA:63,0
DA:64,0
DA:73,0
DA:74,0
DA:75,0
DA:77,0
DA:85,0
DA:86,0
DA:87,0
DA:88,0
DA:89,0
DA:91,0
DA:94,0
DA:98,0
DA:104,0
DA:123,0
DA:140,0
DA:142,0
DA:173,0
LF:28
LH:0
BRDA:23,0,0,0
BRDA:23,0,1,0
BRDA:24,1,0,0
BRDA:24,1,1,0
BRDA:25,2,0,0
BRDA:25,2,1,0
BRDA:32,3,0,0
BRDA:32,3,1,0
BRDA:35,4,0,0
BRDA:35,4,1,0
BRDA:38,5,0,0
BRDA:38,5,1,0
BRDA:40,6,0,0
BRDA:40,6,1,0
BRDA:41,7,0,0
BRDA:41,7,1,0
BRDA:41,7,2,0
BRDA:42,8,0,0
BRDA:42,8,1,0
BRDA:45,9,0,0
BRDA:45,9,1,0
BRDA:46,10,0,0
BRDA:46,10,1,0
BRDA:46,10,2,0
BRDA:47,11,0,0
BRDA:47,11,1,0
BRDA:50,12,0,0
BRDA:50,12,1,0
BRDA:53,13,0,0
BRDA:53,13,1,0
BRDA:55,14,0,0
BRDA:55,14,1,0
BRDA:56,15,0,0
BRDA:56,15,1,0
BRDA:88,16,0,0
BRDA:88,16,1,0
BRDA:113,17,0,0
BRDA:113,17,1,0
BRDA:132,18,0,0
BRDA:132,18,1,0
BRDA:132,18,2,0
BRDA:144,19,0,0
BRDA:144,19,1,0
BRDA:148,20,0,0
BRDA:148,20,1,0
BRDA:158,21,0,0
BRDA:158,21,1,0
BRDA:163,22,0,0
BRDA:163,22,1,0
BRF:49
BRH:0
end_of_record
TN:
SF:app\(client)\settings.tsx
FN:7,ClientSettingsPage
FN:19,(anonymous_1)
FN:20,(anonymous_2)
FN:23,(anonymous_3)
FN:32,(anonymous_4)
FN:146,(anonymous_5)
FN:155,(anonymous_6)
FN:163,(anonymous_7)
FN:173,(anonymous_8)
FN:180,(anonymous_9)
FN:219,(anonymous_10)
FN:232,(anonymous_11)
FN:245,(anonymous_12)
FN:258,(anonymous_13)
FNF:14
FNH:0
FNDA:0,ClientSettingsPage
FNDA:0,(anonymous_1)
FNDA:0,(anonymous_2)
FNDA:0,(anonymous_3)
FNDA:0,(anonymous_4)
FNDA:0,(anonymous_5)
FNDA:0,(anonymous_6)
FNDA:0,(anonymous_7)
FNDA:0,(anonymous_8)
FNDA:0,(anonymous_9)
FNDA:0,(anonymous_10)
FNDA:0,(anonymous_11)
FNDA:0,(anonymous_12)
FNDA:0,(anonymous_13)
DA:8,0
DA:19,0
DA:20,0
DA:23,0
DA:24,0
DA:34,0
DA:41,0
DA:140,0
DA:146,0
DA:156,0
DA:164,0
DA:173,0
DA:181,0
DA:182,0
DA:183,0
DA:184,0
DA:185,0
DA:186,0
DA:187,0
DA:188,0
DA:219,0
DA:232,0
DA:245,0
DA:258,0
LF:24
LH:0
BRDA:165,0,0,0
BRDA:165,0,1,0
BRDA:181,1,0,0
BRDA:181,1,1,0
BRDA:183,2,0,0
BRDA:183,2,1,0
BRDA:185,3,0,0
BRDA:185,3,1,0
BRDA:187,4,0,0
BRDA:187,4,1,0
BRDA:201,5,0,0
BRDA:201,5,1,0
BRF:12
BRH:0
end_of_record
TN:
SF:app\(client)\wallet.tsx
FN:16,WalletPage
FN:45,(anonymous_1)
FN:82,(anonymous_2)
FN:97,(anonymous_3)
FN:112,(anonymous_4)
FN:113,(anonymous_5)
FN:150,(anonymous_6)
FN:167,(anonymous_7)
FN:189,(anonymous_8)
FN:202,(anonymous_9)
FN:205,(anonymous_10)
FN:245,(anonymous_11)
FN:248,(anonymous_12)
FN:256,(anonymous_13)
FNF:14
FNH:0
FNDA:0,WalletPage
FNDA:0,(anonymous_1)
FNDA:0,(anonymous_2)
FNDA:0,(anonymous_3)
FNDA:0,(anonymous_4)
FNDA:0,(anonymous_5)
FNDA:0,(anonymous_6)
FNDA:0,(anonymous_7)
FNDA:0,(anonymous_8)
FNDA:0,(anonymous_9)
FNDA:0,(anonymous_10)
FNDA:0,(anonymous_11)
FNDA:0,(anonymous_12)
FNDA:0,(anonymous_13)
DA:17,0
DA:18,0
DA:26,0
DA:33,0
DA:41,0
DA:43,0
DA:45,0
DA:46,0
DA:47,0
DA:48,0
DA:54,0
DA:56,0
DA:60,0
DA:61,0
DA:68,0
DA:69,0
DA:80,0
DA:82,0
DA:84,0
DA:97,0
DA:112,0
DA:113,0
DA:150,0
DA:167,0
DA:189,0
DA:203,0
DA:205,0
DA:246,0
DA:250,0
DA:251,0
DA:256,0
LF:31
LH:0
BRDA:34,0,0,0
BRDA:34,0,1,0
BRDA:43,1,0,0
BRDA:43,1,1,0
BRDA:60,2,0,0
BRDA:60,2,1,0
BRDA:60,3,0,0
BRDA:60,3,1,0
BRDA:68,4,0,0
BRDA:68,4,1,0
BRDA:68,5,0,0
BRDA:68,5,1,0
BRDA:80,6,0,0
BRDA:80,6,1,0
BRDA:107,7,0,0
BRDA:107,7,1,0
BRDA:108,8,0,0
BRDA:108,8,1,0
BRDA:109,9,0,0
BRDA:109,9,1,0
BRDA:110,10,0,0
BRDA:110,10,1,0
BRDA:118,11,0,0
BRDA:118,11,1,0
BRDA:124,12,0,0
BRDA:124,12,1,0
BRDA:130,13,0,0
BRDA:130,13,1,0
BRDA:207,14,0,0
BRDA:207,14,1,0
BRDA:214,15,0,0
BRDA:214,15,1,0
BRDA:225,16,0,0
BRDA:225,16,1,0
BRDA:225,17,0,0
BRDA:225,17,1,0
BRDA:227,18,0,0
BRDA:227,18,1,0
BRDA:232,19,0,0
BRDA:232,19,1,0
BRDA:250,20,0,0
BRDA:250,20,1,0
BRDA:250,21,0,0
BRDA:250,21,1,0
BRF:44
BRH:0
end_of_record
TN:
SF:app\(client)\chat\[id].tsx
FN:38,ChatRoomPage
FN:41,(anonymous_1)
FN:85,(anonymous_2)
FN:86,(anonymous_3)
FN:88,(anonymous_4)
FN:90,(anonymous_5)
FN:92,(anonymous_6)
FN:96,(anonymous_7)
FN:102,(anonymous_8)
FN:105,(anonymous_9)
FN:111,(anonymous_10)
FN:152,(anonymous_11)
FN:176,(anonymous_12)
FN:200,(anonymous_13)
FN:205,(anonymous_14)
FN:210,(anonymous_15)
FN:216,(anonymous_16)
FN:225,(anonymous_17)
FN:259,(anonymous_18)
FN:266,(anonymous_19)
FN:281,(anonymous_20)
FN:336,(anonymous_21)
FN:339,(anonymous_22)
FN:365,(anonymous_23)
FN:367,(anonymous_24)
FN:379,(anonymous_25)
FNF:26
FNH:0
FNDA:0,ChatRoomPage
FNDA:0,(anonymous_1)
FNDA:0,(anonymous_2)
FNDA:0,(anonymous_3)
FNDA:0,(anonymous_4)
FNDA:0,(anonymous_5)
FNDA:0,(anonymous_6)
FNDA:0,(anonymous_7)
FNDA:0,(anonymous_8)
FNDA:0,(anonymous_9)
FNDA:0,(anonymous_10)
FNDA:0,(anonymous_11)
FNDA:0,(anonymous_12)
FNDA:0,(anonymous_13)
FNDA:0,(anonymous_14)
FNDA:0,(anonymous_15)
FNDA:0,(anonymous_16)
FNDA:0,(anonymous_17)
FNDA:0,(anonymous_18)
FNDA:0,(anonymous_19)
FNDA:0,(anonymous_20)
FNDA:0,(anonymous_21)
FNDA:0,(anonymous_22)
FNDA:0,(anonymous_23)
FNDA:0,(anonymous_24)
FNDA:0,(anonymous_25)
DA:39,0
DA:40,0
DA:41,0
DA:43,0
DA:44,0
DA:45,0
DA:46,0
DA:47,0
DA:49,0
DA:56,0
DA:62,0
DA:65,0
DA:66,0
DA:67,0
DA:68,0
DA:69,0
DA:70,0
DA:71,0
DA:81,0
DA:83,0
DA:84,0
DA:86,0
DA:88,0
DA:90,0
DA:92,0
DA:93,0
DA:96,0
DA:97,0
DA:98,0
DA:102,0
DA:104,0
DA:105,0
DA:106,0
DA:111,0
DA:112,0
DA:114,0
DA:116,0
DA:118,0
DA:119,0
DA:123,0
DA:124,0
DA:126,0
DA:127,0
DA:131,0
DA:132,0
DA:133,0
DA:135,0
DA:136,0
DA:143,0
DA:145,0
DA:146,0
DA:147,0
DA:152,0
DA:153,0
DA:154,0
DA:155,0
DA:156,0
DA:162,0
DA:163,0
DA:166,0
DA:167,0
DA:169,0
DA:170,0
DA:172,0
DA:176,0
DA:177,0
DA:178,0
DA:179,0
DA:180,0
DA:186,0
DA:187,0
DA:190,0
DA:191,0
DA:193,0
DA:194,0
DA:196,0
DA:200,0
DA:201,0
DA:202,0
DA:205,0
DA:206,0
DA:207,0
DA:210,0
DA:211,0
DA:212,0
DA:213,0
DA:216,0
DA:217,0
DA:218,0
DA:220,0
DA:221,0
DA:225,0
DA:226,0
DA:227,0
DA:232,0
DA:245,0
DA:246,0
DA:253,0
DA:254,0
DA:259,0
DA:266,0
DA:267,0
DA:268,0
DA:269,0
DA:271,0
DA:281,0
DA:336,0
DA:339,0
DA:365,0
DA:368,0
DA:369,0
DA:379,0
LF:112
LH:0
BRDA:83,0,0,0
BRDA:83,0,1,0
BRDA:93,1,0,0
BRDA:93,1,1,0
BRDA:104,2,0,0
BRDA:104,2,1,0
BRDA:112,3,0,0
BRDA:112,3,1,0
BRDA:112,4,0,0
BRDA:112,4,1,0
BRDA:116,5,0,0
BRDA:116,5,1,0
BRDA:162,6,0,0
BRDA:162,6,1,0
BRDA:186,7,0,0
BRDA:186,7,1,0
BRDA:211,8,0,0
BRDA:211,8,1,0
BRDA:227,9,0,0
BRDA:227,9,1,0
BRDA:227,9,2,0
BRDA:238,10,0,0
BRDA:238,10,1,0
BRDA:239,11,0,0
BRDA:239,11,1,0
BRDA:245,12,0,0
BRDA:245,12,1,0
BRDA:253,13,0,0
BRDA:253,13,1,0
BRDA:267,14,0,0
BRDA:267,14,1,0
BRDA:269,15,0,0
BRDA:269,15,1,0
BRDA:275,16,0,0
BRDA:275,16,1,0
BRDA:276,17,0,0
BRDA:276,17,1,0
BRDA:289,18,0,0
BRDA:289,18,1,0
BRDA:295,19,0,0
BRDA:295,19,1,0
BRDA:304,20,0,0
BRDA:304,20,1,0
BRDA:304,21,0,0
BRDA:304,21,1,0
BRDA:306,22,0,0
BRDA:306,22,1,0
BRDA:310,23,0,0
BRDA:310,23,1,0
BRDA:314,24,0,0
BRDA:314,24,1,0
BRDA:316,25,0,0
BRDA:316,25,1,0
BRDA:325,26,0,0
BRDA:325,26,1,0
BRDA:329,27,0,0
BRDA:329,27,1,0
BRDA:341,28,0,0
BRDA:341,28,1,0
BRDA:347,29,0,0
BRDA:347,29,1,0
BRDA:378,30,0,0
BRDA:378,30,1,0
BRF:63
BRH:0
end_of_record
TN:
SF:app\(client)\chat\index.tsx
FN:12,ChatListPage
FN:25,(anonymous_1)
FN:26,(anonymous_2)
FN:79,(anonymous_3)
FN:83,(anonymous_4)
FN:86,(anonymous_5)
FNF:6
FNH:0
FNDA:0,ChatListPage
FNDA:0,(anonymous_1)
FNDA:0,(anonymous_2)
FNDA:0,(anonymous_3)
FNDA:0,(anonymous_4)
FNDA:0,(anonymous_5)
DA:13,0
DA:21,0
DA:25,0
DA:26,0
DA:27,0
DA:28,0
DA:30,0
DA:31,0
DA:36,0
DA:37,0
DA:44,0
DA:80,0
DA:83,0
DA:86,0
LF:14
LH:0
BRDA:16,0,0,0
BRDA:26,1,0,0
BRDA:26,1,1,0
BRDA:27,2,0,0
BRDA:27,2,1,0
BRDA:27,2,2,0
BRDA:28,3,0,0
BRDA:28,3,1,0
BRDA:28,3,2,0
BRDA:31,4,0,0
BRDA:31,4,1,0
BRDA:31,4,2,0
BRDA:36,5,0,0
BRDA:36,5,1,0
BRDA:69,6,0,0
BRDA:69,6,1,0
BRDA:74,7,0,0
BRDA:74,7,1,0
BRF:18
BRH:0
end_of_record
TN:
SF:app\(client)\disputes\[id].tsx
FN:61,DisputeDetailsPage
FN:112,(anonymous_1)
FN:118,(anonymous_2)
FN:128,(anonymous_3)
FN:139,(anonymous_4)
FN:183,(anonymous_5)
FN:250,(anonymous_6)
FNF:7
FNH:0
FNDA:0,DisputeDetailsPage
FNDA:0,(anonymous_1)
FNDA:0,(anonymous_2)
FNDA:0,(anonymous_3)
FNDA:0,(anonymous_4)
FNDA:0,(anonymous_5)
FNDA:0,(anonymous_6)
DA:40,0
DA:47,0
DA:54,0
DA:62,0
DA:63,0
DA:64,0
DA:67,0
DA:112,0
DA:113,0
DA:115,0
DA:116,0
DA:118,0
DA:119,0
DA:120,0
DA:122,0
DA:124,0
DA:128,0
DA:129,0
DA:131,0
DA:133,0
DA:135,0
DA:139,0
DA:140,0
DA:176,0
DA:183,0
DA:250,0
LF:26
LH:0
BRDA:113,0,0,0
BRDA:113,0,1,0
BRDA:129,1,0,0
BRDA:129,1,1,0
BRDA:129,1,2,0
BRDA:140,2,0,0
BRDA:140,2,1,0
BRDA:142,3,0,0
BRDA:142,3,1,0
BRDA:144,4,0,0
BRDA:144,4,1,0
BRDA:151,5,0,0
BRDA:151,5,1,0
BRDA:151,6,0,0
BRDA:151,6,1,0
BRDA:157,7,0,0
BRDA:157,7,1,0
BRDA:163,8,0,0
BRDA:163,8,1,0
BRDA:168,9,0,0
BRDA:168,9,1,0
BRDA:196,10,0,0
BRDA:196,10,1,0
BRDA:196,11,0,0
BRDA:196,11,1,0
BRDA:235,12,0,0
BRDA:235,12,1,0
BRDA:257,13,0,0
BRDA:257,13,1,0
BRDA:257,13,2,0
BRDA:272,14,0,0
BRDA:272,14,1,0
BRDA:274,15,0,0
BRDA:274,15,1,0
BRDA:274,16,0,0
BRDA:274,16,1,0
BRDA:278,17,0,0
BRDA:278,17,1,0
BRF:38
BRH:0
end_of_record
TN:
SF:app\(client)\disputes\create.tsx
FN:24,CreateDisputePage
FN:50,(anonymous_1)
FN:67,(anonymous_2)
FN:71,(anonymous_3)
FN:80,(anonymous_4)
FN:82,(anonymous_5)
FN:121,(anonymous_6)
FN:154,(anonymous_7)
FN:167,(anonymous_8)
FN:170,(anonymous_9)
FNF:10
FNH:0
FNDA:0,CreateDisputePage
FNDA:0,(anonymous_1)
FNDA:0,(anonymous_2)
FNDA:0,(anonymous_3)
FNDA:0,(anonymous_4)
FNDA:0,(anonymous_5)
FNDA:0,(anonymous_6)
FNDA:0,(anonymous_7)
FNDA:0,(anonymous_8)
FNDA:0,(anonymous_9)
DA:15,0
DA:25,0
DA:26,0
DA:27,0
DA:28,0
DA:29,0
DA:30,0
DA:33,0
DA:50,0
DA:51,0
DA:52,0
DA:53,0
DA:55,0
DA:56,0
DA:57,0
DA:59,0
DA:60,0
DA:61,0
DA:64,0
DA:65,0
DA:67,0
DA:68,0
DA:71,0
DA:74,0
DA:76,0
DA:80,0
DA:81,0
DA:82,0
DA:115,0
DA:121,0
DA:154,0
DA:168,0
DA:171,0
DA:172,0
LF:34
LH:0
BRDA:51,0,0,0
BRDA:51,0,1,0
BRDA:55,1,0,0
BRDA:55,1,1,0
BRDA:55,2,0,0
BRDA:55,2,1,0
BRDA:59,3,0,0
BRDA:59,3,1,0
BRDA:84,4,0,0
BRDA:84,4,1,0
BRDA:91,5,0,0
BRDA:91,5,1,0
BRDA:95,6,0,0
BRDA:95,6,1,0
BRDA:103,7,0,0
BRDA:103,7,1,0
BRDA:106,8,0,0
BRDA:106,8,1,0
BRDA:108,9,0,0
BRDA:108,9,1,0
BRDA:175,10,0,0
BRDA:175,10,1,0
BRDA:182,11,0,0
BRDA:182,11,1,0
BRDA:186,12,0,0
BRDA:186,12,1,0
BRDA:194,13,0,0
BRDA:194,13,1,0
BRDA:250,14,0,0
BRDA:250,14,1,0
BRDA:254,15,0,0
BRDA:254,15,1,0
BRF:32
BRH:0
end_of_record
TN:
SF:app\(client)\masters\[id].tsx
FN:45,MasterDetailPage
FN:98,(anonymous_1)
FN:104,(anonymous_2)
FN:108,(anonymous_3)
FN:109,(anonymous_4)
FN:126,(anonymous_5)
FN:244,(anonymous_6)
FN:247,(anonymous_7)
FN:280,(anonymous_8)
FN:313,(anonymous_9)
FNF:10
FNH:0
FNDA:0,MasterDetailPage
FNDA:0,(anonymous_1)
FNDA:0,(anonymous_2)
FNDA:0,(anonymous_3)
FNDA:0,(anonymous_4)
FNDA:0,(anonymous_5)
FNDA:0,(anonymous_6)
FNDA:0,(anonymous_7)
FNDA:0,(anonymous_8)
FNDA:0,(anonymous_9)
DA:46,0
DA:47,0
DA:50,0
DA:98,0
DA:99,0
DA:100,0
DA:104,0
DA:105,0
DA:108,0
DA:109,0
DA:110,0
DA:119,0
DA:126,0
DA:245,0
DA:247,0
DA:281,0
DA:314,0
LF:17
LH:0
BRDA:99,0,0,0
BRDA:99,0,1,0
BRDA:112,1,0,0
BRDA:112,1,1,0
BRDA:114,2,0,0
BRDA:114,2,1,0
BRDA:140,3,0,0
BRDA:140,3,1,0
BRDA:146,4,0,0
BRDA:146,4,1,0
BRDA:157,5,0,0
BRDA:157,5,1,0
BRDA:168,6,0,0
BRDA:168,6,1,0
BRDA:176,7,0,0
BRDA:176,7,1,0
BRDA:196,8,0,0
BRDA:196,8,1,0
BRDA:204,9,0,0
BRDA:204,9,1,0
BRDA:249,10,0,0
BRDA:249,10,1,0
BRDA:255,11,0,0
BRDA:255,11,1,0
BRDA:268,12,0,0
BRDA:268,12,1,0
BRDA:272,13,0,0
BRDA:272,13,1,0
BRDA:277,14,0,0
BRDA:277,14,1,0
BRDA:279,15,0,0
BRDA:279,15,1,0
BRDA:279,16,0,0
BRDA:279,16,1,0
BRDA:285,17,0,0
BRDA:285,17,1,0
BRDA:288,18,0,0
BRDA:288,18,1,0
BRDA:310,19,0,0
BRDA:310,19,1,0
BRDA:312,20,0,0
BRDA:312,20,1,0
BRDA:312,21,0,0
BRDA:312,21,1,0
BRF:44
BRH:0
end_of_record
TN:
SF:app\(client)\orders\[id].tsx
FN:67,OrderDetailPage
FN:124,(anonymous_1)
FN:133,(anonymous_2)
FN:146,(anonymous_3)
FN:164,(anonymous_4)
FN:207,(anonymous_5)
FN:326,(anonymous_6)
FN:369,(anonymous_7)
FN:388,(anonymous_8)
FN:399,(anonymous_9)
FNF:10
FNH:0
FNDA:0,OrderDetailPage
FNDA:0,(anonymous_1)
FNDA:0,(anonymous_2)
FNDA:0,(anonymous_3)
FNDA:0,(anonymous_4)
FNDA:0,(anonymous_5)
FNDA:0,(anonymous_6)
FNDA:0,(anonymous_7)
FNDA:0,(anonymous_8)
FNDA:0,(anonymous_9)
DA:51,0
DA:59,0
DA:68,0
DA:69,0
DA:72,0
DA:124,0
DA:125,0
DA:134,0
DA:136,0
DA:138,0
DA:146,0
DA:147,0
DA:158,0
DA:164,0
DA:207,0
DA:327,0
DA:328,0
DA:370,0
DA:388,0
DA:399,0
LF:20
LH:0
BRDA:148,0,0,0
BRDA:148,0,1,0
BRDA:175,1,0,0
BRDA:175,1,1,0
BRDA:193,2,0,0
BRDA:193,2,1,0
BRDA:197,3,0,0
BRDA:197,3,1,0
BRDA:205,4,0,0
BRDA:205,4,1,0
BRDA:205,4,2,0
BRDA:259,5,0,0
BRDA:259,5,1,0
BRDA:271,6,0,0
BRDA:271,6,1,0
BRDA:283,7,0,0
BRDA:283,7,1,0
BRDA:297,8,0,0
BRDA:297,8,1,0
BRDA:332,9,0,0
BRDA:332,9,1,0
BRDA:333,10,0,0
BRDA:333,10,1,0
BRDA:341,11,0,0
BRDA:341,11,1,0
BRDA:342,12,0,0
BRDA:342,12,1,0
BRDA:347,13,0,0
BRDA:347,13,1,0
BRDA:348,14,0,0
BRDA:348,14,1,0
BRDA:353,15,0,0
BRDA:353,15,1,0
BRDA:354,16,0,0
BRDA:354,16,1,0
BRDA:362,17,0,0
BRDA:362,17,1,0
BRDA:362,17,2,0
BRDA:379,18,0,0
BRDA:379,18,1,0
BRDA:379,18,2,0
BRDA:396,19,0,0
BRDA:396,19,1,0
BRF:43
BRH:0
end_of_record
TN:
SF:app\(client)\orders\[id]\applications.tsx
FN:24,ApplicationsPage
FN:80,(anonymous_1)
FN:88,(anonymous_2)
FN:92,(anonymous_3)
FN:105,(anonymous_4)
FN:114,(anonymous_5)
FN:118,(anonymous_6)
FN:130,(anonymous_7)
FN:141,(anonymous_8)
FN:149,(anonymous_9)
FN:167,(anonymous_10)
FN:209,(anonymous_11)
FN:216,(anonymous_12)
FN:229,(anonymous_13)
FN:250,(anonymous_14)
FN:271,(anonymous_15)
FN:277,(anonymous_16)
FN:302,(anonymous_17)
FNF:18
FNH:0
FNDA:0,ApplicationsPage
FNDA:0,(anonymous_1)
FNDA:0,(anonymous_2)
FNDA:0,(anonymous_3)
FNDA:0,(anonymous_4)
FNDA:0,(anonymous_5)
FNDA:0,(anonymous_6)
FNDA:0,(anonymous_7)
FNDA:0,(anonymous_8)
FNDA:0,(anonymous_9)
FNDA:0,(anonymous_10)
FNDA:0,(anonymous_11)
FNDA:0,(anonymous_12)
FNDA:0,(anonymous_13)
FNDA:0,(anonymous_14)
FNDA:0,(anonymous_15)
FNDA:0,(anonymous_16)
FNDA:0,(anonymous_17)
DA:25,0
DA:26,0
DA:29,0
DA:80,0
DA:81,0
DA:89,0
DA:90,0
DA:92,0
DA:93,0
DA:95,0
DA:97,0
DA:105,0
DA:106,0
DA:115,0
DA:116,0
DA:118,0
DA:120,0
DA:122,0
DA:130,0
DA:131,0
DA:133,0
DA:135,0
DA:137,0
DA:141,0
DA:142,0
DA:144,0
DA:149,0
DA:167,0
DA:209,0
DA:216,0
DA:229,0
DA:244,0
DA:250,0
DA:271,0
DA:277,0
DA:302,0
LF:36
LH:0
BRDA:131,0,0,0
BRDA:131,0,1,0
BRDA:131,0,2,0
BRDA:153,1,0,0
BRDA:153,1,1,0
BRDA:159,2,0,0
BRDA:159,2,1,0
BRDA:206,3,0,0
BRDA:206,3,1,0
BRDA:221,4,0,0
BRDA:221,4,1,0
BRDA:227,5,0,0
BRDA:227,5,1,0
BRDA:288,6,0,0
BRDA:288,6,1,0
BRF:15
BRH:0
end_of_record
TN:
SF:app\(client)\orders\[id]\edit.tsx
FN:8,EditOrderPage
FN:19,(anonymous_1)
FN:30,(anonymous_2)
FN:34,(anonymous_3)
FN:36,(anonymous_4)
FN:51,(anonymous_5)
FN:65,(anonymous_6)
FN:74,(anonymous_7)
FN:86,(anonymous_8)
FN:96,(anonymous_9)
FN:105,(anonymous_10)
FN:116,(anonymous_11)
FNF:12
FNH:0
FNDA:0,EditOrderPage
FNDA:0,(anonymous_1)
FNDA:0,(anonymous_2)
FNDA:0,(anonymous_3)
FNDA:0,(anonymous_4)
FNDA:0,(anonymous_5)
FNDA:0,(anonymous_6)
FNDA:0,(anonymous_7)
FNDA:0,(anonymous_8)
FNDA:0,(anonymous_9)
FNDA:0,(anonymous_10)
FNDA:0,(anonymous_11)
DA:9,0
DA:10,0
DA:11,0
DA:19,0
DA:21,0
DA:30,0
DA:31,0
DA:32,0
DA:34,0
DA:35,0
DA:36,0
DA:39,0
DA:41,0
DA:45,0
DA:51,0
DA:65,0
DA:74,0
DA:86,0
DA:96,0
DA:105,0
DA:116,0
LF:21
LH:0
BRDA:124,0,0,0
BRDA:124,0,1,0
BRDA:127,1,0,0
BRDA:127,1,1,0
BRF:4
BRH:0
end_of_record
TN:
SF:app\(client)\projects\[id].tsx
FN:64,ProjectDetailPage
FN:135,(anonymous_1)
FN:139,(anonymous_2)
FN:147,(anonymous_3)
FN:151,(anonymous_4)
FN:164,(anonymous_5)
FN:168,(anonymous_6)
FN:177,(anonymous_7)
FN:228,(anonymous_8)
FN:238,(anonymous_9)
FN:242,(anonymous_10)
FN:280,(anonymous_11)
FN:317,(anonymous_12)
FNF:13
FNH:0
FNDA:0,ProjectDetailPage
FNDA:0,(anonymous_1)
FNDA:0,(anonymous_2)
FNDA:0,(anonymous_3)
FNDA:0,(anonymous_4)
FNDA:0,(anonymous_5)
FNDA:0,(anonymous_6)
FNDA:0,(anonymous_7)
FNDA:0,(anonymous_8)
FNDA:0,(anonymous_9)
FNDA:0,(anonymous_10)
FNDA:0,(anonymous_11)
FNDA:0,(anonymous_12)
DA:48,0
DA:56,0
DA:65,0
DA:66,0
DA:69,0
DA:135,0
DA:136,0
DA:139,0
DA:140,0
DA:148,0
DA:149,0
DA:151,0
DA:152,0
DA:154,0
DA:156,0
DA:164,0
DA:165,0
DA:168,0
DA:169,0
DA:171,0
DA:177,0
DA:228,0
DA:238,0
DA:281,0
DA:318,0
LF:25
LH:0
BRDA:213,0,0,0
BRDA:213,0,1,0
BRDA:231,1,0,0
BRDA:231,1,1,0
BRDA:283,2,0,0
BRDA:283,2,1,0
BRDA:285,3,0,0
BRDA:285,3,1,0
BRDA:293,4,0,0
BRDA:293,4,1,0
BRDA:298,5,0,0
BRDA:298,5,1,0
BRDA:310,6,0,0
BRDA:310,6,1,0
BRDA:322,7,0,0
BRDA:322,7,1,0
BRDA:330,8,0,0
BRDA:330,8,1,0
BRDA:333,9,0,0
BRDA:333,9,1,0
BRDA:346,10,0,0
BRDA:346,10,1,0
BRDA:351,11,0,0
BRDA:351,11,1,0
BRDA:355,12,0,0
BRDA:355,12,1,0
BRDA:360,13,0,0
BRDA:360,13,1,0
BRF:28
BRH:0
end_of_record
TN:
SF:app\(client)\projects\[id]\review.tsx
FN:15,CreateReviewPage
FN:38,(anonymous_1)
FN:47,(anonymous_2)
FN:54,(anonymous_3)
FN:65,(anonymous_4)
FN:77,(anonymous_5)
FN:80,(anonymous_6)
FN:111,(anonymous_7)
FN:134,(anonymous_8)
FN:153,(anonymous_9)
FN:153,(anonymous_10)
FN:159,(anonymous_11)
FN:159,(anonymous_12)
FN:165,(anonymous_13)
FN:165,(anonymous_14)
FN:171,(anonymous_15)
FN:171,(anonymous_16)
FN:180,(anonymous_17)
FN:180,(anonymous_18)
FNF:19
FNH:0
FNDA:0,CreateReviewPage
FNDA:0,(anonymous_1)
FNDA:0,(anonymous_2)
FNDA:0,(anonymous_3)
FNDA:0,(anonymous_4)
FNDA:0,(anonymous_5)
FNDA:0,(anonymous_6)
FNDA:0,(anonymous_7)
FNDA:0,(anonymous_8)
FNDA:0,(anonymous_9)
FNDA:0,(anonymous_10)
FNDA:0,(anonymous_11)
FNDA:0,(anonymous_12)
FNDA:0,(anonymous_13)
FNDA:0,(anonymous_14)
FNDA:0,(anonymous_15)
FNDA:0,(anonymous_16)
FNDA:0,(anonymous_17)
FNDA:0,(anonymous_18)
DA:16,0
DA:17,0
DA:18,0
DA:27,0
DA:38,0
DA:39,0
DA:40,0
DA:41,0
DA:44,0
DA:45,0
DA:47,0
DA:48,0
DA:54,0
DA:59,0
DA:61,0
DA:65,0
DA:74,0
DA:78,0
DA:80,0
DA:98,0
DA:105,0
DA:111,0
DA:135,0
DA:153,0
DA:159,0
DA:165,0
DA:171,0
DA:180,0
LF:28
LH:0
BRDA:39,0,0,0
BRDA:39,0,1,0
BRDA:84,1,0,0
BRDA:84,1,1,0
BRDA:86,2,0,0
BRDA:86,2,1,0
BRDA:137,3,0,0
BRDA:137,3,1,0
BRDA:194,4,0,0
BRDA:194,4,1,0
BRDA:198,5,0,0
BRDA:198,5,1,0
BRF:12
BRH:0
end_of_record
TN:
SF:app\(client)\settings\about.tsx
FN:7,AboutPage
FN:11,(anonymous_1)
FN:15,(anonymous_2)
FN:29,(anonymous_3)
FN:63,(anonymous_4)
FN:89,(anonymous_5)
FN:97,(anonymous_6)
FN:120,(anonymous_7)
FN:128,(anonymous_8)
FNF:9
FNH:0
FNDA:0,AboutPage
FNDA:0,(anonymous_1)
FNDA:0,(anonymous_2)
FNDA:0,(anonymous_3)
FNDA:0,(anonymous_4)
FNDA:0,(anonymous_5)
FNDA:0,(anonymous_6)
FNDA:0,(anonymous_7)
FNDA:0,(anonymous_8)
DA:8,0
DA:9,0
DA:11,0
DA:12,0
DA:15,0
DA:17,0
DA:20,0
DA:23,0
DA:29,0
DA:64,0
DA:89,0
DA:97,0
DA:120,0
DA:128,0
LF:14
LH:0
BRDA:17,0,0,0
BRDA:17,0,1,0
BRF:2
BRH:0
end_of_record
TN:
SF:app\(client)\settings\language.tsx
FN:14,LanguageSettingsPage
FN:23,(anonymous_1)
FN:35,(anonymous_2)
FN:46,(anonymous_3)
FN:49,(anonymous_4)
FNF:5
FNH:0
FNDA:0,LanguageSettingsPage
FNDA:0,(anonymous_1)
FNDA:0,(anonymous_2)
FNDA:0,(anonymous_3)
FNDA:0,(anonymous_4)
DA:15,0
DA:17,0
DA:23,0
DA:24,0
DA:29,0
DA:35,0
DA:47,0
DA:49,0
LF:8
LH:0
BRDA:51,0,0,0
BRDA:51,0,1,0
BRDA:62,1,0,0
BRDA:62,1,1,0
BRF:4
BRH:0
end_of_record
TN:
SF:app\(client)\settings\security.tsx
FN:7,SecuritySettingsPage
FN:15,(anonymous_1)
FN:16,(anonymous_2)
FN:19,(anonymous_3)
FN:25,(anonymous_4)
FN:33,(anonymous_5)
FN:39,(anonymous_6)
FN:53,(anonymous_7)
FN:78,(anonymous_8)
FN:94,(anonymous_9)
FN:129,(anonymous_10)
FN:145,(anonymous_11)
FNF:12
FNH:0
FNDA:0,SecuritySettingsPage
FNDA:0,(anonymous_1)
FNDA:0,(anonymous_2)
FNDA:0,(anonymous_3)
FNDA:0,(anonymous_4)
FNDA:0,(anonymous_5)
FNDA:0,(anonymous_6)
FNDA:0,(anonymous_7)
FNDA:0,(anonymous_8)
FNDA:0,(anonymous_9)
FNDA:0,(anonymous_10)
FNDA:0,(anonymous_11)
DA:8,0
DA:15,0
DA:16,0
DA:19,0
DA:20,0
DA:27,0
DA:33,0
DA:34,0
DA:41,0
DA:47,0
DA:53,0
DA:78,0
DA:94,0
DA:129,0
DA:145,0
LF:15
LH:0
BRF:0
BRH:0
end_of_record
TN:
SF:app\(client)\settings\support.tsx
FN:7,SupportPage
FN:19,(anonymous_1)
FN:23,(anonymous_2)
FN:32,(anonymous_3)
FN:36,(anonymous_4)
FN:46,(anonymous_5)
FN:56,(anonymous_6)
FN:66,(anonymous_7)
FN:129,(anonymous_8)
FN:146,(anonymous_9)
FN:149,(anonymous_10)
FNF:11
FNH:0
FNDA:0,SupportPage
FNDA:0,(anonymous_1)
FNDA:0,(anonymous_2)
FNDA:0,(anonymous_3)
FNDA:0,(anonymous_4)
FNDA:0,(anonymous_5)
FNDA:0,(anonymous_6)
FNDA:0,(anonymous_7)
FNDA:0,(anonymous_8)
FNDA:0,(anonymous_9)
FNDA:0,(anonymous_10)
DA:8,0
DA:9,0
DA:11,0
DA:19,0
DA:20,0
DA:21,0
DA:23,0
DA:24,0
DA:25,0
DA:27,0
DA:32,0
DA:33,0
DA:34,0
DA:36,0
DA:37,0
DA:38,0
DA:41,0
DA:46,0
DA:47,0
DA:48,0
DA:49,0
DA:53,0
DA:56,0
DA:60,0
DA:66,0
DA:130,0
DA:147,0
DA:149,0
LF:28
LH:0
BRDA:24,0,0,0
BRDA:24,0,1,0
BRDA:37,1,0,0
BRDA:37,1,1,0
BRDA:47,2,0,0
BRDA:47,2,1,0
BRDA:47,3,0,0
BRDA:47,3,1,0
BRDA:151,4,0,0
BRDA:151,4,1,0
BRDA:159,5,0,0
BRDA:159,5,1,0
BRDA:162,6,0,0
BRDA:162,6,1,0
BRF:14
BRH:0
end_of_record
TN:
SF:app\(client)\wallet\deposit.tsx
FN:33,DepositPage
FN:38,(anonymous_1)
FN:42,(anonymous_2)
FN:43,(anonymous_3)
FN:50,(anonymous_4)
FN:56,(anonymous_5)
FN:70,(anonymous_6)
FN:75,(anonymous_7)
FN:90,(anonymous_8)
FN:115,(anonymous_9)
FN:118,(anonymous_10)
FN:140,(anonymous_11)
FN:143,(anonymous_12)
FNF:13
FNH:0
FNDA:0,DepositPage
FNDA:0,(anonymous_1)
FNDA:0,(anonymous_2)
FNDA:0,(anonymous_3)
FNDA:0,(anonymous_4)
FNDA:0,(anonymous_5)
FNDA:0,(anonymous_6)
FNDA:0,(anonymous_7)
FNDA:0,(anonymous_8)
FNDA:0,(anonymous_9)
FNDA:0,(anonymous_10)
FNDA:0,(anonymous_11)
FNDA:0,(anonymous_12)
DA:7,0
DA:9,0
DA:34,0
DA:35,0
DA:36,0
DA:38,0
DA:39,0
DA:42,0
DA:43,0
DA:44,0
DA:46,0
DA:47,0
DA:50,0
DA:51,0
DA:52,0
DA:53,0
DA:56,0
DA:57,0
DA:58,0
DA:59,0
DA:62,0
DA:63,0
DA:64,0
DA:67,0
DA:68,0
DA:70,0
DA:72,0
DA:75,0
DA:78,0
DA:80,0
DA:84,0
DA:90,0
DA:116,0
DA:118,0
DA:141,0
DA:143,0
LF:36
LH:0
BRDA:44,0,0,0
BRDA:44,0,1,0
BRDA:44,1,0,0
BRDA:44,1,1,0
BRDA:51,2,0,0
BRDA:51,2,1,0
BRDA:57,3,0,0
BRDA:57,3,1,0
BRDA:57,4,0,0
BRDA:57,4,1,0
BRDA:62,5,0,0
BRDA:62,5,1,0
BRDA:120,6,0,0
BRDA:120,6,1,0
BRDA:126,7,0,0
BRDA:126,7,1,0
BRDA:145,8,0,0
BRDA:145,8,1,0
BRDA:152,9,0,0
BRDA:152,9,1,0
BRDA:157,10,0,0
BRDA:157,10,1,0
BRDA:162,11,0,0
BRDA:162,11,1,0
BRDA:170,12,0,0
BRDA:170,12,1,0
BRDA:172,13,0,0
BRDA:172,13,1,0
BRDA:182,14,0,0
BRDA:182,14,1,0
BRDA:182,14,2,0
BRDA:192,15,0,0
BRDA:192,15,1,0
BRDA:228,16,0,0
BRDA:228,16,1,0
BRDA:228,16,2,0
BRDA:230,17,0,0
BRDA:230,17,1,0
BRDA:230,18,0,0
BRDA:230,18,1,0
BRDA:230,18,2,0
BRDA:236,19,0,0
BRDA:236,19,1,0
BRF:43
BRH:0
end_of_record
TN:
SF:app\(client)\wallet\history.tsx
FN:20,ClientWalletHistoryPage
FN:83,(anonymous_1)
FN:109,(anonymous_2)
FN:124,(anonymous_3)
FN:137,(anonymous_4)
FN:143,(anonymous_5)
FN:188,(anonymous_6)
FN:206,(anonymous_7)
FN:207,(anonymous_8)
FN:215,(anonymous_9)
FN:216,(anonymous_10)
FN:233,(anonymous_11)
FN:236,(anonymous_12)
FN:263,(anonymous_13)
FN:266,(anonymous_14)
FN:299,(anonymous_15)
FNF:16
FNH:0
FNDA:0,ClientWalletHistoryPage
FNDA:0,(anonymous_1)
FNDA:0,(anonymous_2)
FNDA:0,(anonymous_3)
FNDA:0,(anonymous_4)
FNDA:0,(anonymous_5)
FNDA:0,(anonymous_6)
FNDA:0,(anonymous_7)
FNDA:0,(anonymous_8)
FNDA:0,(anonymous_9)
FNDA:0,(anonymous_10)
FNDA:0,(anonymous_11)
FNDA:0,(anonymous_12)
FNDA:0,(anonymous_13)
FNDA:0,(anonymous_14)
FNDA:0,(anonymous_15)
DA:21,0
DA:22,0
DA:25,0
DA:83,0
DA:84,0
DA:86,0
DA:87,0
DA:88,0
DA:89,0
DA:91,0
DA:93,0
DA:94,0
DA:96,0
DA:97,0
DA:98,0
DA:100,0
DA:101,0
DA:102,0
DA:106,0
DA:109,0
DA:110,0
DA:112,0
DA:114,0
DA:116,0
DA:118,0
DA:120,0
DA:124,0
DA:125,0
DA:127,0
DA:129,0
DA:131,0
DA:133,0
DA:137,0
DA:138,0
DA:139,0
DA:141,0
DA:144,0
DA:145,0
DA:182,0
DA:188,0
DA:206,0
DA:207,0
DA:215,0
DA:216,0
DA:234,0
DA:236,0
DA:264,0
DA:266,0
DA:299,0
LF:49
LH:0
BRDA:84,0,0,0
BRDA:84,0,1,0
BRDA:87,1,0,0
BRDA:87,1,1,0
BRDA:91,2,0,0
BRDA:91,2,1,0
BRDA:91,2,2,0
BRDA:106,3,0,0
BRDA:106,3,1,0
BRDA:110,4,0,0
BRDA:110,4,1,0
BRDA:110,4,2,0
BRDA:110,4,3,0
BRDA:110,4,4,0
BRDA:125,5,0,0
BRDA:125,5,1,0
BRDA:125,5,2,0
BRDA:125,5,3,0
BRDA:144,6,0,0
BRDA:144,6,1,0
BRDA:159,7,0,0
BRDA:159,7,1,0
BRDA:173,8,0,0
BRDA:173,8,1,0
BRDA:206,9,0,0
BRDA:206,9,1,0
BRDA:215,10,0,0
BRDA:215,10,1,0
BRDA:238,11,0,0
BRDA:238,11,1,0
BRDA:244,12,0,0
BRDA:244,12,1,0
BRDA:268,13,0,0
BRDA:268,13,1,0
BRDA:274,14,0,0
BRDA:274,14,1,0
BRDA:285,15,0,0
BRDA:285,15,1,0
BRF:38
BRH:0
end_of_record
TN:
SF:app\(client)\wallet\withdraw.tsx
FN:37,WithdrawPage
FN:46,(anonymous_1)
FN:48,(anonymous_2)
FN:54,(anonymous_3)
FN:60,(anonymous_4)
FN:86,(anonymous_5)
FN:91,(anonymous_6)
FN:100,(anonymous_7)
FN:119,(anonymous_8)
FN:138,(anonymous_9)
FN:141,(anonymous_10)
FNF:11
FNH:0
FNDA:0,WithdrawPage
FNDA:0,(anonymous_1)
FNDA:0,(anonymous_2)
FNDA:0,(anonymous_3)
FNDA:0,(anonymous_4)
FNDA:0,(anonymous_5)
FNDA:0,(anonymous_6)
FNDA:0,(anonymous_7)
FNDA:0,(anonymous_8)
FNDA:0,(anonymous_9)
FNDA:0,(anonymous_10)
DA:7,0
DA:38,0
DA:39,0
DA:40,0
DA:41,0
DA:44,0
DA:46,0
DA:48,0
DA:49,0
DA:50,0
DA:51,0
DA:54,0
DA:55,0
DA:56,0
DA:57,0
DA:60,0
DA:61,0
DA:62,0
DA:63,0
DA:66,0
DA:68,0
DA:69,0
DA:70,0
DA:73,0
DA:74,0
DA:75,0
DA:78,0
DA:79,0
DA:80,0
DA:83,0
DA:84,0
DA:86,0
DA:88,0
DA:91,0
DA:94,0
DA:96,0
DA:100,0
DA:101,0
DA:103,0
DA:105,0
DA:107,0
DA:109,0
DA:113,0
DA:119,0
DA:139,0
DA:141,0
LF:46
LH:0
BRDA:49,0,0,0
BRDA:49,0,1,0
BRDA:49,1,0,0
BRDA:49,1,1,0
BRDA:55,2,0,0
BRDA:55,2,1,0
BRDA:61,3,0,0
BRDA:61,3,1,0
BRDA:61,4,0,0
BRDA:61,4,1,0
BRDA:66,5,0,0
BRDA:66,5,1,0
BRDA:68,6,0,0
BRDA:68,6,1,0
BRDA:73,7,0,0
BRDA:73,7,1,0
BRDA:78,8,0,0
BRDA:78,8,1,0
BRDA:101,9,0,0
BRDA:101,9,1,0
BRDA:101,9,2,0
BRDA:101,9,3,0
BRDA:143,10,0,0
BRDA:143,10,1,0
BRDA:150,11,0,0
BRDA:150,11,1,0
BRDA:155,12,0,0
BRDA:155,12,1,0
BRDA:160,13,0,0
BRDA:160,13,1,0
BRDA:187,14,0,0
BRDA:187,14,1,0
BRDA:188,15,0,0
BRDA:188,15,1,0
BRDA:195,16,0,0
BRDA:195,16,1,0
BRDA:216,17,0,0
BRDA:216,17,1,0
BRDA:224,18,0,0
BRDA:224,18,1,0
BRDA:224,18,2,0
BRDA:224,18,3,0
BRDA:275,19,0,0
BRDA:275,19,1,0
BRDA:275,19,2,0
BRDA:275,19,3,0
BRDA:275,19,4,0
BRDA:275,19,5,0
BRDA:275,19,6,0
BRDA:283,20,0,0
BRDA:283,20,1,0
BRDA:283,21,0,0
BRDA:283,21,1,0
BRDA:283,21,2,0
BRDA:283,21,3,0
BRDA:283,21,4,0
BRDA:283,21,5,0
BRDA:283,21,6,0
BRDA:294,22,0,0
BRDA:294,22,1,0
BRF:60
BRH:0
end_of_record
TN:
SF:app\(master)\_layout.tsx
FN:5,MasterLayout
FNF:1
FNH:0
FNDA:0,MasterLayout
DA:6,0
LF:1
LH:0
BRF:0
BRH:0
end_of_record
TN:
SF:app\(master)\applications.tsx
FN:42,MyApplicationsPage
FN:59,(anonymous_1)
FN:68,(anonymous_2)
FN:103,(anonymous_3)
FN:107,(anonymous_4)
FN:153,(anonymous_5)
FN:161,(anonymous_6)
FN:177,(anonymous_7)
FN:194,(anonymous_8)
FN:209,(anonymous_9)
FN:212,(anonymous_10)
FN:240,(anonymous_11)
FN:251,(anonymous_12)
FNF:13
FNH:0
FNDA:0,MyApplicationsPage
FNDA:0,(anonymous_1)
FNDA:0,(anonymous_2)
FNDA:0,(anonymous_3)
FNDA:0,(anonymous_4)
FNDA:0,(anonymous_5)
FNDA:0,(anonymous_6)
FNDA:0,(anonymous_7)
FNDA:0,(anonymous_8)
FNDA:0,(anonymous_9)
FNDA:0,(anonymous_10)
FNDA:0,(anonymous_11)
FNDA:0,(anonymous_12)
DA:15,0
DA:24,0
DA:33,0
DA:43,0
DA:51,0
DA:57,0
DA:59,0
DA:60,0
DA:69,0
DA:70,0
DA:71,0
DA:73,0
DA:74,0
DA:82,0
DA:89,0
DA:90,0
DA:93,0
DA:94,0
DA:103,0
DA:104,0
DA:107,0
DA:153,0
DA:161,0
DA:172,0
DA:173,0
DA:178,0
DA:188,0
DA:194,0
DA:210,0
DA:212,0
DA:240,0
DA:251,0
LF:32
LH:0
BRDA:47,0,0,0
BRDA:52,1,0,0
BRDA:52,1,1,0
BRDA:89,2,0,0
BRDA:89,2,1,0
BRDA:93,3,0,0
BRDA:93,3,1,0
BRDA:111,4,0,0
BRDA:111,4,1,0
BRDA:114,5,0,0
BRDA:114,5,1,0
BRDA:116,6,0,0
BRDA:116,6,1,0
BRDA:118,7,0,0
BRDA:118,7,1,0
BRDA:121,8,0,0
BRDA:121,8,1,0
BRDA:136,9,0,0
BRDA:136,9,1,0
BRDA:151,10,0,0
BRDA:151,10,1,0
BRDA:151,10,2,0
BRDA:159,11,0,0
BRDA:159,11,1,0
BRDA:172,12,0,0
BRDA:172,12,1,0
BRDA:214,13,0,0
BRDA:214,13,1,0
BRDA:220,14,0,0
BRDA:220,14,1,0
BRDA:230,15,0,0
BRDA:230,15,1,0
BRF:32
BRH:0
end_of_record
TN:
SF:app\(master)\availability.tsx
FN:19,MasterAvailabilityPage
FN:77,(anonymous_1)
FN:90,(anonymous_2)
FN:96,(anonymous_3)
FN:106,(anonymous_4)
FN:112,(anonymous_5)
FN:116,(anonymous_6)
FN:125,(anonymous_7)
FN:128,(anonymous_8)
FN:150,(anonymous_9)
FN:161,(anonymous_10)
FN:184,(anonymous_11)
FN:212,(anonymous_12)
FN:218,(anonymous_13)
FN:224,(anonymous_14)
FN:236,(anonymous_15)
FN:241,(anonymous_16)
FN:256,(anonymous_17)
FN:261,(anonymous_18)
FN:264,(anonymous_19)
FN:285,(anonymous_20)
FN:288,(anonymous_21)
FN:306,(anonymous_22)
FN:316,(anonymous_23)
FNF:24
FNH:0
FNDA:0,MasterAvailabilityPage
FNDA:0,(anonymous_1)
FNDA:0,(anonymous_2)
FNDA:0,(anonymous_3)
FNDA:0,(anonymous_4)
FNDA:0,(anonymous_5)
FNDA:0,(anonymous_6)
FNDA:0,(anonymous_7)
FNDA:0,(anonymous_8)
FNDA:0,(anonymous_9)
FNDA:0,(anonymous_10)
FNDA:0,(anonymous_11)
FNDA:0,(anonymous_12)
FNDA:0,(anonymous_13)
FNDA:0,(anonymous_14)
FNDA:0,(anonymous_15)
FNDA:0,(anonymous_16)
FNDA:0,(anonymous_17)
FNDA:0,(anonymous_18)
FNDA:0,(anonymous_19)
FNDA:0,(anonymous_20)
FNDA:0,(anonymous_21)
FNDA:0,(anonymous_22)
FNDA:0,(anonymous_23)
DA:20,0
DA:23,0
DA:68,0
DA:69,0
DA:71,0
DA:77,0
DA:78,0
DA:79,0
DA:81,0
DA:82,0
DA:83,0
DA:84,0
DA:87,0
DA:90,0
DA:91,0
DA:92,0
DA:93,0
DA:96,0
DA:97,0
DA:98,0
DA:99,0
DA:100,0
DA:102,0
DA:103,0
DA:106,0
DA:107,0
DA:108,0
DA:109,0
DA:112,0
DA:113,0
DA:114,0
DA:116,0
DA:117,0
DA:119,0
DA:121,0
DA:125,0
DA:126,0
DA:128,0
DA:129,0
DA:130,0
DA:131,0
DA:132,0
DA:133,0
DA:134,0
DA:135,0
DA:136,0
DA:137,0
DA:141,0
DA:144,0
DA:150,0
DA:161,0
DA:184,0
DA:212,0
DA:218,0
DA:224,0
DA:237,0
DA:241,0
DA:257,0
DA:262,0
DA:264,0
DA:286,0
DA:288,0
DA:306,0
DA:316,0
LF:64
LH:0
BRDA:81,0,0,0
BRDA:81,0,1,0
BRDA:83,1,0,0
BRDA:83,1,1,0
BRDA:99,2,0,0
BRDA:99,2,1,0
BRDA:100,3,0,0
BRDA:100,3,1,0
BRDA:129,4,0,0
BRDA:129,4,1,0
BRDA:131,5,0,0
BRDA:131,5,1,0
BRDA:132,6,0,0
BRDA:132,6,1,0
BRDA:135,7,0,0
BRDA:135,7,1,0
BRDA:137,8,0,0
BRDA:137,8,1,0
BRDA:163,9,0,0
BRDA:163,9,1,0
BRDA:168,10,0,0
BRDA:168,10,1,0
BRDA:170,11,0,0
BRDA:170,11,1,0
BRDA:173,12,0,0
BRDA:173,12,1,0
BRDA:176,13,0,0
BRDA:176,13,1,0
BRDA:177,14,0,0
BRDA:177,14,1,0
BRDA:186,15,0,0
BRDA:186,15,1,0
BRDA:191,16,0,0
BRDA:191,16,1,0
BRDA:193,17,0,0
BRDA:193,17,1,0
BRDA:196,18,0,0
BRDA:196,18,1,0
BRDA:199,19,0,0
BRDA:199,19,1,0
BRDA:200,20,0,0
BRDA:200,20,1,0
BRDA:243,21,0,0
BRDA:243,21,1,0
BRDA:247,22,0,0
BRDA:247,22,1,0
BRDA:249,23,0,0
BRDA:249,23,1,0
BRDA:254,24,0,0
BRDA:254,24,1,0
BRDA:266,25,0,0
BRDA:266,25,1,0
BRDA:270,26,0,0
BRDA:270,26,1,0
BRDA:290,27,0,0
BRDA:290,27,1,0
BRDA:294,28,0,0
BRDA:294,28,1,0
BRDA:304,29,0,0
BRDA:304,29,1,0
BRDA:333,30,0,0
BRDA:333,30,1,0
BRDA:337,31,0,0
BRDA:337,31,1,0
BRF:64
BRH:0
end_of_record
TN:
SF:app\(master)\chat.tsx
FN:12,MasterChatPage
FN:25,(anonymous_1)
FN:26,(anonymous_2)
FN:36,(anonymous_3)
FN:37,(anonymous_4)
FN:38,(anonymous_5)
FN:86,(anonymous_6)
FN:90,(anonymous_7)
FN:93,(anonymous_8)
FNF:9
FNH:0
FNDA:0,MasterChatPage
FNDA:0,(anonymous_1)
FNDA:0,(anonymous_2)
FNDA:0,(anonymous_3)
FNDA:0,(anonymous_4)
FNDA:0,(anonymous_5)
FNDA:0,(anonymous_6)
FNDA:0,(anonymous_7)
FNDA:0,(anonymous_8)
DA:13,0
DA:21,0
DA:25,0
DA:26,0
DA:27,0
DA:28,0
DA:30,0
DA:31,0
DA:36,0
DA:37,0
DA:38,0
DA:39,0
DA:42,0
DA:43,0
DA:50,0
DA:87,0
DA:90,0
DA:93,0
LF:18
LH:0
BRDA:16,0,0,0
BRDA:26,1,0,0
BRDA:26,1,1,0
BRDA:27,2,0,0
BRDA:27,2,1,0
BRDA:27,2,2,0
BRDA:28,3,0,0
BRDA:28,3,1,0
BRDA:28,3,2,0
BRDA:31,4,0,0
BRDA:31,4,1,0
BRDA:31,4,2,0
BRDA:36,5,0,0
BRDA:36,5,1,0
BRDA:42,6,0,0
BRDA:42,6,1,0
BRDA:75,7,0,0
BRDA:75,7,1,0
BRDA:80,8,0,0
BRDA:80,8,1,0
BRDA:106,9,0,0
BRDA:106,9,1,0
BRDA:106,9,2,0
BRF:23
BRH:0
end_of_record
TN:
SF:app\(master)\dashboard.tsx
FN:15,MasterDashboardPage
FN:16,(anonymous_1)
FN:53,(anonymous_2)
FN:61,(anonymous_3)
FN:93,(anonymous_4)
FN:136,(anonymous_5)
FN:144,(anonymous_6)
FN:257,(anonymous_7)
FN:263,(anonymous_8)
FN:266,(anonymous_9)
FN:304,(anonymous_10)
FN:318,(anonymous_11)
FN:324,(anonymous_12)
FN:329,(anonymous_13)
FN:363,(anonymous_14)
FNF:15
FNH:0
FNDA:0,MasterDashboardPage
FNDA:0,(anonymous_1)
FNDA:0,(anonymous_2)
FNDA:0,(anonymous_3)
FNDA:0,(anonymous_4)
FNDA:0,(anonymous_5)
FNDA:0,(anonymous_6)
FNDA:0,(anonymous_7)
FNDA:0,(anonymous_8)
FNDA:0,(anonymous_9)
FNDA:0,(anonymous_10)
FNDA:0,(anonymous_11)
FNDA:0,(anonymous_12)
FNDA:0,(anonymous_13)
FNDA:0,(anonymous_14)
DA:16,0
DA:17,0
DA:25,0
DA:32,0
DA:39,0
DA:45,0
DA:47,0
DA:48,0
DA:51,0
DA:53,0
DA:61,0
DA:62,0
DA:63,0
DA:64,0
DA:71,0
DA:73,0
DA:78,0
DA:79,0
DA:83,0
DA:84,0
DA:93,0
DA:94,0
DA:97,0
DA:99,0
DA:101,0
DA:103,0
DA:105,0
DA:109,0
DA:136,0
DA:144,0
DA:257,0
DA:264,0
DA:266,0
DA:304,0
DA:318,0
DA:325,0
DA:326,0
DA:329,0
DA:363,0
LF:39
LH:0
BRDA:28,0,0,0
BRDA:35,1,0,0
BRDA:47,2,0,0
BRDA:47,2,1,0
BRDA:56,3,0,0
BRDA:56,3,1,0
BRDA:57,4,0,0
BRDA:57,4,1,0
BRDA:58,5,0,0
BRDA:58,5,1,0
BRDA:78,6,0,0
BRDA:78,6,1,0
BRDA:78,7,0,0
BRDA:78,7,1,0
BRDA:83,8,0,0
BRDA:83,8,1,0
BRDA:83,9,0,0
BRDA:83,9,1,0
BRDA:94,10,0,0
BRDA:94,10,1,0
BRDA:94,10,2,0
BRDA:94,10,3,0
BRDA:94,10,4,0
BRDA:94,10,5,0
BRDA:125,11,0,0
BRDA:125,11,1,0
BRDA:149,12,0,0
BRDA:149,12,1,0
BRDA:152,13,0,0
BRDA:152,13,1,0
BRDA:178,14,0,0
BRDA:178,14,1,0
BRDA:180,15,0,0
BRDA:180,15,1,0
BRDA:185,16,0,0
BRDA:185,16,1,0
BRDA:188,17,0,0
BRDA:188,17,1,0
BRDA:253,18,0,0
BRDA:253,18,1,0
BRDA:272,19,0,0
BRDA:272,19,1,0
BRDA:272,19,2,0
BRDA:275,20,0,0
BRDA:275,20,1,0
BRDA:275,20,2,0
BRDA:288,21,0,0
BRDA:288,21,1,0
BRDA:291,22,0,0
BRDA:291,22,1,0
BRDA:303,23,0,0
BRDA:303,23,1,0
BRDA:312,24,0,0
BRDA:312,24,1,0
BRDA:335,25,0,0
BRDA:335,25,1,0
BRDA:338,26,0,0
BRDA:338,26,1,0
BRDA:338,26,2,0
BRDA:361,27,0,0
BRDA:361,27,1,0
BRF:61
BRH:0
end_of_record
TN:
SF:app\(master)\edit-profile.tsx
FN:8,EditMasterProfilePage
FN:9,(anonymous_1)
FN:75,(anonymous_2)
FN:89,(anonymous_3)
FN:99,(anonymous_4)
FN:105,(anonymous_5)
FN:106,(anonymous_6)
FN:107,(anonymous_7)
FN:112,(anonymous_8)
FN:113,(anonymous_9)
FN:116,(anonymous_10)
FN:121,(anonymous_11)
FN:122,(anonymous_12)
FN:125,(anonymous_13)
FN:136,(anonymous_14)
FN:180,(anonymous_15)
FN:180,(anonymous_16)
FN:190,(anonymous_17)
FN:190,(anonymous_18)
FN:219,(anonymous_19)
FN:219,(anonymous_20)
FN:229,(anonymous_21)
FN:229,(anonymous_22)
FN:242,(anonymous_23)
FN:242,(anonymous_24)
FN:260,(anonymous_25)
FN:260,(anonymous_26)
FN:270,(anonymous_27)
FN:270,(anonymous_28)
FN:280,(anonymous_29)
FN:280,(anonymous_30)
FN:301,(anonymous_31)
FN:301,(anonymous_32)
FN:314,(anonymous_33)
FN:314,(anonymous_34)
FN:327,(anonymous_35)
FN:327,(anonymous_36)
FN:344,(anonymous_37)
FN:344,(anonymous_38)
FN:355,(anonymous_39)
FN:355,(anonymous_40)
FN:366,(anonymous_41)
FN:366,(anonymous_42)
FN:380,(anonymous_43)
FN:385,(anonymous_44)
FN:385,(anonymous_45)
FN:402,(anonymous_46)
FN:405,(anonymous_47)
FN:427,(anonymous_48)
FN:430,(anonymous_49)
FN:451,(anonymous_50)
FN:457,(anonymous_51)
FNF:52
FNH:0
FNDA:0,EditMasterProfilePage
FNDA:0,(anonymous_1)
FNDA:0,(anonymous_2)
FNDA:0,(anonymous_3)
FNDA:0,(anonymous_4)
FNDA:0,(anonymous_5)
FNDA:0,(anonymous_6)
FNDA:0,(anonymous_7)
FNDA:0,(anonymous_8)
FNDA:0,(anonymous_9)
FNDA:0,(anonymous_10)
FNDA:0,(anonymous_11)
FNDA:0,(anonymous_12)
FNDA:0,(anonymous_13)
FNDA:0,(anonymous_14)
FNDA:0,(anonymous_15)
FNDA:0,(anonymous_16)
FNDA:0,(anonymous_17)
FNDA:0,(anonymous_18)
FNDA:0,(anonymous_19)
FNDA:0,(anonymous_20)
FNDA:0,(anonymous_21)
FNDA:0,(anonymous_22)
FNDA:0,(anonymous_23)
FNDA:0,(anonymous_24)
FNDA:0,(anonymous_25)
FNDA:0,(anonymous_26)
FNDA:0,(anonymous_27)
FNDA:0,(anonymous_28)
FNDA:0,(anonymous_29)
FNDA:0,(anonymous_30)
FNDA:0,(anonymous_31)
FNDA:0,(anonymous_32)
FNDA:0,(anonymous_33)
FNDA:0,(anonymous_34)
FNDA:0,(anonymous_35)
FNDA:0,(anonymous_36)
FNDA:0,(anonymous_37)
FNDA:0,(anonymous_38)
FNDA:0,(anonymous_39)
FNDA:0,(anonymous_40)
FNDA:0,(anonymous_41)
FNDA:0,(anonymous_42)
FNDA:0,(anonymous_43)
FNDA:0,(anonymous_44)
FNDA:0,(anonymous_45)
FNDA:0,(anonymous_46)
FNDA:0,(anonymous_47)
FNDA:0,(anonymous_48)
FNDA:0,(anonymous_49)
FNDA:0,(anonymous_50)
FNDA:0,(anonymous_51)
DA:9,0
DA:10,0
DA:11,0
DA:53,0
DA:58,0
DA:65,0
DA:75,0
DA:76,0
DA:77,0
DA:78,0
DA:81,0
DA:82,0
DA:83,0
DA:86,0
DA:87,0
DA:89,0
DA:90,0
DA:91,0
DA:93,0
DA:95,0
DA:99,0
DA:100,0
DA:112,0
DA:113,0
DA:116,0
DA:121,0
DA:122,0
DA:125,0
DA:130,0
DA:136,0
DA:180,0
DA:190,0
DA:219,0
DA:229,0
DA:242,0
DA:260,0
DA:270,0
DA:280,0
DA:301,0
DA:314,0
DA:327,0
DA:344,0
DA:355,0
DA:366,0
DA:381,0
DA:385,0
DA:403,0
DA:405,0
DA:428,0
DA:430,0
DA:452,0
LF:51
LH:0
BRDA:13,0,0,0
BRDA:13,0,1,0
BRDA:14,1,0,0
BRDA:14,1,1,0
BRDA:15,2,0,0
BRDA:15,2,1,0
BRDA:76,3,0,0
BRDA:76,3,1,0
BRDA:76,4,0,0
BRDA:76,4,1,0
BRDA:81,5,0,0
BRDA:81,5,1,0
BRDA:115,6,0,0
BRDA:115,6,1,0
BRDA:124,7,0,0
BRDA:124,7,1,0
BRDA:145,8,0,0
BRDA:145,8,1,0
BRDA:148,9,0,0
BRDA:148,9,1,0
BRDA:160,10,0,0
BRDA:160,10,1,0
BRDA:407,11,0,0
BRDA:407,11,1,0
BRDA:413,12,0,0
BRDA:413,12,1,0
BRDA:432,13,0,0
BRDA:432,13,1,0
BRDA:438,14,0,0
BRDA:438,14,1,0
BRF:30
BRH:0
end_of_record
TN:
SF:app\(master)\kanban.tsx
FN:26,KanbanPage
FN:69,(anonymous_1)
FN:74,(anonymous_2)
FN:79,(anonymous_3)
FN:80,(anonymous_4)
FN:84,(anonymous_5)
FN:93,(anonymous_6)
FN:101,(anonymous_7)
FN:139,(anonymous_8)
FN:142,(anonymous_9)
FN:145,(anonymous_10)
FN:195,(anonymous_11)
FN:212,(anonymous_12)
FNF:13
FNH:0
FNDA:0,KanbanPage
FNDA:0,(anonymous_1)
FNDA:0,(anonymous_2)
FNDA:0,(anonymous_3)
FNDA:0,(anonymous_4)
FNDA:0,(anonymous_5)
FNDA:0,(anonymous_6)
FNDA:0,(anonymous_7)
FNDA:0,(anonymous_8)
FNDA:0,(anonymous_9)
FNDA:0,(anonymous_10)
FNDA:0,(anonymous_11)
FNDA:0,(anonymous_12)
DA:19,0
DA:27,0
DA:28,0
DA:31,0
DA:69,0
DA:71,0
DA:74,0
DA:75,0
DA:78,0
DA:79,0
DA:80,0
DA:81,0
DA:84,0
DA:85,0
DA:86,0
DA:90,0
DA:93,0
DA:101,0
DA:139,0
DA:143,0
DA:146,0
DA:147,0
DA:161,0
DA:196,0
DA:213,0
LF:25
LH:0
BRDA:86,0,0,0
BRDA:86,0,1,0
BRDA:110,1,0,0
BRDA:110,1,1,0
BRDA:114,2,0,0
BRDA:114,2,1,0
BRDA:135,3,0,0
BRDA:135,3,1,0
BRF:8
BRH:0
end_of_record
TN:
SF:app\(master)\notifications.tsx
FN:65,MasterNotificationsPage
FN:114,(anonymous_1)
FN:129,(anonymous_2)
FN:130,(anonymous_3)
FN:151,(anonymous_4)
FN:157,(anonymous_5)
FN:167,(anonymous_6)
FN:220,(anonymous_7)
FN:235,(anonymous_8)
FN:253,(anonymous_9)
FN:258,(anonymous_10)
FN:290,(anonymous_11)
FN:327,(anonymous_12)
FN:339,(anonymous_13)
FN:360,(anonymous_14)
FN:368,(anonymous_15)
FN:396,(anonymous_16)
FN:420,(anonymous_17)
FN:441,(anonymous_18)
FN:453,(anonymous_19)
FN:488,(anonymous_20)
FN:513,(anonymous_21)
FN:524,(anonymous_22)
FN:535,(anonymous_23)
FNF:24
FNH:0
FNDA:0,MasterNotificationsPage
FNDA:0,(anonymous_1)
FNDA:0,(anonymous_2)
FNDA:0,(anonymous_3)
FNDA:0,(anonymous_4)
FNDA:0,(anonymous_5)
FNDA:0,(anonymous_6)
FNDA:0,(anonymous_7)
FNDA:0,(anonymous_8)
FNDA:0,(anonymous_9)
FNDA:0,(anonymous_10)
FNDA:0,(anonymous_11)
FNDA:0,(anonymous_12)
FNDA:0,(anonymous_13)
FNDA:0,(anonymous_14)
FNDA:0,(anonymous_15)
FNDA:0,(anonymous_16)
FNDA:0,(anonymous_17)
FNDA:0,(anonymous_18)
FNDA:0,(anonymous_19)
FNDA:0,(anonymous_20)
FNDA:0,(anonymous_21)
FNDA:0,(anonymous_22)
FNDA:0,(anonymous_23)
DA:18,0
DA:45,0
DA:55,0
DA:66,0
DA:67,0
DA:68,0
DA:76,0
DA:85,0
DA:91,0
DA:94,0
DA:95,0
DA:96,0
DA:98,0
DA:99,0
DA:102,0
DA:114,0
DA:115,0
DA:116,0
DA:129,0
DA:130,0
DA:133,0
DA:144,0
DA:145,0
DA:146,0
DA:147,0
DA:149,0
DA:151,0
DA:152,0
DA:157,0
DA:158,0
DA:159,0
DA:160,0
DA:162,0
DA:163,0
DA:167,0
DA:169,0
DA:170,0
DA:171,0
DA:173,0
DA:177,0
DA:178,0
DA:180,0
DA:182,0
DA:183,0
DA:185,0
DA:187,0
DA:189,0
DA:190,0
DA:191,0
DA:192,0
DA:194,0
DA:196,0
DA:197,0
DA:199,0
DA:201,0
DA:203,0
DA:204,0
DA:206,0
DA:207,0
DA:209,0
DA:210,0
DA:212,0
DA:214,0
DA:216,0
DA:220,0
DA:221,0
DA:228,0
DA:229,0
DA:230,0
DA:231,0
DA:232,0
DA:233,0
DA:235,0
DA:236,0
DA:237,0
DA:239,0
DA:240,0
DA:241,0
DA:242,0
DA:243,0
DA:244,0
DA:246,0
DA:250,0
DA:253,0
DA:254,0
DA:256,0
DA:258,0
DA:290,0
DA:291,0
DA:292,0
DA:300,0
DA:301,0
DA:312,0
DA:327,0
DA:339,0
DA:361,0
DA:368,0
DA:380,0
DA:396,0
DA:420,0
DA:441,0
DA:453,0
DA:488,0
DA:514,0
DA:525,0
DA:536,0
LF:106
LH:0
BRDA:77,0,0,0
BRDA:77,0,1,0
BRDA:98,1,0,0
BRDA:98,1,1,0
BRDA:99,2,0,0
BRDA:99,2,1,0
BRDA:103,3,0,0
BRDA:103,3,1,0
BRDA:104,4,0,0
BRDA:104,4,1,0
BRDA:105,5,0,0
BRDA:105,5,1,0
BRDA:106,6,0,0
BRDA:106,6,1,0
BRDA:107,7,0,0
BRDA:107,7,1,0
BRDA:108,8,0,0
BRDA:108,8,1,0
BRDA:109,9,0,0
BRDA:109,9,1,0
BRDA:110,10,0,0
BRDA:110,10,1,0
BRDA:115,11,0,0
BRDA:115,11,1,0
BRDA:145,12,0,0
BRDA:145,12,1,0
BRDA:169,13,0,0
BRDA:169,13,1,0
BRDA:178,14,0,0
BRDA:178,14,1,0
BRDA:180,15,0,0
BRDA:180,15,1,0
BRDA:180,15,2,0
BRDA:180,15,3,0
BRDA:180,15,4,0
BRDA:180,15,5,0
BRDA:180,15,6,0
BRDA:182,16,0,0
BRDA:182,16,1,0
BRDA:182,17,0,0
BRDA:182,17,1,0
BRDA:189,18,0,0
BRDA:189,18,1,0
BRDA:189,19,0,0
BRDA:189,19,1,0
BRDA:191,20,0,0
BRDA:191,20,1,0
BRDA:191,21,0,0
BRDA:191,21,1,0
BRDA:196,22,0,0
BRDA:196,22,1,0
BRDA:209,23,0,0
BRDA:209,23,1,0
BRDA:209,24,0,0
BRDA:209,24,1,0
BRDA:239,25,0,0
BRDA:239,25,1,0
BRDA:241,26,0,0
BRDA:241,26,1,0
BRDA:243,27,0,0
BRDA:243,27,1,0
BRDA:254,28,0,0
BRDA:254,28,1,0
BRDA:259,29,0,0
BRDA:259,29,1,0
BRDA:263,30,0,0
BRDA:263,30,1,0
BRDA:266,31,0,0
BRDA:266,31,1,0
BRDA:272,32,0,0
BRDA:272,32,1,0
BRDA:282,33,0,0
BRDA:282,33,1,0
BRDA:291,34,0,0
BRDA:291,34,1,0
BRDA:300,35,0,0
BRDA:300,35,1,0
BRDA:386,36,0,0
BRDA:386,36,1,0
BRDA:386,36,2,0
BRDA:398,37,0,0
BRDA:398,37,1,0
BRDA:403,38,0,0
BRDA:403,38,1,0
BRDA:404,39,0,0
BRDA:404,39,1,0
BRDA:407,40,0,0
BRDA:407,40,1,0
BRDA:409,41,0,0
BRDA:409,41,1,0
BRDA:412,42,0,0
BRDA:412,42,1,0
BRDA:422,43,0,0
BRDA:422,43,1,0
BRDA:427,44,0,0
BRDA:427,44,1,0
BRDA:428,45,0,0
BRDA:428,45,1,0
BRDA:436,46,0,0
BRDA:436,46,1,0
BRDA:443,47,0,0
BRDA:443,47,1,0
BRDA:447,48,0,0
BRDA:447,48,1,0
BRDA:455,49,0,0
BRDA:455,49,1,0
BRDA:459,50,0,0
BRDA:459,50,1,0
BRDA:462,51,0,0
BRDA:462,51,1,0
BRDA:470,52,0,0
BRDA:470,52,1,0
BRDA:478,53,0,0
BRDA:478,53,1,0
BRDA:497,54,0,0
BRDA:497,54,1,0
BRDA:497,54,2,0
BRDA:499,55,0,0
BRDA:499,55,1,0
BRDA:509,56,0,0
BRDA:509,56,1,0
BRDA:520,57,0,0
BRDA:520,57,1,0
BRDA:531,58,0,0
BRDA:531,58,1,0
BRF:125
BRH:0
end_of_record
TN:
SF:app\(master)\orders.tsx
FN:12,MasterOrdersPage
FN:49,(anonymous_1)
FN:56,(anonymous_2)
FN:60,(anonymous_3)
FN:103,(anonymous_4)
FN:106,(anonymous_5)
FN:150,(anonymous_6)
FN:153,(anonymous_7)
FN:212,(anonymous_8)
FNF:9
FNH:0
FNDA:0,MasterOrdersPage
FNDA:0,(anonymous_1)
FNDA:0,(anonymous_2)
FNDA:0,(anonymous_3)
FNDA:0,(anonymous_4)
FNDA:0,(anonymous_5)
FNDA:0,(anonymous_6)
FNDA:0,(anonymous_7)
FNDA:0,(anonymous_8)
DA:13,0
DA:14,0
DA:15,0
DA:28,0
DA:41,0
DA:43,0
DA:44,0
DA:47,0
DA:49,0
DA:56,0
DA:57,0
DA:60,0
DA:61,0
DA:64,0
DA:65,0
DA:68,0
DA:69,0
DA:78,0
DA:104,0
DA:106,0
DA:151,0
DA:153,0
DA:212,0
LF:23
LH:0
BRDA:29,0,0,0
BRDA:29,0,1,0
BRDA:30,1,0,0
BRDA:30,1,1,0
BRDA:31,2,0,0
BRDA:31,2,1,0
BRDA:32,3,0,0
BRDA:32,3,1,0
BRDA:33,4,0,0
BRDA:33,4,1,0
BRDA:34,5,0,0
BRDA:34,5,1,0
BRDA:43,6,0,0
BRDA:43,6,1,0
BRDA:44,7,0,0
BRDA:44,7,1,0
BRDA:52,8,0,0
BRDA:52,8,1,0
BRDA:64,9,0,0
BRDA:64,9,1,0
BRDA:64,10,0,0
BRDA:64,10,1,0
BRDA:68,11,0,0
BRDA:68,11,1,0
BRDA:105,12,0,0
BRDA:105,12,1,0
BRDA:108,13,0,0
BRDA:108,13,1,0
BRDA:116,14,0,0
BRDA:116,14,1,0
BRDA:119,15,0,0
BRDA:119,15,1,0
BRDA:138,16,0,0
BRDA:138,16,1,0
BRDA:143,17,0,0
BRDA:143,17,1,0
BRDA:143,18,0,0
BRDA:143,18,1,0
BRDA:163,19,0,0
BRDA:163,19,1,0
BRDA:173,20,0,0
BRDA:173,20,1,0
BRDA:173,21,0,0
BRDA:173,21,1,0
BRDA:187,22,0,0
BRDA:187,22,1,0
BRDA:187,22,2,0
BRDA:216,23,0,0
BRDA:216,23,1,0
BRF:49
BRH:0
end_of_record
TN:
SF:app\(master)\portfolio.tsx
FN:19,MasterPortfolioPage
FN:57,(anonymous_1)
FN:59,(anonymous_2)
FN:124,(anonymous_3)
FN:132,(anonymous_4)
FN:149,(anonymous_5)
FN:166,(anonymous_6)
FN:177,(anonymous_7)
FNF:8
FNH:0
FNDA:0,MasterPortfolioPage
FNDA:0,(anonymous_1)
FNDA:0,(anonymous_2)
FNDA:0,(anonymous_3)
FNDA:0,(anonymous_4)
FNDA:0,(anonymous_5)
FNDA:0,(anonymous_6)
FNDA:0,(anonymous_7)
DA:20,0
DA:23,0
DA:57,0
DA:58,0
DA:59,0
DA:117,0
DA:124,0
DA:132,0
DA:149,0
DA:166,0
DA:177,0
LF:11
LH:0
BRDA:64,0,0,0
BRDA:64,0,1,0
BRDA:83,1,0,0
BRDA:83,1,1,0
BRDA:156,2,0,0
BRDA:156,2,1,0
BRF:6
BRH:0
end_of_record
TN:
SF:app\(master)\profile-visibility.tsx
FN:29,MasterProfileVisibilityPage
FN:59,(anonymous_1)
FN:195,(anonymous_2)
FN:205,(anonymous_3)
FN:206,(anonymous_4)
FN:214,(anonymous_5)
FN:217,(anonymous_6)
FN:233,(anonymous_7)
FN:241,(anonymous_8)
FN:271,(anonymous_9)
FN:305,(anonymous_10)
FN:348,(anonymous_11)
FN:353,(anonymous_12)
FN:378,(anonymous_13)
FNF:14
FNH:0
FNDA:0,MasterProfileVisibilityPage
FNDA:0,(anonymous_1)
FNDA:0,(anonymous_2)
FNDA:0,(anonymous_3)
FNDA:0,(anonymous_4)
FNDA:0,(anonymous_5)
FNDA:0,(anonymous_6)
FNDA:0,(anonymous_7)
FNDA:0,(anonymous_8)
FNDA:0,(anonymous_9)
FNDA:0,(anonymous_10)
FNDA:0,(anonymous_11)
FNDA:0,(anonymous_12)
FNDA:0,(anonymous_13)
DA:30,0
DA:53,0
DA:56,0
DA:59,0
DA:60,0
DA:63,0
DA:82,0
DA:195,0
DA:196,0
DA:197,0
DA:206,0
DA:211,0
DA:214,0
DA:217,0
DA:218,0
DA:220,0
DA:225,0
DA:226,0
DA:228,0
DA:229,0
DA:233,0
DA:234,0
DA:242,0
DA:264,0
DA:271,0
DA:305,0
DA:349,0
DA:354,0
DA:378,0
LF:29
LH:0
BRDA:60,0,0,0
BRDA:60,0,1,0
BRDA:64,1,0,0
BRDA:64,1,1,0
BRDA:75,2,0,0
BRDA:75,2,1,0
BRDA:196,3,0,0
BRDA:196,3,1,0
BRDA:196,4,0,0
BRDA:196,4,1,0
BRDA:221,5,0,0
BRDA:221,5,1,0
BRDA:229,6,0,0
BRDA:229,6,1,0
BRDA:287,7,0,0
BRDA:287,7,1,0
BRDA:295,8,0,0
BRDA:295,8,1,0
BRDA:314,9,0,0
BRDA:314,9,1,0
BRDA:314,9,2,0
BRDA:317,10,0,0
BRDA:317,10,1,0
BRDA:322,11,0,0
BRDA:322,11,1,0
BRDA:329,12,0,0
BRDA:329,12,1,0
BRDA:332,13,0,0
BRDA:332,13,1,0
BRDA:337,14,0,0
BRDA:337,14,1,0
BRDA:356,15,0,0
BRDA:356,15,1,0
BRDA:361,16,0,0
BRDA:361,16,1,0
BRDA:368,17,0,0
BRDA:368,17,1,0
BRDA:380,18,0,0
BRDA:380,18,1,0
BRDA:384,19,0,0
BRDA:384,19,1,0
BRDA:408,20,0,0
BRDA:408,20,1,0
BRDA:408,20,2,0
BRDA:413,21,0,0
BRDA:413,21,1,0
BRDA:417,22,0,0
BRDA:417,22,1,0
BRF:48
BRH:0
end_of_record
TN:
SF:app\(master)\profile.tsx
FN:15,MasterProfilePage
FN:17,(anonymous_1)
FN:42,(anonymous_2)
FN:59,(anonymous_3)
FN:72,(anonymous_4)
FN:89,(anonymous_5)
FN:93,(anonymous_6)
FN:99,(anonymous_7)
FN:105,(anonymous_8)
FN:106,(anonymous_9)
FN:107,(anonymous_10)
FN:112,(anonymous_11)
FN:252,(anonymous_12)
FN:252,(anonymous_13)
FN:266,(anonymous_14)
FN:266,(anonymous_15)
FN:283,(anonymous_16)
FN:283,(anonymous_17)
FN:302,(anonymous_18)
FN:340,(anonymous_19)
FN:354,(anonymous_20)
FN:368,(anonymous_21)
FN:382,(anonymous_22)
FN:414,(anonymous_23)
FN:423,(anonymous_24)
FNF:25
FNH:0
FNDA:0,MasterProfilePage
FNDA:0,(anonymous_1)
FNDA:0,(anonymous_2)
FNDA:0,(anonymous_3)
FNDA:0,(anonymous_4)
FNDA:0,(anonymous_5)
FNDA:0,(anonymous_6)
FNDA:0,(anonymous_7)
FNDA:0,(anonymous_8)
FNDA:0,(anonymous_9)
FNDA:0,(anonymous_10)
FNDA:0,(anonymous_11)
FNDA:0,(anonymous_12)
FNDA:0,(anonymous_13)
FNDA:0,(anonymous_14)
FNDA:0,(anonymous_15)
FNDA:0,(anonymous_16)
FNDA:0,(anonymous_17)
FNDA:0,(anonymous_18)
FNDA:0,(anonymous_19)
FNDA:0,(anonymous_20)
FNDA:0,(anonymous_21)
FNDA:0,(anonymous_22)
FNDA:0,(anonymous_23)
FNDA:0,(anonymous_24)
DA:16,0
DA:17,0
DA:19,0
DA:20,0
DA:28,0
DA:31,0
DA:33,0
DA:42,0
DA:43,0
DA:44,0
DA:54,0
DA:59,0
DA:60,0
DA:61,0
DA:69,0
DA:72,0
DA:73,0
DA:74,0
DA:81,0
DA:82,0
DA:84,0
DA:85,0
DA:89,0
DA:90,0
DA:93,0
DA:94,0
DA:95,0
DA:96,0
DA:99,0
DA:100,0
DA:112,0
DA:117,0
DA:118,0
DA:121,0
DA:122,0
DA:131,0
DA:132,0
DA:141,0
DA:252,0
DA:266,0
DA:283,0
DA:303,0
DA:340,0
DA:354,0
DA:368,0
DA:382,0
DA:414,0
DA:423,0
LF:48
LH:0
BRDA:43,0,0,0
BRDA:43,0,1,0
BRDA:45,1,0,0
BRDA:45,1,1,0
BRDA:46,2,0,0
BRDA:46,2,1,0
BRDA:47,3,0,0
BRDA:47,3,1,0
BRDA:48,4,0,0
BRDA:48,4,1,0
BRDA:49,5,0,0
BRDA:49,5,1,0
BRDA:60,6,0,0
BRDA:60,6,1,0
BRDA:62,7,0,0
BRDA:62,7,1,0
BRDA:63,8,0,0
BRDA:63,8,1,0
BRDA:64,9,0,0
BRDA:64,9,1,0
BRDA:65,10,0,0
BRDA:65,10,1,0
BRDA:66,11,0,0
BRDA:66,11,1,0
BRDA:77,12,0,0
BRDA:77,12,1,0
BRDA:107,13,0,0
BRDA:107,13,1,0
BRDA:117,14,0,0
BRDA:117,14,1,0
BRDA:121,15,0,0
BRDA:121,15,1,0
BRDA:131,16,0,0
BRDA:131,16,1,0
BRDA:151,17,0,0
BRDA:151,17,1,0
BRDA:155,18,0,0
BRDA:155,18,1,0
BRDA:164,19,0,0
BRDA:164,19,1,0
BRDA:168,20,0,0
BRDA:168,20,1,0
BRDA:178,21,0,0
BRDA:178,21,1,0
BRDA:181,22,0,0
BRDA:181,22,1,0
BRDA:188,23,0,0
BRDA:188,23,1,0
BRDA:205,24,0,0
BRDA:205,24,1,0
BRDA:249,25,0,0
BRDA:249,25,1,0
BRDA:263,26,0,0
BRDA:263,26,1,0
BRDA:274,27,0,0
BRDA:274,27,1,0
BRDA:280,28,0,0
BRDA:280,28,1,0
BRDA:290,29,0,0
BRDA:290,29,1,0
BRDA:307,30,0,0
BRDA:307,30,1,0
BRDA:307,30,2,0
BRDA:321,31,0,0
BRDA:321,31,1,0
BRDA:327,32,0,0
BRDA:327,32,1,0
BRDA:362,33,0,0
BRDA:362,33,1,0
BRF:69
BRH:0
end_of_record
TN:
SF:app\(master)\projects.tsx
FN:14,MasterProjectsPage
FN:28,(anonymous_1)
FN:31,(anonymous_2)
FN:35,(anonymous_3)
FN:75,(anonymous_4)
FN:88,(anonymous_5)
FN:121,(anonymous_6)
FN:124,(anonymous_7)
FN:174,(anonymous_8)
FN:215,(anonymous_9)
FN:223,(anonymous_10)
FNF:11
FNH:0
FNDA:0,MasterProjectsPage
FNDA:0,(anonymous_1)
FNDA:0,(anonymous_2)
FNDA:0,(anonymous_3)
FNDA:0,(anonymous_4)
FNDA:0,(anonymous_5)
FNDA:0,(anonymous_6)
FNDA:0,(anonymous_7)
FNDA:0,(anonymous_8)
FNDA:0,(anonymous_9)
FNDA:0,(anonymous_10)
DA:15,0
DA:23,0
DA:28,0
DA:29,0
DA:31,0
DA:32,0
DA:35,0
DA:36,0
DA:38,0
DA:40,0
DA:42,0
DA:44,0
DA:48,0
DA:50,0
DA:51,0
DA:54,0
DA:55,0
DA:64,0
DA:75,0
DA:88,0
DA:122,0
DA:124,0
DA:175,0
DA:215,0
DA:223,0
LF:25
LH:0
BRDA:19,0,0,0
BRDA:29,1,0,0
BRDA:29,1,1,0
BRDA:36,2,0,0
BRDA:36,2,1,0
BRDA:36,2,2,0
BRDA:36,2,3,0
BRDA:48,3,0,0
BRDA:48,3,1,0
BRDA:50,4,0,0
BRDA:50,4,1,0
BRDA:54,5,0,0
BRDA:54,5,1,0
BRDA:77,6,0,0
BRDA:77,6,1,0
BRDA:81,7,0,0
BRDA:81,7,1,0
BRDA:90,8,0,0
BRDA:90,8,1,0
BRDA:94,9,0,0
BRDA:94,9,1,0
BRDA:104,10,0,0
BRDA:104,10,1,0
BRDA:110,11,0,0
BRDA:110,11,1,0
BRDA:113,12,0,0
BRDA:113,12,1,0
BRDA:131,13,0,0
BRDA:131,13,1,0
BRDA:134,14,0,0
BRDA:134,14,1,0
BRDA:141,15,0,0
BRDA:141,15,1,0
BRDA:149,16,0,0
BRDA:149,16,1,0
BRDA:153,17,0,0
BRDA:153,17,1,0
BRDA:169,18,0,0
BRDA:169,18,1,0
BRDA:169,18,2,0
BRDA:179,19,0,0
BRDA:179,19,1,0
BRDA:202,20,0,0
BRDA:202,20,1,0
BRDA:202,21,0,0
BRDA:202,21,1,0
BRDA:204,22,0,0
BRDA:204,22,1,0
BRF:48
BRH:0
end_of_record
TN:
SF:app\(master)\reviews.tsx
FN:39,MasterReviewsPage
FN:41,(anonymous_1)
FN:70,(anonymous_2)
FN:75,(anonymous_3)
FN:105,(anonymous_4)
FN:109,(anonymous_5)
FN:110,(anonymous_6)
FN:111,(anonymous_7)
FN:112,(anonymous_8)
FN:113,(anonymous_9)
FN:117,(anonymous_10)
FN:121,(anonymous_11)
FN:125,(anonymous_12)
FN:134,(anonymous_13)
FN:147,(anonymous_14)
FN:155,(anonymous_15)
FN:173,(anonymous_16)
FN:174,(anonymous_17)
FN:192,(anonymous_18)
FN:219,(anonymous_19)
FN:235,(anonymous_20)
FN:238,(anonymous_21)
FN:276,(anonymous_22)
FNF:23
FNH:0
FNDA:0,MasterReviewsPage
FNDA:0,(anonymous_1)
FNDA:0,(anonymous_2)
FNDA:0,(anonymous_3)
FNDA:0,(anonymous_4)
FNDA:0,(anonymous_5)
FNDA:0,(anonymous_6)
FNDA:0,(anonymous_7)
FNDA:0,(anonymous_8)
FNDA:0,(anonymous_9)
FNDA:0,(anonymous_10)
FNDA:0,(anonymous_11)
FNDA:0,(anonymous_12)
FNDA:0,(anonymous_13)
FNDA:0,(anonymous_14)
FNDA:0,(anonymous_15)
FNDA:0,(anonymous_16)
FNDA:0,(anonymous_17)
FNDA:0,(anonymous_18)
FNDA:0,(anonymous_19)
FNDA:0,(anonymous_20)
FNDA:0,(anonymous_21)
FNDA:0,(anonymous_22)
DA:40,0
DA:41,0
DA:44,0
DA:52,0
DA:61,0
DA:62,0
DA:63,0
DA:64,0
DA:66,0
DA:67,0
DA:70,0
DA:71,0
DA:75,0
DA:103,0
DA:105,0
DA:109,0
DA:110,0
DA:111,0
DA:112,0
DA:113,0
DA:117,0
DA:118,0
DA:121,0
DA:122,0
DA:125,0
DA:126,0
DA:135,0
DA:136,0
DA:137,0
DA:139,0
DA:147,0
DA:148,0
DA:156,0
DA:157,0
DA:158,0
DA:160,0
DA:161,0
DA:162,0
DA:164,0
DA:173,0
DA:174,0
DA:175,0
DA:176,0
DA:177,0
DA:179,0
DA:182,0
DA:186,0
DA:192,0
DA:219,0
DA:236,0
DA:239,0
DA:240,0
DA:276,0
LF:53
LH:0
BRDA:56,0,0,0
BRDA:56,0,1,0
BRDA:57,1,0,0
BRDA:57,1,1,0
BRDA:58,2,0,0
BRDA:58,2,1,0
BRDA:66,3,0,0
BRDA:66,3,1,0
BRDA:67,4,0,0
BRDA:67,4,1,0
BRDA:78,5,0,0
BRDA:78,5,1,0
BRDA:81,6,0,0
BRDA:81,6,1,0
BRDA:83,7,0,0
BRDA:83,7,1,0
BRDA:84,8,0,0
BRDA:84,8,1,0
BRDA:84,9,0,0
BRDA:84,9,1,0
BRDA:84,9,2,0
BRDA:85,10,0,0
BRDA:85,10,1,0
BRDA:85,11,0,0
BRDA:85,11,1,0
BRDA:88,12,0,0
BRDA:88,12,1,0
BRDA:89,13,0,0
BRDA:89,13,1,0
BRDA:89,13,2,0
BRDA:90,14,0,0
BRDA:90,14,1,0
BRDA:93,15,0,0
BRDA:93,15,1,0
BRDA:96,16,0,0
BRDA:96,16,1,0
BRDA:98,17,0,0
BRDA:98,17,1,0
BRDA:99,18,0,0
BRDA:99,18,1,0
BRDA:104,19,0,0
BRDA:104,19,1,0
BRDA:156,20,0,0
BRDA:156,20,1,0
BRDA:156,21,0,0
BRDA:156,21,1,0
BRDA:176,22,0,0
BRDA:176,22,1,0
BRDA:201,23,0,0
BRDA:201,23,1,0
BRDA:209,24,0,0
BRDA:209,24,1,0
BRDA:228,25,0,0
BRDA:228,25,1,0
BRDA:228,25,2,0
BRDA:243,26,0,0
BRDA:243,26,1,0
BRDA:247,27,0,0
BRDA:247,27,1,0
BRDA:257,28,0,0
BRDA:257,28,1,0
BRDA:257,28,2,0
BRDA:257,28,3,0
BRDA:264,29,0,0
BRDA:264,29,1,0
BRDA:264,29,2,0
BRDA:266,30,0,0
BRDA:266,30,1,0
BRDA:294,31,0,0
BRDA:294,31,1,0
BRDA:301,32,0,0
BRDA:301,32,1,0
BRDA:307,33,0,0
BRDA:307,33,1,0
BRDA:323,34,0,0
BRDA:323,34,1,0
BRDA:329,35,0,0
BRDA:329,35,1,0
BRF:78
BRH:0
end_of_record
TN:
SF:app\(master)\services.tsx
FN:45,MasterServicesPage
FN:80,(anonymous_1)
FN:82,(anonymous_2)
FN:86,(anonymous_3)
FN:119,(anonymous_4)
FN:128,(anonymous_5)
FN:137,(anonymous_6)
FN:151,(anonymous_7)
FN:152,(anonymous_8)
FN:163,(anonymous_9)
FN:171,(anonymous_10)
FN:197,(anonymous_11)
FN:216,(anonymous_12)
FN:224,(anonymous_13)
FN:244,(anonymous_14)
FN:254,(anonymous_15)
FN:267,(anonymous_16)
FN:277,(anonymous_17)
FN:290,(anonymous_18)
FN:293,(anonymous_19)
FN:321,(anonymous_20)
FN:324,(anonymous_21)
FN:372,(anonymous_22)
FN:405,(anonymous_23)
FN:417,(anonymous_24)
FNF:25
FNH:0
FNDA:0,MasterServicesPage
FNDA:0,(anonymous_1)
FNDA:0,(anonymous_2)
FNDA:0,(anonymous_3)
FNDA:0,(anonymous_4)
FNDA:0,(anonymous_5)
FNDA:0,(anonymous_6)
FNDA:0,(anonymous_7)
FNDA:0,(anonymous_8)
FNDA:0,(anonymous_9)
FNDA:0,(anonymous_10)
FNDA:0,(anonymous_11)
FNDA:0,(anonymous_12)
FNDA:0,(anonymous_13)
FNDA:0,(anonymous_14)
FNDA:0,(anonymous_15)
FNDA:0,(anonymous_16)
FNDA:0,(anonymous_17)
FNDA:0,(anonymous_18)
FNDA:0,(anonymous_19)
FNDA:0,(anonymous_20)
FNDA:0,(anonymous_21)
FNDA:0,(anonymous_22)
FNDA:0,(anonymous_23)
FNDA:0,(anonymous_24)
DA:18,0
DA:26,0
DA:46,0
DA:47,0
DA:62,0
DA:67,0
DA:70,0
DA:71,0
DA:72,0
DA:73,0
DA:75,0
DA:76,0
DA:77,0
DA:80,0
DA:81,0
DA:82,0
DA:86,0
DA:87,0
DA:88,0
DA:89,0
DA:92,0
DA:93,0
DA:103,0
DA:111,0
DA:112,0
DA:114,0
DA:115,0
DA:119,0
DA:120,0
DA:121,0
DA:123,0
DA:124,0
DA:128,0
DA:129,0
DA:138,0
DA:139,0
DA:140,0
DA:142,0
DA:143,0
DA:151,0
DA:152,0
DA:153,0
DA:156,0
DA:163,0
DA:171,0
DA:197,0
DA:216,0
DA:224,0
DA:244,0
DA:254,0
DA:267,0
DA:277,0
DA:291,0
DA:293,0
DA:322,0
DA:324,0
DA:373,0
DA:405,0
DA:417,0
LF:59
LH:0
BRDA:75,0,0,0
BRDA:75,0,1,0
BRDA:76,1,0,0
BRDA:76,1,1,0
BRDA:81,2,0,0
BRDA:81,2,1,0
BRDA:81,3,0,0
BRDA:81,3,1,0
BRDA:87,4,0,0
BRDA:87,4,1,0
BRDA:87,5,0,0
BRDA:87,5,1,0
BRDA:98,6,0,0
BRDA:98,6,1,0
BRDA:109,7,0,0
BRDA:109,7,1,0
BRDA:115,8,0,0
BRDA:115,8,1,0
BRDA:153,9,0,0
BRDA:153,9,1,0
BRDA:174,10,0,0
BRDA:174,10,1,0
BRDA:179,11,0,0
BRDA:179,11,1,0
BRDA:187,12,0,0
BRDA:187,12,1,0
BRDA:206,13,0,0
BRDA:206,13,1,0
BRDA:206,13,2,0
BRDA:223,14,0,0
BRDA:223,14,1,0
BRDA:235,15,0,0
BRDA:235,15,1,0
BRDA:235,15,2,0
BRDA:295,16,0,0
BRDA:295,16,1,0
BRDA:301,17,0,0
BRDA:301,17,1,0
BRDA:314,18,0,0
BRDA:314,18,1,0
BRDA:326,19,0,0
BRDA:326,19,1,0
BRDA:332,20,0,0
BRDA:332,20,1,0
BRDA:347,21,0,0
BRDA:347,21,1,0
BRDA:351,22,0,0
BRDA:351,22,1,0
BRDA:359,23,0,0
BRDA:359,23,1,0
BRDA:359,23,2,0
BRDA:361,24,0,0
BRDA:361,24,1,0
BRDA:379,25,0,0
BRDA:379,25,1,0
BRDA:382,26,0,0
BRDA:382,26,1,0
BRDA:384,27,0,0
BRDA:384,27,1,0
BRDA:391,28,0,0
BRDA:391,28,1,0
BRDA:395,29,0,0
BRDA:395,29,1,0
BRDA:395,30,0,0
BRDA:395,30,1,0
BRDA:396,31,0,0
BRDA:396,31,1,0
BRDA:397,32,0,0
BRDA:397,32,1,0
BRDA:407,33,0,0
BRDA:407,33,1,0
BRDA:411,34,0,0
BRDA:411,34,1,0
BRDA:413,35,0,0
BRDA:413,35,1,0
BRF:75
BRH:0
end_of_record
TN:
SF:app\(master)\settings.tsx
FN:7,MasterSettingsPage
FN:22,(anonymous_1)
FN:23,(anonymous_2)
FN:26,(anonymous_3)
FN:35,(anonymous_4)
FN:215,(anonymous_5)
FN:224,(anonymous_6)
FN:232,(anonymous_7)
FN:242,(anonymous_8)
FN:249,(anonymous_9)
FN:300,(anonymous_10)
FN:313,(anonymous_11)
FN:326,(anonymous_12)
FN:339,(anonymous_13)
FNF:14
FNH:0
FNDA:0,MasterSettingsPage
FNDA:0,(anonymous_1)
FNDA:0,(anonymous_2)
FNDA:0,(anonymous_3)
FNDA:0,(anonymous_4)
FNDA:0,(anonymous_5)
FNDA:0,(anonymous_6)
FNDA:0,(anonymous_7)
FNDA:0,(anonymous_8)
FNDA:0,(anonymous_9)
FNDA:0,(anonymous_10)
FNDA:0,(anonymous_11)
FNDA:0,(anonymous_12)
FNDA:0,(anonymous_13)
DA:8,0
DA:22,0
DA:23,0
DA:26,0
DA:27,0
DA:37,0
DA:44,0
DA:209,0
DA:215,0
DA:225,0
DA:233,0
DA:242,0
DA:250,0
DA:251,0
DA:252,0
DA:253,0
DA:254,0
DA:255,0
DA:256,0
DA:257,0
DA:258,0
DA:259,0
DA:260,0
DA:261,0
DA:262,0
DA:263,0
DA:264,0
DA:265,0
DA:266,0
DA:267,0
DA:268,0
DA:269,0
DA:300,0
DA:313,0
DA:326,0
DA:339,0
LF:36
LH:0
BRDA:234,0,0,0
BRDA:234,0,1,0
BRDA:250,1,0,0
BRDA:250,1,1,0
BRDA:252,2,0,0
BRDA:252,2,1,0
BRDA:254,3,0,0
BRDA:254,3,1,0
BRDA:256,4,0,0
BRDA:256,4,1,0
BRDA:258,5,0,0
BRDA:258,5,1,0
BRDA:260,6,0,0
BRDA:260,6,1,0
BRDA:262,7,0,0
BRDA:262,7,1,0
BRDA:264,8,0,0
BRDA:264,8,1,0
BRDA:266,9,0,0
BRDA:266,9,1,0
BRDA:268,10,0,0
BRDA:268,10,1,0
BRDA:282,11,0,0
BRDA:282,11,1,0
BRF:24
BRH:0
end_of_record
TN:
SF:app\(master)\verification.tsx
FN:28,MasterVerificationPage
FN:60,(anonymous_1)
FN:61,(anonymous_2)
FN:75,(anonymous_3)
FN:84,(anonymous_4)
FN:93,(anonymous_5)
FN:116,(anonymous_6)
FN:138,(anonymous_7)
FN:140,(anonymous_8)
FN:160,(anonymous_9)
FN:175,(anonymous_10)
FN:181,(anonymous_11)
FN:182,(anonymous_12)
FN:187,(anonymous_13)
FN:188,(anonymous_14)
FN:189,(anonymous_15)
FN:208,(anonymous_16)
FN:217,(anonymous_17)
FN:239,(anonymous_18)
FN:266,(anonymous_19)
FN:346,(anonymous_20)
FN:403,(anonymous_21)
FN:417,(anonymous_22)
FN:468,(anonymous_23)
FNF:24
FNH:0
FNDA:0,MasterVerificationPage
FNDA:0,(anonymous_1)
FNDA:0,(anonymous_2)
FNDA:0,(anonymous_3)
FNDA:0,(anonymous_4)
FNDA:0,(anonymous_5)
FNDA:0,(anonymous_6)
FNDA:0,(anonymous_7)
FNDA:0,(anonymous_8)
FNDA:0,(anonymous_9)
[...]
BRDA:202,2,1,0
BRDA:202,3,0,0
BRDA:202,3,1,0
BRDA:202,3,2,0
BRF:10
BRH:0
end_of_record
TN:
SF:services\profileApi.ts
FN:170,(anonymous_0)
FN:173,(anonymous_1)
FN:178,(anonymous_2)
FN:183,(anonymous_3)
FN:202,(anonymous_4)
FN:211,(anonymous_5)
FN:216,(anonymous_6)
FN:221,(anonymous_7)
FN:231,(anonymous_8)
FN:236,(anonymous_9)
FN:241,(anonymous_10)
FN:250,(anonymous_11)
FN:259,(anonymous_12)
FN:267,(anonymous_13)
FN:277,(anonymous_14)
FNF:15
FNH:0
FNDA:0,(anonymous_0)
FNDA:0,(anonymous_1)
FNDA:0,(anonymous_2)
FNDA:0,(anonymous_3)
FNDA:0,(anonymous_4)
FNDA:0,(anonymous_5)
FNDA:0,(anonymous_6)
FNDA:0,(anonymous_7)
FNDA:0,(anonymous_8)
FNDA:0,(anonymous_9)
FNDA:0,(anonymous_10)
FNDA:0,(anonymous_11)
FNDA:0,(anonymous_12)
FNDA:0,(anonymous_13)
FNDA:0,(anonymous_14)
DA:169,0
DA:170,0
DA:173,0
DA:178,0
DA:183,0
DA:202,0
DA:211,0
DA:216,0
DA:221,0
DA:231,0
DA:236,0
DA:241,0
DA:250,0
DA:259,0
DA:267,0
DA:277,0
DA:301,0
LF:17
LH:0
BRF:0
BRH:0
end_of_record
TN:
SF:services\projectApi.ts
FN:115,(anonymous_0)
FN:118,(anonymous_1)
FN:122,(anonymous_2)
FN:133,(anonymous_3)
FN:139,(anonymous_4)
FN:149,(anonymous_5)
FN:159,(anonymous_6)
FN:169,(anonymous_7)
FN:174,(anonymous_8)
FN:184,(anonymous_9)
FN:193,(anonymous_10)
FN:198,(anonymous_11)
FN:207,(anonymous_12)
FN:216,(anonymous_13)
FN:225,(anonymous_14)
FNF:15
FNH:0
FNDA:0,(anonymous_0)
FNDA:0,(anonymous_1)
FNDA:0,(anonymous_2)
FNDA:0,(anonymous_3)
FNDA:0,(anonymous_4)
FNDA:0,(anonymous_5)
FNDA:0,(anonymous_6)
FNDA:0,(anonymous_7)
FNDA:0,(anonymous_8)
FNDA:0,(anonymous_9)
FNDA:0,(anonymous_10)
FNDA:0,(anonymous_11)
FNDA:0,(anonymous_12)
FNDA:0,(anonymous_13)
FNDA:0,(anonymous_14)
DA:114,0
DA:115,0
DA:118,0
DA:123,0
DA:124,0
DA:126,0
DA:133,0
DA:139,0
DA:149,0
DA:159,0
DA:169,0
DA:174,0
DA:184,0
DA:193,0
DA:198,0
DA:207,0
DA:216,0
DA:225,0
DA:245,0
LF:19
LH:0
BRDA:123,0,0,0
BRDA:123,0,1,0
BRDA:123,1,0,0
BRDA:123,1,1,0
BRDA:123,1,2,0
BRF:5
BRH:0
end_of_record
TN:
SF:services\pushNotifications.ts
FN:13,(anonymous_0)
FN:35,(anonymous_1)
FN:90,(anonymous_2)
FN:96,(anonymous_3)
FN:104,(anonymous_4)
FN:114,(anonymous_5)
FN:129,(anonymous_6)
FN:149,(anonymous_7)
FN:156,(anonymous_8)
FN:163,(anonymous_9)
FN:170,(anonymous_10)
FN:177,(anonymous_11)
FN:184,(anonymous_12)
FN:191,(anonymous_13)
FN:199,(anonymous_14)
FNF:15
FNH:0
FNDA:0,(anonymous_0)
FNDA:0,(anonymous_1)
FNDA:0,(anonymous_2)
FNDA:0,(anonymous_3)
FNDA:0,(anonymous_4)
FNDA:0,(anonymous_5)
FNDA:0,(anonymous_6)
FNDA:0,(anonymous_7)
FNDA:0,(anonymous_8)
FNDA:0,(anonymous_9)
FNDA:0,(anonymous_10)
FNDA:0,(anonymous_11)
FNDA:0,(anonymous_12)
FNDA:0,(anonymous_13)
FNDA:0,(anonymous_14)
DA:12,0
DA:13,0
DA:27,0
DA:28,0
DA:29,0
DA:36,0
DA:37,0
DA:38,0
DA:41,0
DA:43,0
DA:44,0
DA:46,0
DA:47,0
DA:48,0
DA:51,0
DA:52,0
DA:53,0
DA:57,0
DA:59,0
DA:60,0
DA:61,0
DA:64,0
DA:68,0
DA:71,0
DA:72,0
DA:80,0
DA:82,0
DA:83,0
DA:95,0
DA:97,0
DA:98,0
DA:103,0
DA:105,0
DA:106,0
DA:115,0
DA:116,0
DA:117,0
DA:120,0
DA:121,0
DA:122,0
DA:135,0
DA:150,0
DA:157,0
DA:164,0
DA:171,0
DA:178,0
DA:185,0
DA:192,0
DA:193,0
DA:200,0
DA:205,0
LF:51
LH:0
BRDA:36,0,0,0
BRDA:36,0,1,0
BRDA:46,1,0,0
BRDA:46,1,1,0
BRDA:51,2,0,0
BRDA:51,2,1,0
BRDA:59,3,0,0
BRDA:59,3,1,0
BRDA:71,4,0,0
BRDA:71,4,1,0
BRDA:115,5,0,0
BRDA:115,5,1,0
BRDA:120,6,0,0
BRDA:120,6,1,0
BRDA:142,7,0,0
BRDA:142,7,1,0
BRF:16
BRH:0
end_of_record
TN:
SF:services\reviewApi.ts
FN:75,(anonymous_0)
FN:85,(anonymous_1)
FN:101,(anonymous_2)
FN:110,(anonymous_3)
FN:116,(anonymous_4)
FN:126,(anonymous_5)
FN:136,(anonymous_6)
FN:145,(anonymous_7)
FN:155,(anonymous_8)
FN:165,(anonymous_9)
FN:174,(anonymous_10)
FN:183,(anonymous_11)
FN:192,(anonymous_12)
FN:198,(anonymous_13)
FN:204,(anonymous_14)
FNF:15
FNH:1
FNDA:1,(anonymous_0)
FNDA:0,(anonymous_1)
FNDA:0,(anonymous_2)
FNDA:0,(anonymous_3)
FNDA:0,(anonymous_4)
FNDA:0,(anonymous_5)
FNDA:0,(anonymous_6)
FNDA:0,(anonymous_7)
FNDA:0,(anonymous_8)
FNDA:0,(anonymous_9)
FNDA:0,(anonymous_10)
FNDA:0,(anonymous_11)
FNDA:0,(anonymous_12)
FNDA:0,(anonymous_13)
FNDA:0,(anonymous_14)
DA:74,1
DA:75,1
DA:85,0
DA:101,0
DA:110,0
DA:116,0
DA:126,0
DA:136,0
DA:145,0
DA:155,0
DA:165,0
DA:174,0
DA:183,0
DA:192,0
DA:198,0
DA:204,0
DA:228,1
LF:17
LH:3
BRF:0
BRH:0
end_of_record
TN:
SF:services\secureStorage.ts
FN:22,(anonymous_0)
FN:34,(anonymous_1)
FN:43,(anonymous_2)
FN:52,(anonymous_3)
FN:61,(anonymous_4)
FN:74,(anonymous_5)
FN:87,(anonymous_6)
FN:97,(anonymous_7)
FN:106,(anonymous_8)
FN:116,(anonymous_9)
FN:130,(anonymous_10)
FN:142,(anonymous_11)
FN:154,(anonymous_12)
FN:163,(anonymous_13)
FN:172,(anonymous_14)
FN:186,(anonymous_15)
FN:192,(anonymous_16)
FN:195,(anonymous_17)
FN:208,(anonymous_18)
FNF:19
FNH:0
FNDA:0,(anonymous_0)
FNDA:0,(anonymous_1)
FNDA:0,(anonymous_2)
FNDA:0,(anonymous_3)
FNDA:0,(anonymous_4)
FNDA:0,(anonymous_5)
FNDA:0,(anonymous_6)
FNDA:0,(anonymous_7)
FNDA:0,(anonymous_8)
FNDA:0,(anonymous_9)
FNDA:0,(anonymous_10)
FNDA:0,(anonymous_11)
FNDA:0,(anonymous_12)
FNDA:0,(anonymous_13)
FNDA:0,(anonymous_14)
FNDA:0,(anonymous_15)
FNDA:0,(anonymous_16)
FNDA:0,(anonymous_17)
FNDA:0,(anonymous_18)
DA:5,0
DA:14,0
DA:23,0
DA:24,0
DA:29,0
DA:30,0
DA:35,0
DA:36,0
DA:38,0
DA:39,0
DA:44,0
DA:45,0
DA:47,0
DA:48,0
DA:53,0
DA:54,0
DA:56,0
DA:57,0
DA:62,0
DA:63,0
DA:68,0
DA:75,0
DA:76,0
DA:82,0
DA:83,0
DA:88,0
DA:89,0
DA:90,0
DA:92,0
DA:93,0
DA:98,0
DA:99,0
DA:101,0
DA:107,0
DA:108,0
DA:109,0
DA:111,0
DA:112,0
DA:117,0
DA:118,0
DA:124,0
DA:125,0
DA:131,0
DA:132,0
DA:137,0
DA:138,0
DA:143,0
DA:144,0
DA:149,0
DA:150,0
DA:155,0
DA:156,0
DA:158,0
DA:164,0
DA:165,0
DA:167,0
DA:168,0
DA:173,0
DA:174,0
DA:181,0
DA:188,0
DA:189,0
DA:190,0
DA:191,0
DA:192,0
DA:196,0
DA:197,0
DA:198,0
DA:200,0
DA:201,0
DA:203,0
DA:204,0
DA:209,0
DA:210,0
DA:211,0
DA:213,0
DA:214,0
DA:219,0
LF:78
LH:0
BRDA:90,0,0,0
BRDA:90,0,1,0
BRDA:198,1,0,0
BRDA:198,1,1,0
BRF:4
BRH:0
end_of_record
TN:
SF:services\servicesApi.ts
FN:54,(anonymous_0)
FN:57,(anonymous_1)
FN:62,(anonymous_2)
FN:67,(anonymous_3)
FN:76,(anonymous_4)
FN:85,(anonymous_5)
FN:93,(anonymous_6)
FN:101,(anonymous_7)
FN:111,(anonymous_8)
FN:116,(anonymous_9)
FN:131,(anonymous_10)
FNF:11
FNH:0
FNDA:0,(anonymous_0)
FNDA:0,(anonymous_1)
FNDA:0,(anonymous_2)
FNDA:0,(anonymous_3)
FNDA:0,(anonymous_4)
FNDA:0,(anonymous_5)
FNDA:0,(anonymous_6)
FNDA:0,(anonymous_7)
FNDA:0,(anonymous_8)
FNDA:0,(anonymous_9)
FNDA:0,(anonymous_10)
DA:53,0
DA:54,0
DA:57,0
DA:62,0
DA:67,0
DA:76,0
DA:85,0
DA:93,0
DA:101,0
DA:111,0
DA:116,0
DA:131,0
DA:151,0
LF:13
LH:0
BRF:0
BRH:0
end_of_record
TN:
SF:services\verificationApi.ts
FN:69,(anonymous_0)
FN:72,(anonymous_1)
FN:78,(anonymous_2)
FN:83,(anonymous_3)
FN:88,(anonymous_4)
FN:98,(anonymous_5)
FN:108,(anonymous_6)
FN:117,(anonymous_7)
FN:126,(anonymous_8)
FN:131,(anonymous_9)
FN:142,(anonymous_10)
FNF:11
FNH:0
FNDA:0,(anonymous_0)
FNDA:0,(anonymous_1)
FNDA:0,(anonymous_2)
FNDA:0,(anonymous_3)
FNDA:0,(anonymous_4)
FNDA:0,(anonymous_5)
FNDA:0,(anonymous_6)
FNDA:0,(anonymous_7)
FNDA:0,(anonymous_8)
FNDA:0,(anonymous_9)
FNDA:0,(anonymous_10)
DA:68,0
DA:69,0
DA:72,0
DA:78,0
DA:83,0
DA:88,0
DA:98,0
DA:108,0
DA:117,0
DA:126,0
DA:131,0
DA:142,0
DA:163,0
LF:13
LH:0
BRDA:101,0,0,0
BRDA:101,0,1,0
BRF:2
BRH:0
end_of_record
TN:
SF:services\walletApi.ts
FN:92,(anonymous_0)
FN:95,(anonymous_1)
FN:108,(anonymous_2)
FN:116,(anonymous_3)
FN:126,(anonymous_4)
FN:136,(anonymous_5)
FN:146,(anonymous_6)
FN:156,(anonymous_7)
FN:161,(anonymous_8)
FN:170,(anonymous_9)
FN:179,(anonymous_10)
FN:187,(anonymous_11)
FN:195,(anonymous_12)
FN:212,(anonymous_13)
FN:221,(anonymous_14)
FNF:15
FNH:1
FNDA:1,(anonymous_0)
FNDA:0,(anonymous_1)
FNDA:0,(anonymous_2)
FNDA:0,(anonymous_3)
FNDA:0,(anonymous_4)
FNDA:0,(anonymous_5)
FNDA:0,(anonymous_6)
FNDA:0,(anonymous_7)
FNDA:0,(anonymous_8)
FNDA:0,(anonymous_9)
FNDA:0,(anonymous_10)
FNDA:0,(anonymous_11)
FNDA:0,(anonymous_12)
FNDA:0,(anonymous_13)
FNDA:0,(anonymous_14)
DA:91,1
DA:92,1
DA:95,0
DA:108,0
DA:116,0
DA:126,0
DA:136,0
DA:146,0
DA:156,0
DA:161,0
DA:170,0
DA:179,0
DA:187,0
DA:195,0
DA:212,0
DA:221,0
DA:241,1
LF:17
LH:3
BRF:0
BRH:0
end_of_record
TN:
SF:services\websocket.ts
FN:43,(anonymous_0)
FN:69,(anonymous_1)
FN:76,(anonymous_2)
FN:85,(anonymous_3)
FN:95,(anonymous_4)
FN:105,(anonymous_5)
FN:113,(anonymous_6)
FN:119,(anonymous_7)
FN:124,(anonymous_8)
FN:133,(anonymous_9)
FN:134,(anonymous_10)
FN:144,(anonymous_11)
FN:148,(anonymous_12)
FN:153,(anonymous_13)
FN:157,(anonymous_14)
FN:162,(anonymous_15)
FN:176,(anonymous_16)
FN:180,(anonymous_17)
FN:184,(anonymous_18)
FN:192,(anonymous_19)
FN:196,(anonymous_20)
FN:201,(anonymous_21)
FN:206,(anonymous_22)
FNF:23
FNH:0
FNDA:0,(anonymous_0)
FNDA:0,(anonymous_1)
FNDA:0,(anonymous_2)
FNDA:0,(anonymous_3)
FNDA:0,(anonymous_4)
FNDA:0,(anonymous_5)
FNDA:0,(anonymous_6)
FNDA:0,(anonymous_7)
FNDA:0,(anonymous_8)
FNDA:0,(anonymous_9)
FNDA:0,(anonymous_10)
FNDA:0,(anonymous_11)
FNDA:0,(anonymous_12)
FNDA:0,(anonymous_13)
FNDA:0,(anonymous_14)
FNDA:0,(anonymous_15)
FNDA:0,(anonymous_16)
FNDA:0,(anonymous_17)
FNDA:0,(anonymous_18)
FNDA:0,(anonymous_19)
FNDA:0,(anonymous_20)
FNDA:0,(anonymous_21)
FNDA:0,(anonymous_22)
DA:35,1
DA:36,1
DA:37,1
DA:38,1
DA:39,1
DA:40,1
DA:41,1
DA:44,0
DA:45,0
DA:48,0
DA:49,0
DA:50,0
DA:52,0
DA:53,0
DA:54,0
DA:55,0
DA:58,0
DA:60,0
DA:61,0
DA:62,0
DA:63,0
DA:66,0
DA:67,0
DA:69,0
DA:70,0
DA:71,0
DA:72,0
DA:73,0
DA:76,0
DA:77,0
DA:78,0
DA:79,0
DA:81,0
DA:85,0
DA:86,0
DA:87,0
DA:88,0
DA:90,0
DA:91,0
DA:95,0
DA:96,0
DA:97,0
DA:100,0
DA:101,0
DA:106,0
DA:107,0
DA:108,0
DA:110,0
DA:114,0
DA:115,0
DA:117,0
DA:119,0
DA:120,0
DA:125,0
DA:126,0
DA:127,0
DA:129,0
DA:134,0
DA:135,0
DA:136,0
DA:138,0
DA:145,0
DA:149,0
DA:154,0
DA:158,0
DA:163,0
DA:164,0
DA:169,0
DA:171,0
DA:177,0
DA:181,0
DA:185,0
DA:193,0
DA:197,0
DA:202,0
DA:207,0
DA:211,1
LF:77
LH:8
BRDA:44,0,0,0
BRDA:44,0,1,0
BRDA:44,1,0,0
BRDA:44,1,1,0
BRDA:52,2,0,0
BRDA:52,2,1,0
BRDA:60,3,0,0
BRDA:60,3,1,0
BRDA:90,4,0,0
BRDA:90,4,1,0
BRDA:90,5,0,0
BRDA:90,5,1,0
BRDA:106,6,0,0
BRDA:106,6,1,0
BRDA:126,7,0,0
BRDA:126,7,1,0
BRDA:163,8,0,0
BRDA:163,8,1,0
BRF:18
BRH:0
end_of_record
TN:
SF:utils\filterHelpers.ts
FN:12,(anonymous_0)
FN:16,(anonymous_1)
FN:17,(anonymous_2)
FN:35,(anonymous_3)
FN:40,(anonymous_4)
FN:51,(anonymous_5)
FN:60,(anonymous_6)
FN:61,(anonymous_7)
FN:69,(anonymous_8)
FN:84,(anonymous_9)
FN:90,(anonymous_10)
FN:95,(anonymous_11)
FN:103,(anonymous_12)
FNF:13
FNH:0
FNDA:0,(anonymous_0)
FNDA:0,(anonymous_1)
FNDA:0,(anonymous_2)
FNDA:0,(anonymous_3)
FNDA:0,(anonymous_4)
FNDA:0,(anonymous_5)
FNDA:0,(anonymous_6)
FNDA:0,(anonymous_7)
FNDA:0,(anonymous_8)
FNDA:0,(anonymous_9)
FNDA:0,(anonymous_10)
FNDA:0,(anonymous_11)
FNDA:0,(anonymous_12)
DA:12,0
DA:16,0
DA:17,0
DA:18,0
DA:19,0
DA:22,0
DA:23,0
DA:26,0
DA:27,0
DA:30,0
DA:35,0
DA:40,0
DA:41,0
DA:42,0
DA:44,0
DA:46,0
DA:47,0
DA:51,0
DA:56,0
DA:58,0
DA:60,0
DA:61,0
DA:62,0
DA:63,0
DA:64,0
DA:69,0
DA:74,0
DA:75,0
DA:76,0
DA:78,0
DA:84,0
DA:87,0
DA:90,0
DA:94,0
DA:95,0
DA:96,0
DA:97,0
DA:101,0
DA:104,0
DA:105,0
LF:40
LH:0
BRDA:18,0,0,0
BRDA:18,0,1,0
BRDA:18,1,0,0
BRDA:18,1,1,0
BRDA:18,1,2,0
BRDA:22,2,0,0
BRDA:22,2,1,0
BRDA:23,3,0,0
BRDA:23,3,1,0
BRDA:26,4,0,0
BRDA:26,4,1,0
BRDA:38,5,0,0
BRDA:44,6,0,0
BRDA:44,6,1,0
BRDA:46,7,0,0
BRDA:46,7,1,0
BRDA:47,8,0,0
BRDA:47,8,1,0
BRDA:56,9,0,0
BRDA:56,9,1,0
BRDA:63,10,0,0
BRDA:63,10,1,0
BRDA:63,11,0,0
BRDA:63,11,1,0
BRDA:85,12,0,0
BRDA:94,13,0,0
BRDA:94,13,1,0
BRF:27
BRH:0
end_of_record
TN:
SF:utils\format.ts
FN:6,formatCurrency
FN:25,formatDate
FN:50,formatPhoneNumber
FN:75,formatRelativeTime
FN:103,truncateText
FN:115,formatFileSize
FNF:6
FNH:3
FNDA:7,formatCurrency
FNDA:5,formatDate
FNDA:7,formatPhoneNumber
FNDA:0,formatRelativeTime
FNDA:0,truncateText
FNDA:0,formatFileSize
DA:7,7
DA:9,7
DA:10,0
DA:13,7
DA:26,5
DA:28,5
DA:29,0
DA:32,5
DA:33,5
DA:34,5
DA:36,5
DA:37,1
DA:38,1
DA:39,1
DA:42,4
DA:51,7
DA:54,6
DA:57,6
DA:58,4
DA:62,2
DA:63,1
DA:67,1
DA:76,0
DA:77,0
DA:78,0
DA:79,0
DA:80,0
DA:81,0
DA:82,0
DA:84,0
DA:85,0
DA:86,0
DA:87,0
DA:88,0
DA:89,0
DA:90,0
DA:91,0
DA:93,0
DA:104,0
DA:105,0
DA:107,0
DA:116,0
DA:118,0
DA:119,0
DA:120,0
DA:122,0
LF:46
LH:20
BRDA:7,0,0,1
BRDA:7,0,1,6
BRDA:9,1,0,0
BRDA:9,1,1,7
BRDA:25,2,0,4
BRDA:26,3,0,4
BRDA:26,3,1,1
BRDA:28,4,0,0
BRDA:28,4,1,5
BRDA:36,5,0,1
BRDA:36,5,1,4
BRDA:51,6,0,1
BRDA:51,6,1,6
BRDA:57,7,0,4
BRDA:57,7,1,2
BRDA:57,8,0,6
BRDA:57,8,1,4
BRDA:62,9,0,1
BRDA:62,9,1,1
BRDA:62,10,0,2
BRDA:62,10,1,1
BRDA:76,11,0,0
BRDA:76,11,1,0
BRDA:84,12,0,0
BRDA:84,12,1,0
BRDA:86,13,0,0
BRDA:86,13,1,0
BRDA:88,14,0,0
BRDA:88,14,1,0
BRDA:90,15,0,0
BRDA:90,15,1,0
BRDA:104,16,0,0
BRDA:104,16,1,0
BRDA:116,17,0,0
BRDA:116,17,1,0
BRF:35
BRH:19
end_of_record
TN:
SF:utils\imageOptimization.ts
FN:11,(anonymous_0)
FN:39,(anonymous_1)
FN:52,(anonymous_2)
FN:73,(anonymous_3)
FN:98,(anonymous_4)
FNF:5
FNH:0
FNDA:0,(anonymous_0)
FNDA:0,(anonymous_1)
FNDA:0,(anonymous_2)
FNDA:0,(anonymous_3)
FNDA:0,(anonymous_4)
DA:11,0
DA:20,0
DA:22,0
DA:23,0
DA:32,0
DA:34,0
DA:35,0
DA:39,0
DA:40,0
DA:41,0
DA:42,0
DA:43,0
DA:45,0
DA:47,0
DA:48,0
DA:52,0
DA:56,0
DA:57,0
DA:66,0
DA:68,0
DA:69,0
DA:73,0
DA:74,0
DA:75,0
DA:76,0
DA:78,0
DA:79,0
DA:80,0
DA:83,0
DA:84,0
DA:86,0
DA:87,0
DA:90,0
DA:91,0
DA:93,0
DA:94,0
DA:98,0
DA:99,0
DA:100,0
DA:101,0
DA:103,0
DA:104,0
DA:107,0
LF:43
LH:0
BRDA:13,0,0,0
BRDA:16,1,0,0
BRDA:17,2,0,0
BRDA:18,3,0,0
BRDA:19,4,0,0
BRDA:28,5,0,0
BRDA:28,5,1,0
BRDA:42,6,0,0
BRDA:42,6,1,0
BRDA:42,7,0,0
BRDA:42,7,1,0
BRDA:54,8,0,0
BRDA:75,9,0,0
BRDA:75,9,1,0
BRDA:79,10,0,0
BRDA:79,10,1,0
BRDA:86,11,0,0
BRDA:86,11,1,0
BRDA:103,12,0,0
BRDA:103,12,1,0
BRF:20
BRH:0
end_of_record
TN:
SF:utils\memoryOptimization.ts
FN:12,(anonymous_0)
FN:17,(anonymous_1)
FN:29,(anonymous_2)
FN:45,(anonymous_3)
FN:49,(anonymous_4)
FN:53,(anonymous_5)
FN:71,cleanupCache
FN:83,getMemoryUsage
FN:92,getOptimizedListConfig
FNF:9
FNH:0
FNDA:0,(anonymous_0)
FNDA:0,(anonymous_1)
FNDA:0,(anonymous_2)
FNDA:0,(anonymous_3)
FNDA:0,(anonymous_4)
FNDA:0,(anonymous_5)
FNDA:0,cleanupCache
FNDA:0,getMemoryUsage
FNDA:0,getOptimizedListConfig
DA:13,0
DA:14,0
DA:18,0
DA:19,0
DA:23,0
DA:24,0
DA:25,0
DA:26,0
DA:31,0
DA:32,0
DA:36,0
DA:39,0
DA:40,0
DA:41,0
DA:46,0
DA:50,0
DA:54,0
DA:61,0
DA:66,0
DA:72,0
DA:73,0
DA:75,0
DA:76,0
DA:86,0
DA:93,0
LF:25
LH:0
BRDA:12,0,0,0
BRDA:18,1,0,0
BRDA:18,1,1,0
BRDA:31,2,0,0
BRDA:31,2,1,0
BRDA:39,3,0,0
BRDA:39,3,1,0
BRDA:75,4,0,0
BRDA:75,4,1,0
BRF:9
BRH:0
end_of_record
TN:
SF:utils\mockData.ts
FN:106,(anonymous_0)
FN:107,(anonymous_1)
FN:111,(anonymous_2)
FN:116,(anonymous_3)
FNF:4
FNH:0
FNDA:0,(anonymous_0)
FNDA:0,(anonymous_1)
FNDA:0,(anonymous_2)
FNDA:0,(anonymous_3)
DA:19,0
DA:103,0
DA:106,0
DA:107,0
DA:111,0
DA:112,0
DA:116,0
DA:117,0
DA:121,0
DA:154,0
LF:10
LH:0
BRF:0
BRH:0
end_of_record
TN:
SF:utils\performance.ts
FN:20,(anonymous_0)
FN:30,(anonymous_1)
FN:53,(anonymous_2)
FN:60,(anonymous_3)
FN:70,debounce
FN:76,executedFunction
FN:77,(anonymous_6)
FN:92,throttle
FN:98,executedFunction
FN:102,(anonymous_9)
FN:112,runAfterInteractions
FN:113,(anonymous_11)
FN:121,measureRender
FN:123,(anonymous_13)
FN:126,(anonymous_14)
FN:135,memoize
FN:140,(anonymous_16)
FN:156,batchUpdates
FN:163,(anonymous_18)
FN:170,isLowEndDevice
FN:178,getOptimizedImageQuality
FN:185,getOptimizedPageSize
FNF:22
FNH:0
FNDA:0,(anonymous_0)
FNDA:0,(anonymous_1)
FNDA:0,(anonymous_2)
FNDA:0,(anonymous_3)
FNDA:0,debounce
FNDA:0,executedFunction
FNDA:0,(anonymous_6)
FNDA:0,throttle
FNDA:0,executedFunction
FNDA:0,(anonymous_9)
FNDA:0,runAfterInteractions
FNDA:0,(anonymous_11)
FNDA:0,measureRender
FNDA:0,(anonymous_13)
FNDA:0,(anonymous_14)
FNDA:0,memoize
FNDA:0,(anonymous_16)
FNDA:0,batchUpdates
FNDA:0,(anonymous_18)
FNDA:0,isLowEndDevice
FNDA:0,getOptimizedImageQuality
FNDA:0,getOptimizedPageSize
DA:15,0
DA:21,0
DA:31,0
DA:32,0
DA:33,0
DA:34,0
DA:37,0
DA:38,0
DA:40,0
DA:41,0
DA:43,0
DA:44,0
DA:47,0
DA:54,0
DA:61,0
DA:65,0
DA:74,0
DA:76,0
DA:77,0
DA:78,0
DA:79,0
DA:82,0
DA:83,0
DA:85,0
DA:96,0
DA:98,0
DA:99,0
DA:100,0
DA:101,0
DA:102,0
DA:103,0
DA:113,0
DA:114,0
DA:122,0
DA:124,0
DA:127,0
DA:138,0
DA:140,0
DA:141,0
DA:143,0
DA:144,0
DA:147,0
DA:148,0
DA:149,0
DA:161,0
DA:162,0
DA:163,0
DA:172,0
DA:179,0
DA:186,0
LF:50
LH:0
BRDA:32,0,0,0
BRDA:32,0,1,0
BRDA:43,1,0,0
BRDA:43,1,1,0
BRDA:82,2,0,0
BRDA:82,2,1,0
BRDA:99,3,0,0
BRDA:99,3,1,0
BRDA:143,4,0,0
BRDA:143,4,1,0
BRDA:179,5,0,0
BRDA:179,5,1,0
BRDA:186,6,0,0
BRDA:186,6,1,0
BRF:14
BRH:0
end_of_record
TN:
SF:utils\security.ts
FN:10,secureStore
FN:22,secureRetrieve
FN:34,secureDelete
FN:45,sanitizeInput
FN:57,isValidEmail
FN:65,isValidPhone
FN:73,checkPasswordStrength
FN:116,maskSensitiveData
FN:128,isValidFileType
FN:139,isValidFileSize
FN:147,generateSecureRandom
FN:161,isSafeURL
FN:178,(anonymous_12)
FN:183,(anonymous_13)
FN:188,(anonymous_14)
FN:199,(anonymous_15)
FN:211,(anonymous_16)
FN:233,(anonymous_17)
FN:251,(anonymous_18)
FN:263,(anonymous_19)
FN:267,(anonymous_20)
FNF:21
FNH:0
FNDA:0,secureStore
FNDA:0,secureRetrieve
FNDA:0,secureDelete
FNDA:0,sanitizeInput
FNDA:0,isValidEmail
FNDA:0,isValidPhone
FNDA:0,checkPasswordStrength
FNDA:0,maskSensitiveData
FNDA:0,isValidFileType
FNDA:0,isValidFileSize
FNDA:0,generateSecureRandom
FNDA:0,isSafeURL
FNDA:0,(anonymous_12)
FNDA:0,(anonymous_13)
FNDA:0,(anonymous_14)
FNDA:0,(anonymous_15)
FNDA:0,(anonymous_16)
FNDA:0,(anonymous_17)
FNDA:0,(anonymous_18)
FNDA:0,(anonymous_19)
FNDA:0,(anonymous_20)
DA:11,0
DA:12,0
DA:14,0
DA:15,0
DA:23,0
DA:24,0
DA:26,0
DA:27,0
DA:35,0
DA:36,0
DA:38,0
DA:46,0
DA:58,0
DA:59,0
DA:66,0
DA:67,0
DA:77,0
DA:78,0
DA:80,0
DA:81,0
DA:83,0
DA:86,0
DA:87,0
DA:89,0
DA:92,0
DA:93,0
DA:95,0
DA:98,0
DA:99,0
DA:101,0
DA:104,0
DA:105,0
DA:107,0
DA:110,0
DA:117,0
DA:118,0
DA:121,0
DA:122,0
DA:132,0
DA:133,0
DA:140,0
DA:141,0
DA:148,0
DA:149,0
DA:151,0
DA:152,0
DA:155,0
DA:162,0
DA:163,0
DA:164,0
DA:166,0
DA:174,0
DA:179,0
DA:180,0
DA:184,0
DA:185,0
DA:188,0
DA:190,0
DA:191,0
DA:194,0
DA:195,0
DA:196,0
DA:200,0
DA:207,0
DA:213,0
DA:214,0
DA:218,0
DA:219,0
DA:223,0
DA:224,0
DA:227,0
DA:234,0
DA:249,0
DA:252,0
DA:258,0
DA:259,0
DA:264,0
DA:268,0
DA:272,0
LF:79
LH:0
BRDA:80,0,0,0
BRDA:80,0,1,0
BRDA:86,1,0,0
BRDA:86,1,1,0
BRDA:92,2,0,0
BRDA:92,2,1,0
BRDA:98,3,0,0
BRDA:98,3,1,0
BRDA:104,4,0,0
BRDA:104,4,1,0
BRDA:116,5,0,0
BRDA:117,6,0,0
BRDA:117,6,1,0
BRDA:133,7,0,0
BRDA:133,7,1,0
BRDA:139,8,0,0
BRDA:147,9,0,0
BRDA:164,10,0,0
BRDA:164,10,1,0
BRDA:178,11,0,0
BRDA:178,12,0,0
BRDA:185,13,0,0
BRDA:185,13,1,0
BRDA:190,14,0,0
BRDA:190,14,1,0
BRDA:213,15,0,0
BRDA:213,15,1,0
BRDA:218,16,0,0
BRDA:218,16,1,0
BRDA:223,17,0,0
BRDA:223,17,1,0
BRDA:251,18,0,0
BRDA:258,19,0,0
BRDA:258,19,1,0
BRF:34
BRH:0
end_of_record
TN:
SF:utils\validation.ts
FN:147,(anonymous_0)
FN:156,(anonymous_1)
FN:170,(anonymous_2)
FN:186,(anonymous_3)
FN:218,(anonymous_4)
FN:226,(anonymous_5)
FN:231,(anonymous_6)
FN:236,(anonymous_7)
FN:244,(anonymous_8)
FN:253,(anonymous_9)
FN:254,(anonymous_10)
FN:263,(anonymous_11)
FN:272,(anonymous_12)
FN:283,(anonymous_13)
FN:293,(anonymous_14)
FNF:15
FNH:0
FNDA:0,(anonymous_0)
FNDA:0,(anonymous_1)
FNDA:0,(anonymous_2)
FNDA:0,(anonymous_3)
FNDA:0,(anonymous_4)
FNDA:0,(anonymous_5)
FNDA:0,(anonymous_6)
FNDA:0,(anonymous_7)
FNDA:0,(anonymous_8)
FNDA:0,(anonymous_9)
FNDA:0,(anonymous_10)
FNDA:0,(anonymous_11)
FNDA:0,(anonymous_12)
FNDA:0,(anonymous_13)
FNDA:0,(anonymous_14)
DA:4,0
DA:85,0
DA:147,0
DA:156,0
DA:170,0
DA:174,0
DA:175,0
DA:176,0
DA:182,0
DA:183,0
DA:184,0
DA:186,0
DA:187,0
DA:188,0
DA:190,0
DA:191,0
DA:192,0
DA:194,0
DA:197,0
DA:200,0
DA:207,0
DA:216,0
DA:219,0
DA:227,0
DA:232,0
DA:237,0
DA:245,0
DA:253,0
DA:254,0
DA:255,0
DA:257,0
DA:258,0
DA:262,0
DA:263,0
DA:264,0
DA:267,0
DA:272,0
DA:277,0
DA:279,0
DA:280,0
DA:282,0
DA:283,0
DA:284,0
DA:286,0
DA:288,0
DA:293,0
DA:298,0
DA:301,0
DA:302,0
DA:306,0
DA:307,0
DA:308,0
DA:309,0
DA:313,0
DA:314,0
DA:319,0
DA:320,0
DA:323,0
LF:58
LH:0
BRDA:182,0,0,0
BRDA:182,0,1,0
BRDA:190,1,0,0
BRDA:190,1,1,0
BRDA:191,2,0,0
BRDA:191,2,1,0
BRDA:257,3,0,0
BRDA:257,3,1,0
BRDA:282,4,0,0
BRDA:282,4,1,0
BRDA:286,5,0,0
BRDA:286,5,1,0
BRDA:301,6,0,0
BRDA:301,6,1,0
BRDA:306,7,0,0
BRDA:306,7,1,0
BRDA:308,8,0,0
BRDA:308,8,1,0
BRDA:313,9,0,0
BRDA:313,9,1,0
BRDA:319,10,0,0
BRDA:319,10,1,0
BRF:22
BRH:0
end_of_record
